[10:28:33.110][MARK] Yunzai-Bot 启动中...
[10:28:33.114][MARK] 连接redis....
[10:28:33.136][MARK] 连接redis成功
[10:28:33.794][MARK] 请使用登录当前QQ的手机[32m扫码[39m完成登录，如果显示二维码过期，可以按[32m回车键（Enter）[39m刷新，重新输入密码请执行命令：[32mnpm run login[39m
[10:28:57.554][MARK] ----^_^----
[10:28:57.557][MARK] [32mYunzai-Bot 上线成功 版本v3.0.0[39m
[10:28:57.560][MARK] [32mhttps://github.com/Le-niao/Yunzai-Bot[39m
[10:29:40.061][MARK] [闲心插件帮助][help][三次元的🐮和🐴之家o(退群的紫砂了的平平无奇的纯爱战神)] #闲心帮助
[10:29:40.413][MARK] puppeteer Chromium 启动中。。
[10:29:41.609][MARK] puppeteer Chromium 启动成功
[10:29:43.344][MARK] [图片生成][help][1次] 521.82kb [32m1721ms[39m
[10:29:44.308][MARK] [闲心插件帮助][help] #闲心帮助 处理完成 4219ms
[10:29:57.296][MARK] [B站功能][searchup][三次元的🐮和🐴之家o(退群的紫砂了的平平无奇的纯爱战神)] #搜索up 柯洁
[10:29:57.508][MARK] [B站功能][searchup] #搜索up 柯洁 处理完成 208ms
[10:30:13.711][MARK] [B站功能][addPush][三次元的🐮和🐴之家o(退群的紫砂了的平平无奇的纯爱战神)] #订阅up推送 525952604
[10:30:13.835][MARK] [B站功能][addPush] #订阅up推送 525952604 处理完成 120ms
[10:30:35.222][MARK] [B站功能][addPush][三次元的🐮和🐴之家o(退群的紫砂了的平平无奇的纯爱战神)] #订阅up推送 525952604
[10:30:35.373][MARK] [B站功能][addPush] #订阅up推送 525952604 处理完成 150ms
[10:31:08.777][MARK] [B站功能][searchup][三次元的🐮和🐴之家o(退群的紫砂了的平平无奇的纯爱战神)] #搜索up 原神
[10:31:09.153][MARK] [B站功能][searchup] #搜索up 原神 处理完成 372ms
[10:31:23.032][MARK] [B站功能][addPush][三次元的🐮和🐴之家o(退群的紫砂了的平平无奇的纯爱战神)] #订阅up推送 401742377
[10:31:23.180][MARK] [B站功能][addPush] #订阅up推送 401742377 处理完成 146ms
[10:31:33.071][MARK] [B站功能][addPush][三次元的🐮和🐴之家o(退群的紫砂了的平平无奇的纯爱战神)] #订阅up推送 401742377
[10:31:33.209][MARK] [B站功能][addPush] #订阅up推送 401742377 处理完成 133ms
[10:31:55.165][MARK] [B站功能][addPush][三次元的🐮和🐴之家o(退群的紫砂了的平平无奇的纯爱战神)] #订阅up推送 401742377
[10:31:55.266][MARK] [B站功能][addPush] #订阅up推送 401742377 处理完成 96ms
[10:32:09.131][MARK] [B站功能][searchup][三次元的🐮和🐴之家o(退群的紫砂了的平平无奇的纯爱战神)] #搜索up Mr-Goddess
[10:32:09.261][MARK] [B站功能][searchup] #搜索up Mr-Goddess 处理完成 123ms
[10:32:20.878][MARK] [B站功能][addPush][三次元的🐮和🐴之家o(退群的紫砂了的平平无奇的纯爱战神)] #订阅up推送 286274103
[10:32:20.954][MARK] [B站功能][addPush] #订阅up推送 286274103 处理完成 72ms
[10:32:49.774][MARK] [B站功能][newPushTask][三次元的🐮和🐴之家o(退群的紫砂了的平平无奇的纯爱战神)] #手动推送up
[10:32:53.213][MARK] [B站功能][newPushTask] #手动推送up 处理完成 3432ms
[10:33:19.549][MARK] [B站功能][listPush][三次元的🐮和🐴之家o(退群的紫砂了的平平无奇的纯爱战神)] #推送up列表
[10:33:19.552][MARK] [B站功能][listPush] #推送up列表 处理完成 2ms
[10:33:51.215][MARK] [B站功能][addPush][三次元的🐮和🐴之家o(退群的紫砂了的平平无奇的纯爱战神)] #订阅up推送 286274103
[10:33:51.343][MARK] [B站功能][addPush] #订阅up推送 286274103 处理完成 126ms
[10:34:20.559][MARK] [B站功能][addPush][三次元的🐮和🐴之家o(退群的紫砂了的平平无奇的纯爱战神)] #订阅up推送 直播 转发 图文 文章 视频 401742377
[10:34:20.720][MARK] [B站功能][addPush] #订阅up推送 直播 转发 图文 文章 视频 401742377 处理完成 157ms
[10:34:46.623][MARK] [更新][update][三次元的🐮和🐴之家o(退群的紫砂了的平平无奇的纯爱战神)] #更新
[10:34:47.290][MARK] [更新][update] 开始更新：Yunzai-Bot
[10:35:01.408][MARK] [体力查询][note][| ू•ૅω•́)ᵎᵎᵎ(小鸟游六花)] 体力
[10:35:01.417][MARK] [米游社查询][uid：107192135][32m[使用已绑定ck：179571376][39m
[10:35:01.761][MARK] [米游社接口][dailyNote][107192135] 341ms
[10:35:01.863][MARK] [图片生成][dailyNote][2次] 42.15kb [32m96ms[39m
[10:35:03.031][MARK] [体力查询][note] 体力 处理完成 1619ms
[10:35:10.208][MARK] [更新][update] 更新失败：Yunzai-Bot
[10:35:10.210][MARK] [更新][update] #更新 处理完成 23007ms
[10:35:28.863][MARK] [B站功能][searchup][| ू•ૅω•́)ᵎᵎᵎ(小鸟游六花)] #搜索up 原神
[10:35:29.426][MARK] [B站功能][searchup] #搜索up 原神 处理完成 558ms
[10:35:42.608][MARK] [B站功能][addPush][| ू•ૅω•́)ᵎᵎᵎ(小鸟游六花)] #订阅up推送 401742377
[10:35:42.814][MARK] [B站功能][addPush] #订阅up推送 401742377 处理完成 203ms
[10:35:54.079][MARK] [米游社功能][searchCos][| ू•ૅω•́)ᵎᵎᵎ(小鸟游六花)] #cos 刻晴
[10:35:58.537][MARK] [米游社功能][searchCos] #cos 刻晴 处理完成 4454ms
[10:36:22.500][MARK] [神秘指令][woc][| ू•ૅω•́)ᵎᵎᵎ(小鸟游六花)] woc
[10:36:28.362][MARK] [神秘指令][woc] woc 处理完成 5861ms
[10:37:02.771][MARK] [更新][update][三次元的🐮和🐴之家o(小ju)] #更新
[10:37:03.108][MARK] [米游社查询][uid：107192135][32m[使用已绑定ck：179571376][39m
[10:37:04.566][MARK] [米游社接口][character][107192135] 1454ms
[10:37:05.270][MARK] [米游社接口][detail][107192135] 470ms
[10:37:05.384][MARK] [米游社接口][detail][107192135] 586ms
[10:37:05.392][MARK] [米游社接口][detail][107192135] 591ms
[10:37:05.396][MARK] [米游社接口][detail][107192135] 595ms
[10:37:05.399][MARK] [米游社接口][detail][107192135] 603ms
[10:37:05.406][MARK] [米游社接口][detail][107192135] 612ms
[10:37:05.412][MARK] [米游社接口][detail][107192135] 615ms
[10:37:05.415][MARK] [米游社接口][detail][107192135] 615ms
[10:37:05.423][MARK] [米游社接口][detail][107192135] 628ms
[10:37:05.426][MARK] [米游社接口][detail][107192135] 627ms
[10:37:05.742][MARK] [米游社接口][detail][107192135] 196ms
[10:37:05.748][MARK] [米游社接口][detail][107192135] 200ms
[10:37:05.750][MARK] [米游社接口][detail][107192135] 203ms
[10:37:05.751][MARK] [米游社接口][detail][107192135] 205ms
[10:37:05.757][MARK] [米游社接口][detail][107192135] 208ms
[10:37:05.764][MARK] [米游社接口][detail][107192135] 219ms
[10:37:05.765][MARK] [米游社接口][detail][107192135] 217ms
[10:37:05.770][MARK] [米游社接口][detail][107192135] 221ms
[10:37:05.772][MARK] [米游社接口][detail][107192135] 228ms
[10:37:05.784][MARK] [米游社接口][detail][107192135] 237ms
[10:37:06.088][MARK] [米游社接口][detail][107192135] 191ms
[10:37:06.097][MARK] [米游社接口][detail][107192135] 195ms
[10:37:06.098][MARK] [米游社接口][detail][107192135] 200ms
[10:37:06.101][MARK] [米游社接口][detail][107192135] 203ms
[10:37:06.104][MARK] [米游社接口][detail][107192135] 204ms
[10:37:06.116][MARK] [米游社接口][detail][107192135] 217ms
[10:37:06.139][MARK] [米游社接口][detail][107192135] 238ms
[10:37:06.141][MARK] [米游社接口][detail][107192135] 239ms
[10:37:06.142][MARK] [米游社接口][detail][107192135] 242ms
[10:37:06.143][MARK] [米游社接口][detail][107192135] 244ms
[10:37:06.457][MARK] [米游社接口][detail][107192135] 198ms
[10:37:06.459][MARK] [米游社接口][detail][107192135] 201ms
[10:37:06.460][MARK] [米游社接口][detail][107192135] 205ms
[10:37:06.464][MARK] [米游社接口][detail][107192135] 205ms
[10:37:06.465][MARK] [米游社接口][detail][107192135] 210ms
[10:37:06.473][MARK] [米游社接口][detail][107192135] 217ms
[10:37:06.474][MARK] [米游社接口][detail][107192135] 217ms
[10:37:06.476][MARK] [米游社接口][detail][107192135] 219ms
[10:37:06.492][MARK] [米游社接口][detail][107192135] 238ms
[10:37:06.522][MARK] [米游社接口][detail][107192135] 266ms
[10:37:06.836][MARK] [米游社接口][detail][107192135] 202ms
[10:37:06.840][MARK] [米游社接口][detail][107192135] 207ms
[10:37:06.842][MARK] [米游社接口][detail][107192135] 211ms
[10:37:06.844][MARK] [米游社接口][detail][107192135] 208ms
[10:37:06.845][MARK] [米游社接口][detail][107192135] 215ms
[10:37:06.846][MARK] [米游社接口][detail][107192135] 214ms
[10:37:06.855][MARK] [米游社接口][detail][107192135] 221ms
[10:37:06.859][MARK] [米游社接口][detail][107192135] 226ms
[10:37:06.865][MARK] [米游社接口][detail][107192135] 230ms
[10:37:07.015][MARK] puppeteer Chromium 启动中。。
[10:37:08.647][MARK] puppeteer Chromium 启动成功
[10:37:09.940][MARK] [图片生成][miao-plugin/character/profile-stat][1次] 1021.33kb [32m1277ms[39m
[10:37:12.606][MARK] [miao-plugin][dispatch] #面板练度统计 处理完成 9501ms
[10:37:17.204][MARK] [B站功能][searchup][三次元的🐮和🐴之家o(小ju)] #搜索up Mr-Goddess
[10:37:48.401][MARK] [B站功能][searchup][三次元的🐮和🐴之家o(退群的紫砂了的平平无奇的纯爱战神)] #搜索up Mr-Goddess
[10:37:48.527][MARK] [B站功能][searchup] #搜索up Mr-Goddess 处理完成 123ms
[10:38:05.360][MARK] [米游社功能][searchCos][三次元的🐮和🐴之家o(退群的紫砂了的平平无奇的纯爱战神)] #cos 心海
[10:38:07.664][MARK] [米游社功能][searchCos] #cos 心海 处理完成 2300ms
[10:38:16.342][MARK] [闲心插件帮助][help][三次元的🐮和🐴之家o(退群的紫砂了的平平无奇的纯爱战神)] #闲心帮助
[10:38:17.308][MARK] [闲心插件帮助][help] #闲心帮助 处理完成 965ms
[10:38:45.640][MARK] [神秘指令][wocurl][三次元的🐮和🐴之家o(退群的紫砂了的平平无奇的纯爱战神)] #神秘换源
[10:38:45.649][MARK] [神秘指令][wocurl] #神秘换源 处理完成 0ms
[10:38:45.650][MARK] [修改配置文件][config][tools][set]
[10:39:36.217][MARK] [米游社功能][cos][三次元的🐮和🐴之家o(退群的紫砂了的平平无奇的纯爱战神)] #cos1
[10:39:50.607][MARK] [miao-plugin][dispatch] #面板练度统计 处理完成 1ms
[10:39:53.930][MARK] [米游社功能][cos] #cos1 处理完成 17711ms
[10:40:18.392][MARK] [米游社功能][searchCos][| ू•ૅω•́)ᵎᵎᵎ(史密斯•沃德•杰克曼•杰森)] #cos 刻晴
[10:40:21.042][MARK] [米游社功能][searchCos] #cos 刻晴 处理完成 2648ms
[10:40:52.421][MARK] [添加表情][add][| ू•ૅω•́)ᵎᵎᵎ(小鸟游六花)] #添加
[10:40:52.733][MARK] [添加表情][add] #添加 处理完成 311ms
[10:40:59.336][MARK] [发送表情][| ू•ૅω•́)ᵎᵎᵎ(小鸟游六花)] {image:508998AD489C3642C702B80C614C71D0}
[10:41:35.894][MARK] [发送表情][| ू•ૅω•́)ᵎᵎᵎ(小鸟游六花)] {image:508998AD489C3642C702B80C614C71D0}
[10:42:26.908][MARK] [给我点颜色看看][startSeecolor][| ू•ૅω•́)ᵎᵎᵎ(小鸟游六花)] #给我点颜色看看
[10:42:26.993][MARK] [图片生成][seecolor][3次] 10.61kb [32m80ms[39m
[10:42:26.994][MARK] [给我点颜色看看][startSeecolor] #给我点颜色看看 处理完成 85ms
[10:42:34.551][MARK] [给我点颜色看看][click][| ू•ૅω•́)ᵎᵎᵎ(小鸟游六花)] 块3
[10:42:34.642][MARK] [图片生成][seecolor][4次] 16.04kb [32m84ms[39m
[10:42:35.255][MARK] [给我点颜色看看][click] 块3 处理完成 700ms
[10:42:42.907][MARK] [给我点颜色看看][click][| ू•ૅω•́)ᵎᵎᵎ(小鸟游六花)] 块1
[10:42:42.993][MARK] [图片生成][seecolor][5次] 19.22kb [32m83ms[39m
[10:42:43.601][MARK] [给我点颜色看看][click] 块1 处理完成 693ms
[10:42:48.433][MARK] [给我点颜色看看][click][| ू•ૅω•́)ᵎᵎᵎ(小鸟游六花)] 块1
[10:42:48.511][MARK] [图片生成][seecolor][6次] 34.44kb [32m74ms[39m
[10:42:49.120][MARK] [给我点颜色看看][click] 块1 处理完成 685ms
[10:42:55.196][MARK] [给我点颜色看看][click][| ू•ૅω•́)ᵎᵎᵎ(小鸟游六花)] 块2
[10:42:55.278][MARK] [图片生成][seecolor][7次] 32.79kb [32m79ms[39m
[10:42:55.880][MARK] [给我点颜色看看][click] 块2 处理完成 682ms
[10:43:02.552][MARK] [给我点颜色看看][click][| ू•ૅω•́)ᵎᵎᵎ(小鸟游六花)] 块5
[10:43:02.643][MARK] [图片生成][seecolor][8次] 43.60kb [32m86ms[39m
[10:43:03.256][MARK] [给我点颜色看看][click] 块5 处理完成 701ms
[10:43:09.983][MARK] [给我点颜色看看][click][| ू•ૅω•́)ᵎᵎᵎ(小鸟游六花)] 块24
[10:43:10.059][MARK] [图片生成][seecolor][9次] 50.45kb [32m72ms[39m
[10:43:10.677][MARK] [给我点颜色看看][click] 块24 处理完成 692ms
[10:43:17.153][MARK] [给我点颜色看看][click][| ू•ૅω•́)ᵎᵎᵎ(小鸟游六花)] 块61
[10:43:17.260][MARK] [图片生成][seecolor][10次] 55.45kb [32m100ms[39m
[10:43:17.862][MARK] [给我点颜色看看][click] 块61 处理完成 704ms
[10:43:26.188][MARK] [给我点颜色看看][click][| ू•ૅω•́)ᵎᵎᵎ(小鸟游六花)] 块54
[10:43:26.276][MARK] [图片生成][seecolor][11次] 71.83kb [32m84ms[39m
[10:43:26.879][MARK] [给我点颜色看看][click] 块54 处理完成 689ms
[10:43:32.464][MARK] [给我点颜色看看][click][| ू•ૅω•́)ᵎᵎᵎ(小鸟游六花)] 块67
[10:43:32.544][MARK] [图片生成][seecolor][12次] 83.68kb [32m77ms[39m
[10:43:33.151][MARK] [给我点颜色看看][click] 块67 处理完成 686ms
[10:44:00.337][MARK] [给我点颜色看看][click][| ू•ૅω•́)ᵎᵎᵎ(小鸟游六花)] 块120
[10:44:00.426][MARK] [图片生成][seecolor][13次] 94.16kb [32m85ms[39m
[10:44:01.040][MARK] [给我点颜色看看][click] 块120 处理完成 701ms
[10:44:20.239][MARK] [给我点颜色看看][click][| ू•ૅω•́)ᵎᵎᵎ(小鸟游六花)] 块61
[10:44:20.327][MARK] [图片生成][seecolor][14次] 106.82kb [32m86ms[39m
[10:44:20.931][MARK] [给我点颜色看看][click] 块61 处理完成 691ms
[10:44:31.933][MARK] [给我点颜色看看][click][| ू•ૅω•́)ᵎᵎᵎ(小鸟游六花)] 块162
[10:44:32.028][MARK] [图片生成][seecolor][15次] 131.24kb [32m92ms[39m
[10:44:32.641][MARK] [给我点颜色看看][click] 块162 处理完成 707ms
[10:44:57.733][MARK] [给我点颜色看看][click][| ू•ૅω•́)ᵎᵎᵎ(小鸟游六花)] 块8
[10:44:57.828][MARK] [图片生成][seecolor][16次] 152.40kb [32m92ms[39m
[10:44:58.443][MARK] [给我点颜色看看][click] 块8 处理完成 709ms
[10:45:39.330][MARK] [给我点颜色看看][click][| ू•ૅω•́)ᵎᵎᵎ(小鸟游六花)] 块16
[10:45:39.446][MARK] [图片生成][seecolor][17次] 157.55kb [32m112ms[39m
[10:45:40.053][MARK] [给我点颜色看看][click] 块16 处理完成 721ms
[10:45:57.168][MARK] [给我点颜色看看][click][| ू•ૅω•́)ᵎᵎᵎ(小鸟游六花)] 块102
[10:45:57.277][MARK] [图片生成][seecolor][18次] 169.66kb [32m105ms[39m
[10:45:57.890][MARK] [给我点颜色看看][click] 块102 处理完成 720ms
[12:03:16.390][MARK] [给我点颜色看看][startSeecolor][| ू•ૅω•́)ᵎᵎᵎ(小鸟游六花)] #给我点颜色看看
[12:03:16.856][MARK] [图片生成][seecolor][19次] 11.24kb [32m455ms[39m
[12:03:16.857][MARK] [给我点颜色看看][startSeecolor] #给我点颜色看看 处理完成 467ms
[12:55:39.264][MARK] [发送表情][三次元的🐮和🐴之家o(🐕二次元唐氏🌹)] 😭
[13:01:56.654][MARK] [发送表情][三次元的🐮和🐴之家o(小ju)] 😀
[13:02:15.061][MARK] [添加表情][add][三次元的🐮和🐴之家o(小ju)] #添加
[13:02:15.361][MARK] [添加表情][add] #添加 处理完成 300ms
[13:02:27.512][MARK] [发送表情][三次元的🐮和🐴之家o(小ju)] 😀
[13:02:28.589][MARK] [发送表情][三次元的🐮和🐴之家o(原批鉴别器)] 😀
[13:02:49.681][MARK] [发送表情][三次元的🐮和🐴之家o(小ju)] {image:E6B6FA93B8F9D16AD3054DBA0C4AD525}
[13:02:53.496][MARK] [B站功能][searchup][三次元的🐮和🐴之家o(退群的紫砂了的平平无奇的纯爱战神)] #搜索up 柯洁
[13:02:53.711][MARK] [B站功能][searchup] #搜索up 柯洁 处理完成 212ms
[13:02:54.736][MARK] [发送表情][三次元的🐮和🐴之家o(小ju)] 😀
[13:02:55.287][MARK] [发送表情][三次元的🐮和🐴之家o(原批鉴别器)] {image:E6B6FA93B8F9D16AD3054DBA0C4AD525}
[13:03:20.931][MARK] [发送表情][三次元的🐮和🐴之家o(小ju)] {image:E6B6FA93B8F9D16AD3054DBA0C4AD525}
[13:03:26.666][MARK] [发送表情][三次元的🐮和🐴之家o(小ju)] 😀
[13:03:27.707][MARK] [发送表情][三次元的🐮和🐴之家o(原批鉴别器)] 😀
[13:04:31.876][MARK] [B站功能][addPush][三次元的🐮和🐴之家o(退群的紫砂了的平平无奇的纯爱战神)] #订阅up推送 525952604
[13:04:32.061][MARK] [B站功能][addPush] #订阅up推送 525952604 处理完成 183ms
[13:04:47.798][MARK] [B站功能][addPush][三次元的🐮和🐴之家o(退群的紫砂了的平平无奇的纯爱战神)] #订阅up推送 401742377
[13:04:47.956][MARK] [B站功能][addPush] #订阅up推送 401742377 处理完成 156ms
[13:04:53.114][MARK] [发送表情][三次元的🐮和🐴之家o(退群的紫砂了的平平无奇的纯爱战神)] 😭
[13:05:00.790][MARK] [发送表情][三次元的🐮和🐴之家o(小ju)] 😀
[13:05:02.314][MARK] [发送表情][三次元的🐮和🐴之家o(原批鉴别器)] {image:E6B6FA93B8F9D16AD3054DBA0C4AD525}
[13:08:54.932][MARK] [发送表情][三次元的🐮和🐴之家o(🐕二次元唐氏🌹)] 😀
[13:08:55.548][MARK] [发送表情][三次元的🐮和🐴之家o(原批鉴别器)] {image:E6B6FA93B8F9D16AD3054DBA0C4AD525}
[13:09:04.729][MARK] [发送表情][三次元的🐮和🐴之家o(退群的紫砂了的平平无奇的纯爱战神)] 😀
[13:09:05.308][MARK] [发送表情][三次元的🐮和🐴之家o(原批鉴别器)] {image:E6B6FA93B8F9D16AD3054DBA0C4AD525}
[13:10:51.307][MARK] [发送表情][三次元的🐮和🐴之家o(🐕二次元唐氏🌹)] 😀
[13:10:52.561][MARK] [发送表情][三次元的🐮和🐴之家o(原批鉴别器)] 😀
[13:11:07.347][MARK] [发送表情][三次元的🐮和🐴之家o(🐕二次元唐氏🌹)] {image:E6B6FA93B8F9D16AD3054DBA0C4AD525}
[13:11:11.539][MARK] [发送表情][三次元的🐮和🐴之家o(🐕二次元唐氏🌹)] 😀
[13:11:12.055][MARK] [发送表情][三次元的🐮和🐴之家o(原批鉴别器)] {image:E6B6FA93B8F9D16AD3054DBA0C4AD525}
[13:11:43.245][MARK] [发送表情][三次元的🐮和🐴之家o(小ju)] {image:E6B6FA93B8F9D16AD3054DBA0C4AD525}
[13:13:05.739][MARK] [发送表情][三次元的🐮和🐴之家o(退群的紫砂了的平平无奇的纯爱战神)] 😀
[13:13:16.322][MARK] [发送表情][三次元的🐮和🐴之家o(🐕二次元唐氏🌹)] 😭
[13:22:12.065][MARK] [发送表情][三次元的🐮和🐴之家o(🐕二次元唐氏🌹)] 😭
[13:23:04.406][MARK] [发送表情][三次元的🐮和🐴之家o(小ju)] 😀
[14:27:36.139][MARK] [米游社功能][cos][祝至冬女皇永远快乐((简简单单开个盒🤗)] #cos
[14:27:37.242][MARK] [十连][gacha][祝至冬女皇永远快乐((紫砂了的效忠冰之女皇的磊神爱七七)] 十连
[14:27:37.616][MARK] [图片生成][gacha][20次] 105.50kb [32m273ms[39m
[14:27:39.713][MARK] [十连][gacha] 十连 处理完成 2419ms
[14:27:46.835][MARK] [米游社功能][cos] #cos 处理完成 10694ms
[14:28:14.725][MARK] [十连][gacha][祝至冬女皇永远快乐((简简单单开个盒🤗)] 十连武器
[14:28:14.881][MARK] [图片生成][gacha][21次] 96.32kb [32m143ms[39m
[14:28:16.354][MARK] [十连][gacha] 十连武器 处理完成 1628ms
[14:28:23.219][MARK] [十连][gacha][祝至冬女皇永远快乐((紫砂了的效忠冰之女皇的磊神爱七七)] 十连
[14:28:23.223][MARK] [十连][gacha] 十连 处理完成 2ms
[14:28:50.924][MARK] [米游社功能][searchCos][祝至冬女皇永远快乐((简简单单开个盒🤗)] #cos 七七
[14:28:52.773][MARK] [米游社功能][searchCos] #cos 七七 处理完成 1846ms
[14:29:06.082][MARK] [米游社功能][searchCos][祝至冬女皇永远快乐((简简单单开个盒🤗)] #cos 七七
[14:29:08.193][MARK] [米游社功能][searchCos] #cos 七七 处理完成 2110ms
[14:29:16.601][MARK] [米游社功能][searchCos][祝至冬女皇永远快乐((简简单单开个盒🤗)] #cos 黑鬼
[14:29:16.829][MARK] [米游社功能][searchCos] #cos 黑鬼 处理完成 225ms
[14:29:24.010][MARK] [米游社功能][searchCos][祝至冬女皇永远快乐((简简单单开个盒🤗)] #cos 辛火火火
[14:29:26.616][MARK] [米游社功能][searchCos] #cos 辛火火火 处理完成 2605ms
[14:29:35.461][MARK] [米游社功能][searchCos][祝至冬女皇永远快乐((简简单单开个盒🤗)] #cos 辛焱
[14:29:35.717][MARK] [米游社功能][searchCos] #cos 辛焱 处理完成 253ms
[14:29:53.950][MARK] [米游社功能][searchCos][祝至冬女皇永远快乐((简简单单开个盒🤗)] #cosdby 阿米娅
[14:29:59.940][MARK] [米游社功能][searchCos] #cosdby 阿米娅 处理完成 5989ms
[14:31:28.541][MARK] [B站功能][searchup][祝至冬女皇永远快乐((紫砂了的效忠冰之女皇的磊神爱七七)] #搜索up Mr-Goddess
[14:31:28.688][MARK] [B站功能][searchup] #搜索up Mr-Goddess 处理完成 145ms
[14:31:44.171][MARK] [B站功能][addPush][祝至冬女皇永远快乐((紫砂了的效忠冰之女皇的磊神爱七七)] #订阅up推送 286274103
[14:31:44.182][MARK] [B站功能][addPush] #订阅up推送 286274103 处理完成 0ms
[14:31:44.184][MARK] [修改配置文件][config][bilibili][push]
[14:32:03.031][MARK] [B站功能][searchup][祝至冬女皇永远快乐((紫砂了的效忠冰之女皇的磊神爱七七)] #搜索up 原神
[14:32:03.404][MARK] [B站功能][searchup] #搜索up 原神 处理完成 372ms
[14:32:13.756][MARK] [B站功能][addPush][祝至冬女皇永远快乐((紫砂了的效忠冰之女皇的磊神爱七七)] #订阅up推送 401742377
[14:32:13.867][MARK] [B站功能][addPush] #订阅up推送 401742377 处理完成 110ms
[14:32:24.570][MARK] [B站功能][addPush][祝至冬女皇永远快乐((紫砂了的效忠冰之女皇的磊神爱七七)] #订阅up推送 401742377
[14:32:24.844][MARK] [B站功能][addPush] #订阅up推送 401742377 处理完成 273ms
[14:32:43.301][MARK] [B站功能][searchup][祝至冬女皇永远快乐((紫砂了的效忠冰之女皇的磊神爱七七)] #搜索up 柯洁
[14:32:43.567][MARK] [B站功能][searchup] #搜索up 柯洁 处理完成 265ms
[14:32:55.349][MARK] [B站功能][addPush][祝至冬女皇永远快乐((紫砂了的效忠冰之女皇的磊神爱七七)] #订阅up推送 525952604
[14:32:55.597][MARK] [B站功能][addPush] #订阅up推送 525952604 处理完成 247ms
[14:33:00.857][MARK] [B站功能][addPush][祝至冬女皇永远快乐((紫砂了的效忠冰之女皇的磊神爱七七)] #订阅up推送525952604
[14:33:00.996][MARK] [B站功能][addPush] #订阅up推送525952604 处理完成 137ms
[14:33:07.349][MARK] [B站功能][addPush][祝至冬女皇永远快乐((紫砂了的效忠冰之女皇的磊神爱七七)] #订阅up推送   525952604
[14:33:07.507][MARK] [B站功能][addPush] #订阅up推送   525952604 处理完成 157ms
[14:33:09.567][MARK] [B站功能][listPush][祝至冬女皇永远快乐((简简单单开个盒🤗)] #推送up列表
[14:33:13.077][MARK] [B站功能][addPush][祝至冬女皇永远快乐((紫砂了的效忠冰之女皇的磊神爱七七)] #订阅up推送  525952604
[14:33:13.176][MARK] [B站功能][addPush] #订阅up推送  525952604 处理完成 98ms
[14:33:17.414][MARK] [B站功能][listPush][祝至冬女皇永远快乐((紫砂了的效忠冰之女皇的磊神爱七七)] #推送up列表
[14:33:17.416][MARK] [B站功能][listPush] #推送up列表 处理完成 0ms
[14:33:30.466][MARK] [B站功能][addPush][三次元的🐮和🐴之家o(退群的紫砂了的平平无奇的纯爱战神)] #订阅up推送 286274103
[14:33:30.705][MARK] [B站功能][addPush] #订阅up推送 286274103 处理完成 238ms
[14:34:59.904][MARK] [闲心插件帮助][help][祝至冬女皇永远快乐((简简单单开个盒🤗)] #闲心帮助
[14:35:00.792][MARK] [闲心插件帮助][help] #闲心帮助 处理完成 888ms
[14:38:20.916][MARK] [发送表情][海南必拿下！🖐(牛马)] 1！5！
[14:38:27.744][MARK] [发送表情][海南必拿下！🖐(牛马)] L!T!C!
[14:38:31.032][MARK] [复读][repeat][祝至冬女皇永远快乐((简简单单开个盒🤗)] #复读
[14:38:31.307][MARK] [复读][repeat] #复读 处理完成 274ms
[14:38:57.172][MARK] [一言][hitokoto][祝至冬女皇永远快乐((简简单单开个盒🤗)] #一言
[14:38:57.677][MARK] [一言][hitokoto] #一言 处理完成 503ms
[14:39:04.004][MARK] [一言][hitokoto][祝至冬女皇永远快乐((简简单单开个盒🤗)] #一言
[14:39:04.501][MARK] [一言][hitokoto] #一言 处理完成 495ms
[14:39:22.215][MARK] [一言][hitokoto][祝至冬女皇永远快乐((简简单单开个盒🤗)] #一言
[14:39:22.574][MARK] [一言][hitokoto] #一言 处理完成 357ms
[14:39:22.732][MARK] [一言][hitokoto][三次元的🐮和🐴之家o(退群的紫砂了的平平无奇的纯爱战神)] #一言
[14:39:23.156][MARK] [一言][hitokoto] #一言 处理完成 423ms
[14:39:27.371][MARK] [一言][hitokoto][祝至冬女皇永远快乐((简简单单开个盒🤗)] #一言
[14:39:27.735][MARK] [一言][hitokoto] #一言 处理完成 363ms
[14:39:29.669][MARK] [一言][hitokoto][三次元的🐮和🐴之家o(退群的紫砂了的平平无奇的纯爱战神)] #一言
[14:39:30.098][MARK] [一言][hitokoto] #一言 处理完成 427ms
[14:39:33.519][MARK] [一言][hitokoto][祝至冬女皇永远快乐((紫砂了的提瓦特第一欧皇)] #一言
[14:39:33.959][MARK] [一言][hitokoto] #一言 处理完成 439ms
[14:40:08.836][MARK] [发送表情][海南必拿下！🖐(秀珍)] 1！5！
[14:40:20.231][MARK] [发送表情][海南必拿下！🖐(秀珍)] L!T!C!
[14:40:54.613][MARK] [一言][hitokoto][海南必拿下！🖐(牛马)] #一言
[14:40:55.070][MARK] [一言][hitokoto] #一言 处理完成 455ms
[14:41:17.483][MARK] [一言][hitokoto][祝至冬女皇永远快乐((简简单单开个盒🤗)] #一言
[14:41:17.860][MARK] [一言][hitokoto] #一言 处理完成 376ms
[14:42:18.029][MARK] [米游社功能][searchCos][祝至冬女皇永远快乐((简简单单开个盒🤗)] #cosdby 皮卡丘
[14:42:18.312][MARK] [米游社功能][searchCos] #cosdby 皮卡丘 处理完成 282ms
[14:42:40.208][MARK] [米游社功能][searchCos][祝至冬女皇永远快乐((简简单单开个盒🤗)] #cosdby 公孙离
[14:42:45.354][MARK] [米游社功能][searchCos] #cosdby 公孙离 处理完成 5145ms
[14:42:50.498][MARK] [米游社功能][searchCos][祝至冬女皇永远快乐((紫砂了的提瓦特第一欧皇)] #cos 公孙离
[14:42:52.399][MARK] [米游社功能][searchCos] #cos 公孙离 处理完成 1898ms
[14:43:07.834][MARK] [米游社功能][searchCos][祝至冬女皇永远快乐((紫砂了的提瓦特第一欧皇)] #cos 西施
[14:43:08.113][MARK] [米游社功能][searchCos] #cos 西施 处理完成 278ms
[14:47:12.246][MARK] [米游社功能][searchCos][祝至冬女皇永远快乐((简简单单开个盒🤗)] #cosby Mr-Goddess
[14:47:12.580][MARK] [米游社功能][searchCos] #cosby Mr-Goddess 处理完成 332ms
[14:47:29.540][MARK] [米游社功能][searchCos][祝至冬女皇永远快乐((简简单单开个盒🤗)] #cosdby saber
[14:47:32.644][MARK] [米游社功能][searchCos] #cosdby saber 处理完成 3102ms
[14:48:34.927][MARK] [米游社功能][searchCos][祝至冬女皇永远快乐((紫砂了的效忠冰之女皇的磊神爱七七)] #cosby 婷皇
[14:48:35.540][MARK] [米游社功能][searchCos] #cosby 婷皇 处理完成 611ms
[14:49:04.275][MARK] [米游社功能][searchCos][祝至冬女皇永远快乐((紫砂了的效忠冰之女皇的磊神爱七七)] #cosby 桃桃子
[14:49:07.148][MARK] [米游社功能][searchCos] #cosby 桃桃子 处理完成 2872ms
[14:49:25.872][MARK] [米游社功能][searchCos][祝至冬女皇永远快乐((紫砂了的效忠冰之女皇的磊神爱七七)] #cosdby 伊吹桃桃子
[14:49:28.463][MARK] [米游社功能][searchCos] #cosdby 伊吹桃桃子 处理完成 2590ms
[14:49:52.701][MARK] [miao-plugin][dispatch] #角色详情 处理完成 1ms
[14:50:04.821][MARK] [米游社查询][uid：107192135][32m[使用已绑定ck：179571376][39m
[14:50:06.031][MARK] [图片生成][miao-plugin/character/character-card][2次] 232.69kb [32m1178ms[39m
[14:50:06.242][MARK] [一言][hitokoto][海南必拿下！🖐(呼~)] #一言
[14:50:06.735][MARK] [一言][hitokoto] #一言 处理完成 492ms
[14:50:07.957][MARK] [miao-plugin][dispatch] #角色详情 处理完成 3137ms
[14:50:11.447][MARK] [发送表情][海南必拿下！🖐(牛马)] {bface:欢呼}
[14:50:13.913][MARK] [发送表情][海南必拿下！🖐(秀珍)] {bface:欢呼}
[14:50:16.203][MARK] [发送表情][海南必拿下！🖐(秀珍)] {bface:欢呼}
[14:50:19.611][MARK] [发送表情][海南必拿下！🖐(秀珍)] {bface:欢呼}
[14:50:21.623][MARK] [发送表情][海南必拿下！🖐(秀珍)] {bface:欢呼}
[14:53:32.089][MARK] [体力查询][note][祝至冬女皇永远快乐((紫砂了的效忠冰之女皇的磊神爱七七)] 体力
[14:53:32.090][MARK] [米游社查询][uid：107192135][32m[使用已绑定ck：179571376][39m
[14:53:32.520][MARK] [米游社接口][dailyNote][107192135] 430ms
[14:53:33.531][MARK] [图片生成][dailyNote][22次] 42.10kb [32m878ms[39m
[14:53:34.398][MARK] [体力查询][note] 体力 处理完成 2308ms
[14:53:35.230][MARK] [体力查询][note][祝至冬女皇永远快乐((简简单单开个盒🤗)] 体力
[14:53:35.232][MARK] [体力查询][note] 体力 处理完成 1ms
[14:54:15.137][MARK] [B站功能][addPush][三次元的🐮和🐴之家o(退群的紫砂了的平平无奇的纯爱战神)] #订阅up推送 286274103
[14:54:16.855][MARK] [B站功能][addPush] #订阅up推送 286274103 处理完成 1717ms
[14:54:26.090][MARK] [更新][updateLog][祝至冬女皇永远快乐((简简单单开个盒🤗)] #更新日志
[14:54:28.102][MARK] [更新][updateLog] #更新日志 处理完成 1793ms
[14:54:47.252][MARK] [B站功能][addPush][海南必拿下！🖐(牛马)] #订阅up推送 401742377
[14:54:56.815][MARK] [B站功能][addPush] #订阅up推送 401742377 处理完成 9562ms
[14:55:10.536][MARK] [B站功能][addPush][海南必拿下！🖐(牛马)] #订阅up推送 286274103
[14:55:10.725][MARK] [B站功能][addPush] #订阅up推送 286274103 处理完成 188ms
[14:56:55.571][MARK] [米游社攻略][strategy][祝至冬女皇永远快乐((简简单单开个盒🤗)] #赛诺攻略
[14:56:58.955][MARK] [养成计算][Calculator][祝至冬女皇永远快乐((简简单单开个盒🤗)] #赛诺养成
[14:57:40.337][MARK] [添加表情][add][祝至冬女皇永远快乐((简简单单开个盒🤗)] #添加3.1
[14:57:40.747][MARK] [添加表情][add] #添加3.1 处理完成 409ms
[14:57:53.224][MARK] [发送表情][祝至冬女皇永远快乐((简简单单开个盒🤗)] 3.1
[14:59:19.844][MARK] [图片生成][miao-plugin/wiki/character-talent][3次] 752.31kb [32m1613ms[39m
[14:59:21.214][MARK] [miao-plugin][dispatch] #妮露天赋 处理完成 3058ms
[15:00:36.705][MARK] [发送表情][海南必拿下！🖐(牛马)] {bface:开心}
[15:00:47.646][MARK] [miao-plugin][dispatch] #烟绯圣遗物 处理完成 1ms
[15:00:52.351][MARK] [米游社查询][uid：107192135][32m[使用已绑定ck：179571376][39m
[15:00:54.341][MARK] [miao-plugin][dispatch] #妮露面板 处理完成 1992ms
[15:04:18.738][MARK] [miao-plugin][dispatch] #烟绯面板 处理完成 1ms
[15:06:13.402][MARK] [图片生成][miao-plugin/wiki/character-talent][4次] 752.31kb [32m1285ms[39m
[15:06:14.387][MARK] [miao-plugin][dispatch] #妮露天赋 处理完成 2284ms
[15:07:53.713][MARK] [发送表情][祝至冬女皇永远快乐((简简单单开个盒🤗)] 3.1
[15:10:23.304][MARK] [miao-plugin][dispatch] #烟绯圣遗物 处理完成 0ms
[15:10:29.830][MARK] [体力查询][note][冬之女皇的游戏军事法(效忠冰之女皇的隐退江湖)] 体力
[15:10:29.831][MARK] [米游社查询][uid：107192135][32m[使用已绑定ck：179571376][39m
[15:10:30.167][MARK] [米游社接口][dailyNote][107192135] 334ms
[15:10:30.317][MARK] [图片生成][dailyNote][23次] 41.97kb [32m144ms[39m
[15:10:30.598][MARK] [miao-plugin][dispatch] #烟绯面板 处理完成 1ms
[15:10:31.429][MARK] [体力查询][note] 体力 处理完成 1599ms
[15:10:37.172][MARK] [一言][hitokoto][冬之女皇的游戏军事法(效忠冰之女皇的隐退江湖)] #一言
[15:10:37.918][MARK] [一言][hitokoto] #一言 处理完成 744ms
[15:13:58.547][MARK] [miao-plugin][dispatch] #草神 处理完成 1ms
[15:14:07.942][MARK] [一言][hitokoto][冬之女皇的游戏军事法(本群最强皇女🤖)] #一言
[15:14:08.560][MARK] [一言][hitokoto] #一言 处理完成 616ms
[15:32:35.613][MARK] [发送表情][海南必拿下！🖐(秀珍)] {bface:开心}
[15:49:29.525][MARK] [体力查询][note][冬之女皇的游戏军事法(效忠冰之女皇的隐退江湖)] 体力
[15:49:29.528][MARK] [米游社查询][uid：107192135][32m[使用已绑定ck：179571376][39m
[15:49:29.936][MARK] [米游社接口][dailyNote][107192135] 407ms
[15:49:30.057][MARK] [图片生成][dailyNote][24次] 42.02kb [32m118ms[39m
[15:49:31.291][MARK] [体力查询][note] 体力 处理完成 1763ms
[15:59:37.226][MARK] [miao-plugin][dispatch] #深渊配队 处理完成 2ms
[16:05:31.094][MARK] [图片生成][miao-plugin/stat/abyss-pct][5次] 570.72kb [32m1171ms[39m
[16:05:34.207][MARK] [miao-plugin][dispatch] #深渊使用率 处理完成 4880ms
[16:19:53.091][MARK] [图片生成][miao-plugin/stat/character][6次] 772.34kb [32m1214ms[39m
[16:19:55.542][MARK] [miao-plugin][dispatch] #角色持有率 处理完成 4306ms
[16:38:12.447][MARK] [体力查询][note][祝至冬女皇永远快乐((简简单单开个盒🤗)] 体力
[16:38:12.448][MARK] [体力查询][note] 体力 处理完成 1ms
[18:17:43.332][MARK] 请先#配置公共查询ck
[18:17:43.334][MARK] [miao-plugin][dispatch] #深渊 处理完成 10ms
[18:24:02.768][MARK] [米游社查询][uid：107192135][32m[使用已绑定ck：179571376][39m
[18:24:03.215][MARK] [米游社接口][spiralAbyss][107192135] 443ms
[18:24:03.568][MARK] [米游社接口][character][107192135] 351ms
[18:24:06.467][MARK] [米游社接口][detail][107192135] 1282ms
[18:24:06.468][MARK] [米游社接口][detail][107192135] 1281ms
[18:24:06.472][MARK] [米游社接口][detail][107192135] 1283ms
[18:24:06.482][MARK] [米游社接口][detail][107192135] 1295ms
[18:24:06.485][MARK] [米游社接口][detail][107192135] 1297ms
[18:24:06.486][MARK] [米游社接口][detail][107192135] 1296ms
[18:24:06.492][MARK] [米游社接口][detail][107192135] 1305ms
[18:24:06.501][MARK] [米游社接口][detail][107192135] 1315ms
[18:24:06.504][MARK] [米游社接口][detail][107192135] 1318ms
[18:24:08.027][MARK] [图片生成][miao-plugin/stat/abyss-summary][7次] 905.63kb [32m1341ms[39m
[18:24:10.901][MARK] [miao-plugin][dispatch] #深渊 处理完成 8134ms
[19:54:50.366][MARK] [抽卡记录][getLog][冬之女皇的游戏军事法(效忠冰之女皇的隐退江湖)] #武器记录
[19:54:51.389][MARK] [图片生成][gachaLog][25次] 70.22kb [32m897ms[39m
[19:54:52.255][MARK] [抽卡记录][getLog] #武器记录 处理完成 1869ms
[19:58:17.405][MARK] [抽卡记录][getLog][冬之女皇的游戏军事法(效忠冰之女皇的隐退江湖)] #角色记录
[19:58:17.750][MARK] [图片生成][gachaLog][26次] 262.57kb [32m299ms[39m
[19:58:18.731][MARK] [抽卡记录][getLog] #角色记录 处理完成 1322ms
[19:59:18.448][MARK] [发送表情][海南必拿下！🖐(秀珍)] {bface:开心}
[19:59:26.754][MARK] [发送表情][海南必拿下！🖐(秀珍)] {bface:欢呼}
[19:59:30.305][MARK] [发送表情][海南必拿下！🖐(秀珍)] {bface:欢呼}
[19:59:32.958][MARK] [发送表情][海南必拿下！🖐(秀珍)] {bface:欢呼}
[19:59:35.299][MARK] [发送表情][海南必拿下！🖐(秀珍)] {bface:欢呼}
[19:59:58.986][MARK] [发送表情][海南必拿下！🖐(秀珍)] {bface:欢呼}
[20:00:02.518][MARK] [神秘指令][woc][海南必拿下！🖐(秀珍)] woc
[20:00:09.849][MARK] [神秘指令][woc] woc 处理完成 7329ms
[20:00:20.356][MARK] [神秘指令][woc][海南必拿下！🖐(秀珍)] woc
[20:00:25.269][MARK] [神秘指令][woc] woc 处理完成 4912ms
[20:00:49.784][MARK] [抽卡记录][getLog][冬之女皇的游戏军事法(本群最强皇女🤖)] #角色记录
[20:00:49.791][MARK] [抽卡记录][getLog] #角色记录 处理完成 1ms
[20:00:55.957][MARK] [神秘指令][woc][海南必拿下！🖐(秀珍)] woc
[20:01:01.749][MARK] [神秘指令][woc] woc 处理完成 5784ms
[20:01:50.118][MARK] [抽卡记录][getLog][冬之女皇的游戏军事法(本群最强皇女🤖)] #武器记录
[20:01:50.126][MARK] [抽卡记录][getLog] #武器记录 处理完成 2ms
[20:02:13.774][MARK] [抽卡记录][getLog][冬之女皇的游戏军事法(本群最强皇女🤖)] #常驻记录
[20:02:13.776][MARK] [抽卡记录][getLog] #常驻记录 处理完成 1ms
[20:03:11.552][MARK] [抽卡记录][getLog][冬之女皇的游戏军事法(效忠冰之女皇的隐退江湖)] #常驻记录
[20:03:11.882][MARK] [图片生成][gachaLog][27次] 107.61kb [32m310ms[39m
[20:03:12.855][MARK] [抽卡记录][getLog] #常驻记录 处理完成 1302ms
[23:28:07.694][ERRO] Chromium实例关闭或崩溃！
[23:28:07.703][ERRO] Chromium实例关闭或崩溃！
