[22:35:11.865][MARK] Yunzai-Bot å¯åŠ¨ä¸­...
[22:35:11.870][MARK] è¿æ¥redis....
[22:35:11.908][MARK] è¿æ¥redisæˆåŠŸ
[22:35:12.446][MARK] è¯·ä½¿ç”¨ç™»å½•å½“å‰QQçš„æ‰‹æœº[32mæ‰«ç [39må®Œæˆç™»å½•ï¼Œå¦‚æœæ˜¾ç¤ºäºŒç»´ç è¿‡æœŸï¼Œå¯ä»¥æŒ‰[32må›è½¦é”®ï¼ˆEnterï¼‰[39måˆ·æ–°ï¼Œé‡æ–°è¾“å…¥å¯†ç è¯·æ‰§è¡Œå‘½ä»¤ï¼š[32mnpm run login[39m
[22:35:26.199][MARK] ----^_^----
[22:35:26.205][MARK] [32mYunzai-Bot ä¸Šçº¿æˆåŠŸ ç‰ˆæœ¬v3.0.0[39m
[22:35:26.206][MARK] [32mhttps://github.com/Le-niao/Yunzai-Bot[39m
[22:35:28.775][MARK] å‘é€å¥½å‹æ¶ˆæ¯[Mr.Goddess](215381250)
[22:35:39.785][MARK] puppeteer Chromium å¯åŠ¨ä¸­ã€‚ã€‚
[22:35:42.019][MARK] puppeteer Chromium å¯åŠ¨æˆåŠŸ
[22:35:43.595][MARK] [å›¾ç‰‡ç”Ÿæˆ][miao-plugin/character/profile-detail][1æ¬¡] 435.68kb [32m1531ms[39m
[22:35:44.650][MARK] [miao-plugin][dispatch] #ç”˜é›¨é¢æ¿ 174123897 å¤„ç†å®Œæˆ 5276ms
[22:36:25.407][MARK] [å›¾ç‰‡ç”Ÿæˆ][miao-plugin/character/profile-list][2æ¬¡] 119.47kb [32m1127ms[39m
[22:36:26.937][MARK] [miao-plugin][dispatch] #æ›´æ–°é¢æ¿ 174123897 å¤„ç†å®Œæˆ 8861ms
[22:36:38.579][MARK] [å›¾ç‰‡ç”Ÿæˆ][miao-plugin/character/profile-detail][3æ¬¡] 436.22kb [32m1321ms[39m
[22:36:40.446][MARK] [miao-plugin][dispatch] #ç”˜é›¨é¢æ¿ 174123897 å¤„ç†å®Œæˆ 3224ms
[22:37:25.587][MARK] è¯·å…ˆ#é…ç½®å…¬å…±æŸ¥è¯¢ck
[22:37:26.984][MARK] [å›¾ç‰‡ç”Ÿæˆ][miao-plugin/character/profile-detail][4æ¬¡] 438.79kb [32m1371ms[39m
[22:37:27.818][MARK] [miao-plugin][dispatch] ç”˜é›¨é¢æ¿ å¤„ç†å®Œæˆ 2239ms
[22:38:10.005][MARK] [ç±³æ¸¸ç¤¾æŸ¥è¯¢][uidï¼š107192135][32m[ä½¿ç”¨å·²ç»‘å®šckï¼š179571376][39m
[22:38:11.279][MARK] [å›¾ç‰‡ç”Ÿæˆ][miao-plugin/character/profile-detail][5æ¬¡] 432.97kb [32m1245ms[39m
[22:38:12.126][MARK] [miao-plugin][dispatch] #ç”˜é›¨é¢æ¿ å¤„ç†å®Œæˆ 2122ms
[22:39:12.395][MARK] [ç±³æ¸¸ç¤¾æŸ¥è¯¢][uidï¼š107192135][32m[ä½¿ç”¨å·²ç»‘å®šckï¼š179571376][39m
[22:39:17.429][MARK] [å›¾ç‰‡ç”Ÿæˆ][miao-plugin/character/profile-list][6æ¬¡] 404.86kb [32m1272ms[39m
[22:39:18.512][MARK] [miao-plugin][dispatch] #æ›´æ–°é¢æ¿ å¤„ç†å®Œæˆ 6119ms
[22:39:39.053][MARK] [miao-plugin][dispatch] #èµ›è¯ºé¢æ¿ å¤„ç†å®Œæˆ 13ms
[22:39:45.431][MARK] [æ›´æ–°][update][å†¬ä¹‹å¥³çš‡çš„æ¸¸æˆå†›äº‹æ³•(æ•ˆå¿ å†°ä¹‹å¥³çš‡çš„éšé€€æ±Ÿæ¹–)] #æ›´æ–°
[22:39:47.372][MARK] [æ›´æ–°][update] å¼€å§‹æ›´æ–°ï¼šYunzai-Bot
[22:40:13.726][MARK] [æ›´æ–°][update] æ›´æ–°å¤±è´¥ï¼šYunzai-Bot
[22:40:13.729][MARK] [æ›´æ–°][update] #æ›´æ–° å¤„ç†å®Œæˆ 26546ms
[22:58:20.391][MARK] è¯·å…ˆ#é…ç½®å…¬å…±æŸ¥è¯¢ck
[22:58:21.827][MARK] [å›¾ç‰‡ç”Ÿæˆ][miao-plugin/character/profile-detail][7æ¬¡] 436.22kb [32m1401ms[39m
[22:58:22.794][MARK] [miao-plugin][dispatch] #ç”˜é›¨é¢æ¿ å¤„ç†å®Œæˆ 2406ms
[23:02:11.272][MARK] [æ›´æ–°][update][å†¬ä¹‹å¥³çš‡çš„æ¸¸æˆå†›äº‹æ³•(æ•ˆå¿ å†°ä¹‹å¥³çš‡çš„éšé€€æ±Ÿæ¹–)] #æ›´æ–°ç±³å¨œåŒ…
[23:02:14.698][MARK] [ç±³æ¸¸ç¤¾æŸ¥è¯¢][uidï¼š107192135][32m[ä½¿ç”¨å·²ç»‘å®šckï¼š179571376][39m
[23:02:18.233][MARK] [å›¾ç‰‡ç”Ÿæˆ][miao-plugin/character/profile-list][8æ¬¡] 404.87kb [32m1245ms[39m
[23:02:20.254][MARK] [miao-plugin][dispatch] #æ›´æ–°é¢æ¿ å¤„ç†å®Œæˆ 5559ms
[23:02:28.257][MARK] [å›¾ç‰‡ç”Ÿæˆ][miao-plugin/character/profile-detail][9æ¬¡] 429.57kb [32m1409ms[39m
[23:02:30.486][MARK] [miao-plugin][dispatch] #ç”˜é›¨é¢æ¿ å¤„ç†å®Œæˆ 3674ms
[23:05:13.428][MARK] è¯·å…ˆ#é…ç½®å…¬å…±æŸ¥è¯¢ck
[23:05:14.646][MARK] [å›¾ç‰‡ç”Ÿæˆ][miao-plugin/character/artis-mark][10æ¬¡] 507.37kb [32m1201ms[39m
[23:05:16.675][MARK] [miao-plugin][dispatch] #ç”˜é›¨åœ£é—ç‰© å¤„ç†å®Œæˆ 3249ms
[23:55:18.825][ERRO] Chromiumå®ä¾‹å…³é—­æˆ–å´©æºƒï¼
