[16:24:32.323][MARK] Yunzai-Bot 启动中...
[16:24:32.326][MARK] 连接redis....
[16:24:32.341][MARK] 连接redis成功
[16:24:32.805][MARK] 请使用登录当前QQ的手机[32m扫码[39m完成登录，如果显示二维码过期，可以按[32m回车键（Enter）[39m刷新，重新输入密码请执行命令：[32mnpm run login[39m
[16:24:46.730][MARK] ----^_^----
[16:24:46.732][MARK] [32mYunzai-Bot 上线成功 版本v3.0.0[39m
[16:24:46.735][MARK] [32mhttps://github.com/Le-niao/Yunzai-Bot[39m
[16:24:48.360][MARK] 发送好友消息[Mr.Goddess](215381250)
[16:25:36.908][MARK] [体力查询][note][数据结构必拿下🖐️(牛马)] 体力
[16:25:36.915][MARK] [米游社查询][uid：107192135][32m[使用已绑定ck：179571376][39m
[16:25:37.312][MARK] [米游社接口][dailyNote][107192135] 391ms
[16:25:37.518][MARK] puppeteer Chromium 启动中。。
[16:25:38.542][MARK] puppeteer Chromium 启动成功
[16:25:39.775][MARK] [图片生成][dailyNote][1次] 42.14kb [32m1218ms[39m
[16:25:40.715][MARK] [体力查询][note] 体力 处理完成 3806ms
[16:25:42.991][MARK] [发送表情][数据结构必拿下🖐️(牛马)] 1！5！
[16:25:47.446][MARK] [发送表情][数据结构必拿下🖐️(牛马)] L!T!C!
[16:25:56.934][MARK] [群战][pk][祝至冬女皇永远快乐((紫砂了的效忠冰之女皇的磊神爱七七)] 战
[16:25:56.935][MARK] [群战][pk] 战 处理完成 0ms
[16:25:57.656][MARK] [体力查询][note][数据结构必拿下🖐️(钟新立欠我12块钱)] 体力
[16:25:57.657][MARK] [体力查询][note] 体力 处理完成 1ms
[16:26:04.833][MARK] [群战][mypk][祝至冬女皇永远快乐((紫砂了的效忠冰之女皇的磊神爱七七)] #加入群战
[16:26:05.355][MARK] [图片生成][mypk][2次] 41.31kb [32m517ms[39m
[16:26:05.355][MARK] [群战][mypk] #加入群战 处理完成 521ms
[16:26:10.745][MARK] [用户绑定][ckHelp][数据结构必拿下🖐️(牛马)] 体力帮助
[16:26:11.035][MARK] [用户绑定][ckHelp] 体力帮助 处理完成 290ms
[16:26:42.209][MARK] [群战][mypk][祝至冬女皇永远快乐((紫砂了的提瓦特第一欧皇)] #加入群战
[16:26:42.587][MARK] [图片生成][mypk][3次] 38.10kb [32m375ms[39m
[16:26:42.588][MARK] [群战][mypk] #加入群战 处理完成 378ms
[16:27:06.810][MARK] [角色查询][roleIndex][数据结构必拿下🖐️(牛马)] #角色
[16:27:06.825][MARK] [角色查询][roleIndex] #角色 处理完成 3ms
[16:27:23.170][MARK] [角色查询][roleIndex][数据结构必拿下🖐️(牛马)] #角色
[16:27:23.172][MARK] [米游社查询][uid：107192135][32m[使用已绑定ck：179571376][39m
[16:27:23.555][MARK] [米游社接口][index][107192135] 381ms
[16:27:23.570][MARK] [米游社接口][character][107192135] 394ms
[16:27:23.573][MARK] [米游社接口][spiralAbyss][107192135] 398ms
[16:27:23.913][MARK] [图片生成][roleIndex][4次] 338.37kb [32m219ms[39m
[16:27:25.432][MARK] [角色查询][roleIndex] #角色 处理完成 2261ms
[16:27:28.431][MARK] [米游社接口][spiralAbyss][107192135] 271ms
[16:27:28.693][MARK] [米游社接口][character][107192135] 259ms
[16:27:31.599][MARK] [米游社接口][detail][107192135] 461ms
[16:27:31.745][MARK] [米游社接口][detail][107192135] 609ms
[16:27:31.748][MARK] [米游社接口][detail][107192135] 609ms
[16:27:31.749][MARK] [米游社接口][detail][107192135] 614ms
[16:27:31.751][MARK] [米游社接口][detail][107192135] 614ms
[16:27:31.753][MARK] [米游社接口][detail][107192135] 617ms
[16:27:31.754][MARK] [米游社接口][detail][107192135] 620ms
[16:27:31.774][MARK] [米游社接口][detail][107192135] 642ms
[16:27:31.777][MARK] [米游社接口][detail][107192135] 640ms
[16:27:31.788][MARK] [米游社接口][detail][107192135] 654ms
[16:27:32.100][MARK] [米游社接口][detail][107192135] 200ms
[16:27:32.111][MARK] [米游社接口][detail][107192135] 210ms
[16:27:32.114][MARK] [米游社接口][detail][107192135] 214ms
[16:27:32.118][MARK] [米游社接口][detail][107192135] 219ms
[16:27:32.138][MARK] [米游社接口][detail][107192135] 236ms
[16:27:32.149][MARK] [米游社接口][detail][107192135] 245ms
[16:27:32.172][MARK] [米游社接口][detail][107192135] 269ms
[16:27:32.178][MARK] [米游社接口][detail][107192135] 275ms
[16:27:32.181][MARK] [米游社接口][detail][107192135] 277ms
[16:27:32.196][MARK] [米游社接口][detail][107192135] 291ms
[16:27:32.491][MARK] [米游社接口][detail][107192135] 192ms
[16:27:32.509][MARK] [米游社接口][detail][107192135] 210ms
[16:27:32.629][MARK] puppeteer Chromium 启动中。。
[16:27:34.117][MARK] puppeteer Chromium 启动成功
[16:27:35.444][MARK] [图片生成][miao-plugin/stat/abyss-summary][1次] 907.50kb [32m1274ms[39m
[16:27:37.473][MARK] [miao-plugin][dispatch] #深渊 处理完成 9317ms
[16:27:38.734][MARK] [图片生成][miao-plugin/character/profile-detail][2次] 431.69kb [32m1125ms[39m
[16:27:40.489][MARK] [miao-plugin][dispatch] 雷泽面板 处理完成 2906ms
[16:29:57.709][MARK] [米游社攻略][strategy][数据结构必拿下🖐️(牛马)] #雷泽攻略
[16:29:58.106][MARK] [米游社攻略][strategy] 下载雷泽攻略图
[16:29:58.816][MARK] [米游社攻略][strategy] 下载雷泽攻略成功
[16:29:59.575][MARK] [米游社攻略][strategy] #雷泽攻略 处理完成 1862ms
[16:31:27.977][MARK] [米游社查询][uid：107192135][32m[使用已绑定ck：179571376][39m
[16:31:29.178][MARK] [图片生成][miao-plugin/character/profile-detail][3次] 448.28kb [32m1182ms[39m
[16:31:30.048][MARK] [miao-plugin][dispatch] #胡桃面板 处理完成 2072ms
[16:31:39.703][MARK] [miao-plugin][dispatch] 可莉写真 处理完成 0ms
[16:31:47.319][MARK] [米游社功能][searchCos][数据结构必拿下🖐️(牛马)] #cos 可莉
[16:31:48.427][MARK] [米游社功能][searchCos] #cos 可莉 处理完成 1107ms
[16:31:54.081][MARK] [米游社功能][searchCos][数据结构必拿下🖐️(牛马)] #cos 草神
[16:31:57.071][MARK] [米游社功能][searchCos] #cos 草神 处理完成 2989ms
[16:33:03.665][MARK] [米游社查询][uid：107192135][32m[使用已绑定ck：179571376][39m
[16:33:06.949][MARK] [图片生成][miao-plugin/character/profile-list][4次] 410.75kb [32m1143ms[39m
[16:33:08.559][MARK] [miao-plugin][dispatch] #更新面板 处理完成 4895ms
[16:33:12.752][MARK] [miao-plugin][dispatch] #更新面板 处理完成 2ms
[16:33:14.540][MARK] [图片生成][miao-plugin/wiki/character-wiki][5次] 333.69kb [32m1130ms[39m
[16:33:16.215][MARK] [miao-plugin][dispatch] #妮露图鉴 处理完成 5557ms
[16:33:22.062][MARK] [图片生成][miao-plugin/character/profile-detail][6次] 444.83kb [32m1156ms[39m
[16:33:23.557][MARK] [miao-plugin][dispatch] #阿贝多面板 处理完成 2678ms
[16:34:13.790][MARK] [图片生成][miao-plugin/wiki/character-wiki][7次] 331.63kb [32m1122ms[39m
[16:34:15.352][MARK] [miao-plugin][dispatch] #刻晴图鉴 处理完成 2695ms
[16:34:19.327][MARK] [米游社功能][searchCos][数据结构必拿下🖐️(钟新立欠我12块钱)] #cos 纳西妲
[16:34:20.785][MARK] [米游社功能][searchCos] #cos 纳西妲 处理完成 1456ms
[16:34:41.059][MARK] [米游社功能][searchCos][数据结构必拿下🖐️(钟新立欠我12块钱)] #cos 雷电将军
[16:34:59.328][MARK] [米游社功能][searchCos][数据结构必拿下🖐️(钟新立欠我12块钱)] #cos 丘丘人
[16:35:06.136][MARK] [米游社功能][searchCos] #cos 雷电将军 处理完成 25076ms
[16:35:16.803][MARK] [米游社功能][searchCos][数据结构必拿下🖐️(钟新立欠我12块钱)] #cos 丘丘人
[16:35:21.269][MARK] [米游社功能][searchCos] #cos 丘丘人 处理完成 21940ms
[16:35:38.713][MARK] [米游社功能][searchCos] #cos 丘丘人 处理完成 21909ms
[16:35:52.466][MARK] [更新][update][数据结构必拿下🖐️(牛马)] #更新
[16:35:53.195][MARK] [更新][update] 开始更新：Yunzai-Bot
[16:36:04.764][MARK] [图片生成][miao-plugin/stat/character][8次] 804.50kb [32m1214ms[39m
[16:36:06.792][MARK] [miao-plugin][dispatch] #角色持有率 处理完成 3379ms
[16:36:30.462][MARK] [米游社功能][searchCos][数据结构必拿下🖐️(钟新立欠我12块钱)] #cos 丘丘人
[16:36:32.050][MARK] [米游社功能][searchCos] #cos 丘丘人 处理完成 1586ms
[16:36:40.628][MARK] [更新][update] 更新失败：Yunzai-Bot
[16:36:40.629][MARK] [更新][update] #更新 处理完成 47512ms
[16:36:45.064][MARK] [米游社功能][searchCos][祝至冬女皇永远快乐((紫砂了的效忠冰之女皇的磊神爱七七)] #cos 丘丘人
[16:36:45.477][MARK] [米游社功能][searchCos][数据结构必拿下🖐️(钟新立欠我12块钱)] #cos 无相雷
[16:36:46.643][MARK] [米游社功能][searchCos] #cos 丘丘人 处理完成 1578ms
[16:36:47.564][MARK] [米游社功能][searchCos] #cos 无相雷 处理完成 2086ms
[16:37:06.533][MARK] [米游社功能][searchCos][数据结构必拿下🖐️(钟新立欠我12块钱)] #cos 蕈兽
[16:37:08.683][MARK] [米游社功能][searchCos] #cos 蕈兽 处理完成 2149ms
[16:37:14.494][MARK] [米游社功能][searchCos][数据结构必拿下🖐️(钟新立欠我12块钱)] #cos 兰纳罗
[16:37:17.619][MARK] [米游社功能][searchCos] #cos 兰纳罗 处理完成 3124ms
[16:38:04.688][MARK] [体力查询][note][祝至冬女皇永远快乐((简简单单开个盒🤗)] #体力
[16:38:04.690][MARK] [体力查询][note] #体力 处理完成 2ms
[16:38:23.050][MARK] [体力查询][note][祝至冬女皇永远快乐((简简单单开个盒🤗)] 体力
[16:38:23.052][MARK] [体力查询][note] 体力 处理完成 2ms
[16:38:55.499][MARK] [米游社功能][searchCos][数据结构必拿下🖐️(钟新立欠我12块钱)] #cos 纳西妲
[16:38:57.381][MARK] [米游社功能][searchCos] #cos 纳西妲 处理完成 1880ms
[16:41:41.074][MARK] [miao-plugin][dispatch] #纳西妲写真 处理完成 7ms
[16:42:48.989][MARK] [体力查询][note][祝至冬女皇永远快乐((简简单单开个盒🤗)] 体力
[16:42:48.992][MARK] [体力查询][note] 体力 处理完成 2ms
[16:47:56.587][MARK] [体力查询][note][祝至冬女皇永远快乐((简简单单开个盒🤗)] 体力
[16:47:56.588][MARK] [体力查询][note] 体力 处理完成 1ms
[16:53:10.756][MARK] [体力查询][note][祝至冬女皇永远快乐((简简单单开个盒🤗)] 体力
[16:53:10.758][MARK] [体力查询][note] 体力 处理完成 1ms
[16:55:28.421][MARK] [体力查询][note][祝至冬女皇永远快乐((简简单单开个盒🤗)] 体力
[16:55:28.422][MARK] [体力查询][note] 体力 处理完成 1ms
[16:56:54.196][MARK] [体力查询][note][祝至冬女皇永远快乐((简简单单开个盒🤗)] 体力
[16:56:54.197][MARK] [体力查询][note] 体力 处理完成 1ms
[16:57:35.406][MARK] [体力查询][note][祝至冬女皇永远快乐((紫砂了的效忠冰之女皇的磊神爱七七)] 体力
[16:57:35.407][MARK] [米游社查询][uid：107192135][32m[使用已绑定ck：179571376][39m
[16:57:35.803][MARK] [米游社接口][dailyNote][107192135] 395ms
[16:57:35.950][MARK] [图片生成][dailyNote][5次] 42.13kb [32m138ms[39m
[16:57:36.886][MARK] [体力查询][note] 体力 处理完成 1480ms
[16:59:52.569][MARK] [体力查询][note][祝至冬女皇永远快乐((简简单单开个盒🤗)] 体力
[16:59:52.570][MARK] [体力查询][note] 体力 处理完成 1ms
[17:04:27.583][MARK] [体力查询][note][祝至冬女皇永远快乐((简简单单开个盒🤗)] 体力
[17:04:27.584][MARK] [体力查询][note] 体力 处理完成 1ms
[17:05:31.138][MARK] [更新][update][祝至冬女皇永远快乐((简简单单开个盒🤗)] #更新
[17:05:39.269][MARK] [更新][updateLog][祝至冬女皇永远快乐((简简单单开个盒🤗)] #更新日志
[17:05:40.090][MARK] [更新][updateLog] #更新日志 处理完成 718ms
[17:09:54.080][MARK] [miao-plugin][dispatch] #喵喵设置 处理完成 2ms
[17:10:01.676][MARK] [miao-plugin][dispatch] #喵喵设置 处理完成 1ms
[17:13:30.477][MARK] [体力查询][note][祝至冬女皇永远快乐((简简单单开个盒🤗)] 体力
[17:13:30.478][MARK] [体力查询][note] 体力 处理完成 1ms
[17:15:14.874][MARK] [体力查询][note][祝至冬女皇永远快乐((紫砂了的提瓦特第一欧皇)] 体力
[17:15:14.876][MARK] [体力查询][note] 体力 处理完成 1ms
[17:15:51.468][MARK] [体力查询][note][祝至冬女皇永远快乐((简简单单开个盒🤗)] 体力
[17:15:51.470][MARK] [体力查询][note] 体力 处理完成 1ms
[17:15:58.370][MARK] [图片生成][miao-plugin/wiki/character-wiki][9次] 333.69kb [32m1166ms[39m
[17:15:58.989][MARK] [miao-plugin][dispatch] #妮露图鉴 处理完成 1811ms
[17:16:55.902][MARK] [体力查询][note][祝至冬女皇永远快乐((简简单单开个盒🤗)] 体力
[17:16:55.904][MARK] [体力查询][note] 体力 处理完成 1ms
[17:17:52.417][MARK] [体力查询][note][祝至冬女皇永远快乐((简简单单开个盒🤗)] 体力
[17:17:52.418][MARK] [体力查询][note] 体力 处理完成 1ms
[17:18:05.177][MARK] [体力查询][note][祝至冬女皇永远快乐((简简单单开个盒🤗)] 体力
[17:18:05.179][MARK] [体力查询][note] 体力 处理完成 2ms
[17:18:14.174][MARK] [体力查询][note][祝至冬女皇永远快乐((简简单单开个盒🤗)] 体力
[17:18:14.176][MARK] [体力查询][note] 体力 处理完成 1ms
[17:18:20.579][MARK] [体力查询][note][祝至冬女皇永远快乐((简简单单开个盒🤗)] 体力
[17:18:20.583][MARK] [体力查询][note] 体力 处理完成 4ms
[17:19:21.481][MARK] [miao-plugin][dispatch] #喵喵设置 处理完成 1ms
[17:19:35.178][MARK] [miao-plugin][dispatch] #喵喵设置图鉴关闭 处理完成 1ms
[17:20:38.620][MARK] [miao-plugin][dispatch] #喵喵设置 处理完成 1ms
[17:21:39.257][MARK] [图片生成][miao-plugin/wiki/character-wiki][10次] 331.63kb [32m1120ms[39m
[17:21:40.021][MARK] [miao-plugin][dispatch] #刻晴图鉴 处理完成 1896ms
[17:22:08.682][MARK] [体力查询][note][祝至冬女皇永远快乐((简简单单开个盒🤗)] 体力
[17:22:08.684][MARK] [体力查询][note] 体力 处理完成 1ms
[17:23:34.459][MARK] [体力查询][sign][祝至冬女皇永远快乐((简简单单开个盒🤗)] #米游社签到
[17:23:34.467][MARK] [体力查询][sign] #米游社签到 处理完成 0ms
[17:23:44.163][MARK] [体力查询][sign][祝至冬女皇永远快乐((简简单单开个盒🤗)] #签到
[17:23:44.164][MARK] [体力查询][sign] #签到 处理完成 0ms
[17:24:23.913][MARK] [体力查询][sign][祝至冬女皇永远快乐((简简单单开个盒🤗)] #签到
[17:24:23.915][MARK] [体力查询][sign] #签到 处理完成 1ms
[17:24:32.199][MARK] [体力查询][signTask][祝至冬女皇永远快乐((简简单单开个盒🤗)] #全部签到
[17:30:24.453][MARK] [体力查询][note][祝至冬女皇永远快乐((简简单单开个盒🤗)] 体力
[17:30:24.456][MARK] [体力查询][note] 体力 处理完成 1ms
[17:30:26.952][MARK] [体力查询][note][祝至冬女皇永远快乐((简简单单开个盒🤗)] 体力
[17:30:26.953][MARK] [体力查询][note] 体力 处理完成 0ms
[17:31:35.874][MARK] [体力查询][note][祝至冬女皇永远快乐((紫砂了的效忠冰之女皇的磊神爱七七)] 体力
[17:31:35.875][MARK] [米游社查询][uid：107192135][32m[使用已绑定ck：179571376][39m
[17:31:36.196][MARK] [米游社接口][dailyNote][107192135] 318ms
[17:31:36.335][MARK] [图片生成][dailyNote][6次] 42.16kb [32m129ms[39m
[17:31:37.219][MARK] [体力查询][note] 体力 处理完成 1344ms
[17:32:29.439][MARK] [十连][gacha][祝至冬女皇永远快乐((简简单单开个盒🤗)] 十连
[17:32:29.673][MARK] [图片生成][gacha][7次] 93.86kb [32m158ms[39m
[17:32:30.552][MARK] [十连][gacha] 十连 处理完成 1074ms
[17:32:32.658][MARK] [体力查询][note][祝至冬女皇永远快乐((简简单单开个盒🤗)] 体力
[17:32:32.660][MARK] [体力查询][note] 体力 处理完成 1ms
