[10:41:16.744][MARK] Yunzai-Bot 启动中...
[10:41:16.746][MARK] 连接redis....
[10:41:16.763][MARK] 连接redis成功
[10:41:17.100][MARK] 请使用登录当前QQ的手机[32m扫码[39m完成登录，如果显示二维码过期，可以按[32m回车键（Enter）[39m刷新，重新输入密码请执行命令：[32mnpm run login[39m
[10:41:30.977][MARK] ----^_^----
[10:41:30.978][MARK] [32mYunzai-Bot 上线成功 版本v3.0.0[39m
[10:41:30.981][MARK] [32mhttps://github.com/Le-niao/Yunzai-Bot[39m
[10:41:32.485][MARK] 发送好友消息[Mr.Goddess](215381250)
[10:42:01.230][MARK] [米游社攻略][strategy][祝至冬女皇永远快乐((紫砂了的提瓦特第一欧皇)] #菲谢尔攻略
[10:42:02.479][MARK] [米游社攻略][strategy] 下载菲谢尔攻略图
[10:42:02.826][MARK] [米游社攻略][strategy] 下载菲谢尔攻略成功
[10:42:03.779][MARK] [米游社攻略][strategy] #菲谢尔攻略 处理完成 2544ms
[10:42:51.058][MARK] [群战][mypk][祝至冬女皇永远快乐((紫砂了的效忠冰之女皇的磊神爱七七)] #加入群战
[10:42:51.213][MARK] puppeteer Chromium 启动中。。
[10:42:52.036][MARK] puppeteer Chromium 启动成功
[10:42:52.660][MARK] [图片生成][mypk][1次] 41.31kb [32m614ms[39m
[10:42:52.661][MARK] [群战][mypk] #加入群战 处理完成 1603ms
[10:43:01.207][MARK] [群战][rank][祝至冬女皇永远快乐((紫砂了的效忠冰之女皇的磊神爱七七)] 战榜
[10:43:01.680][MARK] [图片生成][rank][2次] 66.76kb [32m469ms[39m
[10:43:01.681][MARK] [群战][rank] 战榜 处理完成 474ms
[10:43:15.517][MARK] [群战][pk][祝至冬女皇永远快乐((紫砂了的效忠冰之女皇的磊神爱七七)] 战
[10:43:16.926][MARK] [群战][pk] 战 处理完成 1408ms
[10:43:43.762][MARK] [群战][chance][祝至冬女皇永远快乐((紫砂了的效忠冰之女皇的磊神爱七七)] #逆天改命
[10:43:43.764][MARK] [群战][chance] #逆天改命 处理完成 1ms
[10:43:56.997][MARK] [群战][mypk][祝至冬女皇永远快乐((紫砂了的提瓦特第一欧皇)] #加入群战
[10:43:57.073][MARK] [图片生成][mypk][3次] 38.04kb [32m74ms[39m
[10:43:57.074][MARK] [群战][mypk] #加入群战 处理完成 76ms
[10:44:02.963][MARK] [群战][chance][祝至冬女皇永远快乐((紫砂了的提瓦特第一欧皇)] #逆天改命
[10:44:02.964][MARK] [群战][chance] #逆天改命 处理完成 1ms
[10:44:21.665][MARK] [群战][exp][祝至冬女皇永远快乐((紫砂了的提瓦特第一欧皇)] 战宝
[10:44:22.673][MARK] [群战][exp] 战宝 处理完成 1008ms
[10:44:27.313][MARK] [群战][pk][祝至冬女皇永远快乐((紫砂了的提瓦特第一欧皇)] 战
[10:44:29.767][MARK] [群战][pk] 战 处理完成 2453ms
[10:44:42.489][MARK] [群战][pk][祝至冬女皇永远快乐((紫砂了的效忠冰之女皇的磊神爱七七)] 战
[10:44:44.016][MARK] [群战][pk] 战 处理完成 1527ms
[10:44:47.221][MARK] [群战][pk][祝至冬女皇永远快乐((紫砂了的效忠冰之女皇的磊神爱七七)] 战
[10:44:48.811][MARK] [群战][pk] 战 处理完成 1590ms
[10:44:51.502][MARK] [群战][pk][祝至冬女皇永远快乐((紫砂了的效忠冰之女皇的磊神爱七七)] 战
[10:44:53.868][MARK] [群战][pk] 战 处理完成 2366ms
[10:44:57.020][MARK] [群战][pk][祝至冬女皇永远快乐((紫砂了的提瓦特第一欧皇)] 战
[10:44:59.514][MARK] [群战][pk] 战 处理完成 2493ms
[10:45:06.299][MARK] [群战][pk][祝至冬女皇永远快乐((紫砂了的效忠冰之女皇的磊神爱七七)] 战
[10:45:07.825][MARK] [群战][pk] 战 处理完成 1526ms
[10:45:12.292][MARK] [群战][pk][祝至冬女皇永远快乐((紫砂了的效忠冰之女皇的磊神爱七七)] 战
[10:45:13.795][MARK] [群战][pk] 战 处理完成 1502ms
[10:45:16.350][MARK] [群战][pk][祝至冬女皇永远快乐((紫砂了的效忠冰之女皇的磊神爱七七)] 战
[10:45:17.910][MARK] [群战][pk] 战 处理完成 1560ms
[10:45:20.138][MARK] [群战][pk][祝至冬女皇永远快乐((紫砂了的效忠冰之女皇的磊神爱七七)] 战
[10:45:21.639][MARK] [群战][pk] 战 处理完成 1500ms
[10:45:24.034][MARK] [群战][pk][祝至冬女皇永远快乐((紫砂了的效忠冰之女皇的磊神爱七七)] 战
[10:45:25.545][MARK] [群战][pk] 战 处理完成 1510ms
[10:45:28.384][MARK] [群战][pk][祝至冬女皇永远快乐((紫砂了的效忠冰之女皇的磊神爱七七)] 战
[10:45:29.953][MARK] [群战][pk] 战 处理完成 1569ms
[10:45:32.519][MARK] [群战][pk][祝至冬女皇永远快乐((紫砂了的效忠冰之女皇的磊神爱七七)] 战
[10:45:34.064][MARK] [群战][pk] 战 处理完成 1545ms
[10:45:38.130][MARK] [群战][pk][祝至冬女皇永远快乐((紫砂了的效忠冰之女皇的磊神爱七七)] 战
[10:45:39.654][MARK] [群战][pk] 战 处理完成 1524ms
[10:45:44.363][MARK] [群战][pk][祝至冬女皇永远快乐((紫砂了的效忠冰之女皇的磊神爱七七)] 战
[10:45:45.850][MARK] [群战][pk] 战 处理完成 1487ms
[10:45:48.820][MARK] [群战][pk][祝至冬女皇永远快乐((紫砂了的效忠冰之女皇的磊神爱七七)] 战
[10:45:50.646][MARK] [群战][pk] 战 处理完成 1826ms
[10:45:52.609][MARK] [群战][pk][祝至冬女皇永远快乐((紫砂了的效忠冰之女皇的磊神爱七七)] 战
[10:45:54.400][MARK] [群战][pk] 战 处理完成 1791ms
[10:46:23.647][MARK] [群战][pk][祝至冬女皇永远快乐((紫砂了的提瓦特第一欧皇)] 战
[10:46:25.123][MARK] [群战][pk] 战 处理完成 1475ms
[10:46:54.786][MARK] [群战][pk][祝至冬女皇永远快乐((紫砂了的提瓦特第一欧皇)] 战
[10:46:56.505][MARK] [群战][pk] 战 处理完成 1718ms
[10:47:01.359][MARK] [群战][pk][祝至冬女皇永远快乐((紫砂了的提瓦特第一欧皇)] 战
[10:47:02.859][MARK] [群战][pk] 战 处理完成 1500ms
[10:47:04.571][MARK] [群战][pk][祝至冬女皇永远快乐((紫砂了的效忠冰之女皇的磊神爱七七)] 战
[10:47:06.046][MARK] [群战][pk] 战 处理完成 1475ms
[10:47:10.024][MARK] [群战][pk][祝至冬女皇永远快乐((紫砂了的效忠冰之女皇的磊神爱七七)] 战
[10:47:11.417][MARK] [群战][pk] 战 处理完成 1393ms
[10:47:15.516][MARK] [群战][pk][祝至冬女皇永远快乐((紫砂了的效忠冰之女皇的磊神爱七七)] 战
[10:47:16.888][MARK] [群战][pk] 战 处理完成 1372ms
[10:47:19.890][MARK] [群战][pk][祝至冬女皇永远快乐((紫砂了的效忠冰之女皇的磊神爱七七)] 战
[10:47:21.312][MARK] [群战][pk] 战 处理完成 1421ms
[10:47:23.597][MARK] [群战][pk][祝至冬女皇永远快乐((紫砂了的效忠冰之女皇的磊神爱七七)] 战
[10:47:25.033][MARK] [群战][pk] 战 处理完成 1435ms
[10:47:28.040][MARK] [群战][pk][祝至冬女皇永远快乐((紫砂了的提瓦特第一欧皇)] 战
[10:47:29.674][MARK] [群战][pk] 战 处理完成 1634ms
[10:47:33.620][MARK] [群战][pk][祝至冬女皇永远快乐((紫砂了的效忠冰之女皇的磊神爱七七)] 战
[10:47:35.135][MARK] [群战][pk] 战 处理完成 1515ms
[10:47:37.438][MARK] [群战][pk][祝至冬女皇永远快乐((紫砂了的效忠冰之女皇的磊神爱七七)] 战
[10:47:38.989][MARK] [群战][pk] 战 处理完成 1551ms
[10:47:54.005][MARK] [群战][pk][祝至冬女皇永远快乐((紫砂了的效忠冰之女皇的磊神爱七七)] 战
[10:47:55.500][MARK] [群战][pk] 战 处理完成 1495ms
[10:47:59.539][MARK] [群战][pk][祝至冬女皇永远快乐((紫砂了的效忠冰之女皇的磊神爱七七)] 战
[10:48:01.198][MARK] [群战][pk] 战 处理完成 1658ms
[10:48:02.973][MARK] [群战][pk][祝至冬女皇永远快乐((紫砂了的效忠冰之女皇的磊神爱七七)] 战
[10:48:05.740][MARK] [群战][pk] 战 处理完成 2767ms
[10:48:12.705][MARK] [群战][pk][祝至冬女皇永远快乐((紫砂了的提瓦特第一欧皇)] 战
[10:48:14.263][MARK] [群战][pk] 战 处理完成 1557ms
[10:48:19.453][MARK] [群战][pk][祝至冬女皇永远快乐((紫砂了的提瓦特第一欧皇)] 战
[10:48:21.347][MARK] [群战][pk] 战 处理完成 1894ms
[10:48:24.158][MARK] [群战][pk][祝至冬女皇永远快乐((紫砂了的效忠冰之女皇的磊神爱七七)] 战
[10:48:26.065][MARK] [群战][pk] 战 处理完成 1907ms
[10:48:27.970][MARK] [群战][pk][祝至冬女皇永远快乐((紫砂了的提瓦特第一欧皇)] 战
[10:48:29.486][MARK] [群战][pk] 战 处理完成 1515ms
[10:48:32.783][MARK] [群战][pk][祝至冬女皇永远快乐((紫砂了的效忠冰之女皇的磊神爱七七)] 战
[10:48:34.521][MARK] [群战][pk] 战 处理完成 1738ms
[10:48:35.554][MARK] [群战][pk][祝至冬女皇永远快乐((紫砂了的提瓦特第一欧皇)] 战
[10:48:38.043][MARK] [群战][pk] 战 处理完成 2488ms
[10:48:40.516][MARK] [群战][pk][祝至冬女皇永远快乐((紫砂了的效忠冰之女皇的磊神爱七七)] 战
[10:48:41.921][MARK] [群战][pk] 战 处理完成 1404ms
[10:48:45.487][MARK] [群战][pk][祝至冬女皇永远快乐((紫砂了的效忠冰之女皇的磊神爱七七)] 战
[10:48:48.373][MARK] [群战][pk] 战 处理完成 2886ms
[10:48:49.950][MARK] [群战][pk][祝至冬女皇永远快乐((紫砂了的提瓦特第一欧皇)] 战
[10:48:51.433][MARK] [群战][pk] 战 处理完成 1483ms
[10:48:56.044][MARK] [群战][pk][祝至冬女皇永远快乐((紫砂了的提瓦特第一欧皇)] 战
[10:48:57.717][MARK] [群战][pk] 战 处理完成 1673ms
[10:49:02.968][MARK] [群战][pk][祝至冬女皇永远快乐((紫砂了的提瓦特第一欧皇)] 战
[10:49:05.430][MARK] [群战][pk] 战 处理完成 2462ms
[10:49:12.661][MARK] [群战][pk][祝至冬女皇永远快乐((紫砂了的效忠冰之女皇的磊神爱七七)] 战
[10:49:14.034][MARK] [群战][pk] 战 处理完成 1373ms
[10:49:16.782][MARK] [群战][pk][祝至冬女皇永远快乐((紫砂了的效忠冰之女皇的磊神爱七七)] 战
[10:49:18.419][MARK] [群战][pk] 战 处理完成 1636ms
[10:49:20.307][MARK] [群战][pk][祝至冬女皇永远快乐((紫砂了的效忠冰之女皇的磊神爱七七)] 战
[10:49:21.773][MARK] [群战][pk] 战 处理完成 1466ms
[10:49:23.660][MARK] [群战][pk][祝至冬女皇永远快乐((紫砂了的效忠冰之女皇的磊神爱七七)] 战
[10:49:25.305][MARK] [群战][pk] 战 处理完成 1644ms
[10:49:26.983][MARK] [群战][pk][祝至冬女皇永远快乐((紫砂了的效忠冰之女皇的磊神爱七七)] 战
[10:49:29.403][MARK] [群战][pk] 战 处理完成 2420ms
[10:49:31.468][MARK] [群战][pk][祝至冬女皇永远快乐((紫砂了的提瓦特第一欧皇)] 战
[10:49:32.990][MARK] [群战][pk] 战 处理完成 1521ms
[10:49:37.500][MARK] [群战][pk][祝至冬女皇永远快乐((紫砂了的提瓦特第一欧皇)] 战
[10:49:38.976][MARK] [群战][pk] 战 处理完成 1475ms
[10:49:42.935][MARK] [群战][pk][祝至冬女皇永远快乐((紫砂了的提瓦特第一欧皇)] 战
[10:49:44.426][MARK] [群战][pk] 战 处理完成 1491ms
[10:49:48.393][MARK] [群战][pk][祝至冬女皇永远快乐((紫砂了的提瓦特第一欧皇)] 战
[10:49:49.803][MARK] [群战][pk] 战 处理完成 1410ms
[10:49:54.760][MARK] [群战][pk][祝至冬女皇永远快乐((紫砂了的提瓦特第一欧皇)] 战
[10:49:56.197][MARK] [群战][pk] 战 处理完成 1437ms
[10:50:01.629][MARK] [群战][pk][祝至冬女皇永远快乐((紫砂了的提瓦特第一欧皇)] 战
[10:50:03.089][MARK] [群战][pk] 战 处理完成 1459ms
[10:50:07.894][MARK] [群战][pk][祝至冬女皇永远快乐((紫砂了的提瓦特第一欧皇)] 战
[10:50:09.435][MARK] [群战][pk] 战 处理完成 1541ms
[10:50:12.957][MARK] [群战][pk][祝至冬女皇永远快乐((紫砂了的提瓦特第一欧皇)] 战
[10:50:15.751][MARK] [群战][pk] 战 处理完成 2793ms
[10:50:46.501][MARK] [群战][pk][祝至冬女皇永远快乐((紫砂了的效忠冰之女皇的磊神爱七七)] 战
[10:50:48.331][MARK] [群战][pk] 战 处理完成 1829ms
[10:50:51.757][MARK] [群战][pk][祝至冬女皇永远快乐((紫砂了的效忠冰之女皇的磊神爱七七)] 战
[10:50:54.227][MARK] [群战][pk] 战 处理完成 2470ms
[10:51:36.649][MARK] [群战][pk][祝至冬女皇永远快乐((紫砂了的提瓦特第一欧皇)] 战
[10:51:38.118][MARK] [群战][pk] 战 处理完成 1469ms
[10:51:41.791][MARK] [群战][pk][祝至冬女皇永远快乐((紫砂了的提瓦特第一欧皇)] 战
[10:51:44.553][MARK] [群战][pk] 战 处理完成 2762ms
[10:52:21.225][MARK] [群战][pk][祝至冬女皇永远快乐((紫砂了的提瓦特第一欧皇)] 战
[10:52:22.680][MARK] [群战][pk] 战 处理完成 1455ms
[10:52:32.089][MARK] [群战][pk][祝至冬女皇永远快乐((紫砂了的提瓦特第一欧皇)] 战
[10:52:33.685][MARK] [群战][pk] 战 处理完成 1596ms
[10:52:39.109][MARK] [群战][pk][祝至冬女皇永远快乐((紫砂了的效忠冰之女皇的磊神爱七七)] 战
[10:52:40.713][MARK] [群战][pk] 战 处理完成 1604ms
[10:52:43.907][MARK] [群战][pk][祝至冬女皇永远快乐((紫砂了的效忠冰之女皇的磊神爱七七)] 战
[10:52:45.441][MARK] [群战][pk] 战 处理完成 1534ms
[10:52:48.238][MARK] [群战][pk][祝至冬女皇永远快乐((紫砂了的效忠冰之女皇的磊神爱七七)] 战
[10:52:49.896][MARK] [群战][pk] 战 处理完成 1657ms
[10:52:51.690][MARK] [群战][pk][祝至冬女皇永远快乐((紫砂了的效忠冰之女皇的磊神爱七七)] 战
[10:52:53.143][MARK] [群战][pk] 战 处理完成 1453ms
[10:52:55.189][MARK] [群战][pk][祝至冬女皇永远快乐((紫砂了的效忠冰之女皇的磊神爱七七)] 战
[10:52:56.671][MARK] [群战][pk] 战 处理完成 1482ms
[10:53:00.793][MARK] [群战][pk][祝至冬女皇永远快乐((紫砂了的效忠冰之女皇的磊神爱七七)] 战
[10:53:02.446][MARK] [群战][pk] 战 处理完成 1652ms
[10:53:05.684][MARK] [群战][pk][祝至冬女皇永远快乐((紫砂了的效忠冰之女皇的磊神爱七七)] 战
[10:53:07.386][MARK] [群战][pk] 战 处理完成 1702ms
[10:53:08.858][MARK] [群战][pk][祝至冬女皇永远快乐((紫砂了的效忠冰之女皇的磊神爱七七)] 战
[10:53:10.354][MARK] [群战][pk] 战 处理完成 1495ms
[10:53:12.386][MARK] [群战][pk][祝至冬女皇永远快乐((紫砂了的效忠冰之女皇的磊神爱七七)] 战
[10:53:13.890][MARK] [群战][pk] 战 处理完成 1504ms
[10:53:23.270][MARK] [群战][pk][祝至冬女皇永远快乐((紫砂了的效忠冰之女皇的磊神爱七七)] 战
[10:53:24.921][MARK] [群战][pk] 战 处理完成 1650ms
[10:53:27.045][MARK] [群战][pk][祝至冬女皇永远快乐((紫砂了的效忠冰之女皇的磊神爱七七)] 战
[10:53:28.581][MARK] [群战][pk] 战 处理完成 1536ms
[10:53:31.905][MARK] [群战][pk][祝至冬女皇永远快乐((紫砂了的效忠冰之女皇的磊神爱七七)] 战
[10:53:33.351][MARK] [群战][pk] 战 处理完成 1446ms
[10:53:37.581][MARK] [群战][pk][祝至冬女皇永远快乐((紫砂了的效忠冰之女皇的磊神爱七七)] 战
[10:53:39.094][MARK] [群战][pk] 战 处理完成 1512ms
[10:53:41.277][MARK] [群战][pk][祝至冬女皇永远快乐((紫砂了的效忠冰之女皇的磊神爱七七)] 战
[10:53:42.764][MARK] [群战][pk] 战 处理完成 1487ms
[10:53:45.103][MARK] [群战][pk][祝至冬女皇永远快乐((紫砂了的效忠冰之女皇的磊神爱七七)] 战
[10:53:46.641][MARK] [群战][pk] 战 处理完成 1538ms
[10:53:52.791][MARK] [群战][pk][祝至冬女皇永远快乐((紫砂了的效忠冰之女皇的磊神爱七七)] 战
[10:53:55.209][MARK] [群战][pk] 战 处理完成 2418ms
[10:54:02.062][MARK] [群战][pk][祝至冬女皇永远快乐((紫砂了的提瓦特第一欧皇)] 战
[10:54:04.569][MARK] [群战][pk] 战 处理完成 2507ms
[10:54:09.655][MARK] [群战][pk][祝至冬女皇永远快乐((紫砂了的效忠冰之女皇的磊神爱七七)] 战
[10:54:11.047][MARK] [群战][pk] 战 处理完成 1392ms
[10:54:13.827][MARK] [群战][pk][祝至冬女皇永远快乐((紫砂了的效忠冰之女皇的磊神爱七七)] 战
[10:54:16.509][MARK] [群战][pk] 战 处理完成 2682ms
[10:54:22.322][MARK] [群战][pk][祝至冬女皇永远快乐((紫砂了的提瓦特第一欧皇)] 战
[10:54:23.906][MARK] [群战][pk] 战 处理完成 1583ms
[10:54:34.106][MARK] [群战][pk][祝至冬女皇永远快乐((紫砂了的提瓦特第一欧皇)] 战
[10:54:35.655][MARK] [群战][pk] 战 处理完成 1548ms
[10:54:42.695][MARK] [群战][pk][祝至冬女皇永远快乐((紫砂了的提瓦特第一欧皇)] 战
[10:54:45.115][MARK] [群战][pk] 战 处理完成 2420ms
[10:55:57.902][MARK] [群战][pk][祝至冬女皇永远快乐((紫砂了的效忠冰之女皇的磊神爱七七)] 战
[10:56:00.459][MARK] [群战][pk] 战 处理完成 2557ms
[10:56:15.615][MARK] [群战][pk][祝至冬女皇永远快乐((紫砂了的提瓦特第一欧皇)] 战
[10:56:17.228][MARK] [群战][pk] 战 处理完成 1613ms
[10:56:22.834][MARK] [群战][pk][祝至冬女皇永远快乐((紫砂了的提瓦特第一欧皇)] 战
[10:56:25.276][MARK] [群战][pk] 战 处理完成 2441ms
[10:56:37.087][MARK] [群战][pk][祝至冬女皇永远快乐((紫砂了的效忠冰之女皇的磊神爱七七)] 战
[10:56:38.671][MARK] [群战][pk] 战 处理完成 1584ms
[10:56:41.130][MARK] [群战][pk][祝至冬女皇永远快乐((紫砂了的效忠冰之女皇的磊神爱七七)] 战
[10:56:42.760][MARK] [群战][pk] 战 处理完成 1630ms
[10:56:52.167][MARK] [群战][pk][祝至冬女皇永远快乐((紫砂了的效忠冰之女皇的磊神爱七七)] 战
[10:56:53.890][MARK] [群战][pk] 战 处理完成 1723ms
[10:56:56.164][MARK] [群战][pk][祝至冬女皇永远快乐((紫砂了的效忠冰之女皇的磊神爱七七)] 战
[10:56:57.621][MARK] [群战][pk] 战 处理完成 1457ms
[10:56:59.376][MARK] [群战][pk][祝至冬女皇永远快乐((紫砂了的效忠冰之女皇的磊神爱七七)] 战
[10:57:01.062][MARK] [群战][pk] 战 处理完成 1685ms
[10:57:03.676][MARK] [群战][pk][祝至冬女皇永远快乐((紫砂了的效忠冰之女皇的磊神爱七七)] 战
[10:57:05.207][MARK] [群战][pk] 战 处理完成 1531ms
[10:57:09.332][MARK] [群战][pk][祝至冬女皇永远快乐((紫砂了的效忠冰之女皇的磊神爱七七)] 战
[10:57:10.776][MARK] [群战][pk] 战 处理完成 1444ms
[10:57:12.855][MARK] [群战][pk][祝至冬女皇永远快乐((紫砂了的效忠冰之女皇的磊神爱七七)] 战
[10:57:15.397][MARK] [群战][pk] 战 处理完成 2541ms
[10:57:17.223][MARK] [群战][pk][祝至冬女皇永远快乐((紫砂了的效忠冰之女皇的磊神爱七七)] 战
[10:57:18.933][MARK] [群战][pk] 战 处理完成 1710ms
[10:57:23.247][MARK] [群战][pk][祝至冬女皇永远快乐((紫砂了的效忠冰之女皇的磊神爱七七)] 战
[10:57:24.742][MARK] [群战][pk] 战 处理完成 1495ms
[10:57:30.145][MARK] [群战][pk][祝至冬女皇永远快乐((紫砂了的提瓦特第一欧皇)] 战
[10:57:31.680][MARK] [群战][pk] 战 处理完成 1535ms
[10:57:35.939][MARK] [群战][pk][祝至冬女皇永远快乐((紫砂了的效忠冰之女皇的磊神爱七七)] 战
[10:57:37.870][MARK] [群战][pk] 战 处理完成 1931ms
[10:57:40.416][MARK] [群战][pk][祝至冬女皇永远快乐((紫砂了的效忠冰之女皇的磊神爱七七)] 战
[10:57:41.821][MARK] [群战][pk] 战 处理完成 1405ms
[10:57:43.849][MARK] [群战][pk][祝至冬女皇永远快乐((紫砂了的提瓦特第一欧皇)] 战
[10:57:46.273][MARK] [群战][pk] 战 处理完成 2424ms
[10:57:48.825][MARK] [群战][pk][祝至冬女皇永远快乐((紫砂了的效忠冰之女皇的磊神爱七七)] 战
[10:57:50.396][MARK] [群战][pk] 战 处理完成 1571ms
[10:57:52.693][MARK] [群战][pk][祝至冬女皇永远快乐((紫砂了的效忠冰之女皇的磊神爱七七)] 战
[10:57:54.142][MARK] [群战][pk] 战 处理完成 1448ms
[10:57:56.551][MARK] [群战][pk][祝至冬女皇永远快乐((紫砂了的效忠冰之女皇的磊神爱七七)] 战
[10:57:57.975][MARK] [群战][pk] 战 处理完成 1424ms
[10:58:41.944][MARK] [群战][timeRank][祝至冬女皇永远快乐((紫砂了的效忠冰之女皇的磊神爱七七)] #战狂榜
[10:58:42.093][MARK] [图片生成][rank][4次] 67.57kb [32m146ms[39m
[10:58:42.094][MARK] [群战][timeRank] #战狂榜 处理完成 150ms
[10:59:10.746][MARK] [群战][timepk][祝至冬女皇永远快乐((紫砂了的提瓦特第一欧皇)] #狂战
[10:59:10.747][MARK] [群战][timepk] #狂战 处理完成 1ms
[10:59:28.862][MARK] [群战][timepk][祝至冬女皇永远快乐((紫砂了的效忠冰之女皇的磊神爱七七)] #狂战
[10:59:31.192][MARK] [群战][timepk] #狂战 处理完成 2329ms
[11:00:52.409][MARK] [群战][pk][祝至冬女皇永远快乐((紫砂了的提瓦特第一欧皇)] 战
[11:00:54.313][MARK] [群战][pk] 战 处理完成 1903ms
[11:01:01.219][MARK] [群战][pk][祝至冬女皇永远快乐((紫砂了的提瓦特第一欧皇)] 战
[11:01:02.633][MARK] [群战][pk] 战 处理完成 1414ms
[11:01:07.241][MARK] [群战][pk][祝至冬女皇永远快乐((紫砂了的提瓦特第一欧皇)] 战
[11:01:09.616][MARK] [群战][pk] 战 处理完成 2374ms
[11:01:25.288][MARK] [群战][pk][祝至冬女皇永远快乐((紫砂了的提瓦特第一欧皇)] 战
[11:01:26.841][MARK] [群战][pk] 战 处理完成 1552ms
[11:01:28.868][MARK] [群战][pk][祝至冬女皇永远快乐((紫砂了的提瓦特第一欧皇)] 战
[11:01:30.475][MARK] [群战][pk] 战 处理完成 1607ms
[11:01:35.049][MARK] [群战][pk][祝至冬女皇永远快乐((紫砂了的提瓦特第一欧皇)] 战
[11:01:36.414][MARK] [群战][pk] 战 处理完成 1365ms
[11:01:39.779][MARK] [群战][pk][祝至冬女皇永远快乐((紫砂了的提瓦特第一欧皇)] 战
[11:01:41.681][MARK] [群战][pk] 战 处理完成 1902ms
[11:01:43.979][MARK] [群战][pk][祝至冬女皇永远快乐((紫砂了的提瓦特第一欧皇)] 战
[11:01:45.575][MARK] [群战][pk] 战 处理完成 1595ms
[11:01:48.444][MARK] [群战][pk][祝至冬女皇永远快乐((紫砂了的提瓦特第一欧皇)] 战
[11:01:50.099][MARK] [群战][pk] 战 处理完成 1654ms
[11:01:56.007][MARK] [群战][pk][祝至冬女皇永远快乐((紫砂了的提瓦特第一欧皇)] 战
[11:01:57.790][MARK] [群战][pk] 战 处理完成 1782ms
[11:02:03.060][MARK] [群战][pk][祝至冬女皇永远快乐((紫砂了的提瓦特第一欧皇)] 战
[11:02:04.600][MARK] [群战][pk] 战 处理完成 1540ms
[11:02:06.943][MARK] [群战][pk][祝至冬女皇永远快乐((紫砂了的效忠冰之女皇的磊神爱七七)] 战
[11:02:08.459][MARK] [群战][pk] 战 处理完成 1516ms
[11:02:11.105][MARK] [群战][pk][祝至冬女皇永远快乐((紫砂了的效忠冰之女皇的磊神爱七七)] 战
[11:02:13.055][MARK] [群战][pk] 战 处理完成 1950ms
[11:02:14.794][MARK] [群战][pk][祝至冬女皇永远快乐((紫砂了的效忠冰之女皇的磊神爱七七)] 战
[11:02:16.278][MARK] [群战][pk] 战 处理完成 1484ms
[11:02:18.146][MARK] [群战][pk][祝至冬女皇永远快乐((紫砂了的效忠冰之女皇的磊神爱七七)] 战
[11:02:20.081][MARK] [群战][pk] 战 处理完成 1934ms
[11:02:25.629][MARK] [群战][pk][祝至冬女皇永远快乐((紫砂了的效忠冰之女皇的磊神爱七七)] 战
[11:02:27.278][MARK] [群战][pk] 战 处理完成 1649ms
[11:02:29.353][MARK] [群战][pk][祝至冬女皇永远快乐((紫砂了的效忠冰之女皇的磊神爱七七)] 战
[11:02:31.229][MARK] [群战][pk] 战 处理完成 1875ms
[11:02:33.234][MARK] [群战][pk][祝至冬女皇永远快乐((紫砂了的效忠冰之女皇的磊神爱七七)] 战
[11:02:34.749][MARK] [群战][pk] 战 处理完成 1515ms
[11:02:37.152][MARK] [群战][pk][祝至冬女皇永远快乐((紫砂了的效忠冰之女皇的磊神爱七七)] 战
[11:02:38.632][MARK] [群战][pk] 战 处理完成 1480ms
[11:02:41.842][MARK] [群战][pk][祝至冬女皇永远快乐((紫砂了的效忠冰之女皇的磊神爱七七)] 战
[11:02:43.623][MARK] [群战][pk] 战 处理完成 1781ms
[11:02:49.869][MARK] [群战][pk][祝至冬女皇永远快乐((紫砂了的效忠冰之女皇的磊神爱七七)] 战
[11:02:51.358][MARK] [群战][pk] 战 处理完成 1489ms
[11:14:42.618][MARK] [米游社查询][uid：107192135][32m[使用已绑定ck：179571376][39m
[11:14:42.640][MARK] puppeteer Chromium 启动中。。
[11:14:43.225][MARK] puppeteer Chromium 启动成功
[11:14:44.355][MARK] [图片生成][miao-plugin/character/character-card][1次] 203.72kb [32m1115ms[39m
[11:14:46.137][MARK] [miao-plugin][dispatch] #角色详情 处理完成 3527ms
[11:14:51.221][MARK] [添加表情][add][祝至冬女皇永远快乐((紫砂了的效忠冰之女皇的磊神爱七七)] #添加胡桃
[11:14:51.488][MARK] [添加表情][add] #添加胡桃 处理完成 267ms
[11:14:57.136][MARK] [发送表情][祝至冬女皇永远快乐((紫砂了的效忠冰之女皇的磊神爱七七)] 胡桃
[11:15:06.752][MARK] [图片生成][miao-plugin/character/character-card][2次] 205.22kb [32m1091ms[39m
[11:15:08.101][MARK] [miao-plugin][dispatch] #角色详情 处理完成 2448ms
[11:15:17.344][MARK] [添加表情][add][祝至冬女皇永远快乐((紫砂了的效忠冰之女皇的磊神爱七七)] #添加胡桃
[11:15:17.665][MARK] [添加表情][add] #添加胡桃 处理完成 321ms
[11:15:30.474][MARK] [发送表情][祝至冬女皇永远快乐((紫砂了的效忠冰之女皇的磊神爱七七)] 胡桃
[11:15:37.783][MARK] [添加表情][add][祝至冬女皇永远快乐((紫砂了的效忠冰之女皇的磊神爱七七)] #添加胡条
[11:15:38.066][MARK] [添加表情][add] #添加胡条 处理完成 282ms
[11:15:46.904][MARK] [添加表情][add][祝至冬女皇永远快乐((紫砂了的效忠冰之女皇的磊神爱七七)] #添加胡条
[11:15:47.204][MARK] [添加表情][add] #添加胡条 处理完成 299ms
