[19:21:27.673][MARK] Yunzai-Bot 启动中...
[19:21:27.677][MARK] 连接redis....
[19:21:27.691][MARK] 连接redis成功
[19:21:28.164][MARK] 请使用登录当前QQ的手机[32m扫码[39m完成登录，如果显示二维码过期，可以按[32m回车键（Enter）[39m刷新，重新输入密码请执行命令：[32mnpm run login[39m
[19:21:47.950][MARK] ----^_^----
[19:21:47.952][MARK] [32mYunzai-Bot 上线成功 版本v3.0.0[39m
[19:21:47.952][MARK] [32mhttps://github.com/Le-niao/Yunzai-Bot[39m
[19:21:49.589][MARK] 发送好友消息[Mr.Goddess](215381250)
[19:22:17.058][MARK] [体力查询][note][三次元的🐮和🐴之家o(退群的紫砂了的平平无奇的纯爱战神)] 体力
[19:22:17.067][MARK] [米游社查询][uid：107192135][32m[使用已绑定ck：179571376][39m
[19:22:17.483][MARK] [米游社接口][dailyNote][107192135] 412ms
[19:22:17.706][MARK] puppeteer Chromium 启动中。。
[19:22:18.778][MARK] puppeteer Chromium 启动成功
[19:22:20.097][MARK] [图片生成][dailyNote][1次] 42.30kb [32m1297ms[39m
[19:22:21.250][MARK] [体力查询][note] 体力 处理完成 4191ms
[19:24:08.180][MARK] [米游社功能][searchCos][三次元的🐮和🐴之家o(退群的紫砂了的平平无奇的纯爱战神)] #cos 刻晴
[19:24:30.453][MARK] [米游社功能][searchCos] #cos 刻晴 处理完成 22271ms
[19:24:44.654][MARK] [米游社功能][searchCos][三次元的🐮和🐴之家o(退群的紫砂了的平平无奇的纯爱战神)] #cos 可莉
[19:25:06.793][MARK] [米游社功能][searchCos] #cos 可莉 处理完成 22137ms
[19:25:20.362][MARK] [21点][startBlackjack][三次元的🐮和🐴之家o(退群的紫砂了的平平无奇的纯爱战神)] #21点
[19:25:20.363][MARK] [21点][startBlackjack] #21点 处理完成 1ms
[19:25:25.896][MARK] [21点][deal][三次元的🐮和🐴之家o(退群的紫砂了的平平无奇的纯爱战神)] 叫牌
[19:25:25.897][MARK] [21点][deal] 叫牌 处理完成 0ms
[19:25:44.975][MARK] [群战][pk][三次元的🐮和🐴之家o(退群的紫砂了的平平无奇的纯爱战神)] 战
[19:25:46.872][MARK] [群战][pk] 战 处理完成 1896ms
[19:25:53.517][MARK] [自动同意][添加好友] 2469606189
[19:25:58.696][MARK] [十连][gacha][三次元的🐮和🐴之家o(退群的紫砂了的平平无奇的纯爱战神)] 十连
[19:25:58.895][MARK] [图片生成][gacha][2次] 98.12kb [32m157ms[39m
[19:26:00.285][MARK] [十连][gacha] 十连 处理完成 1567ms
[19:26:05.611][MARK] [十连][gacha][三次元的🐮和🐴之家o(退群的紫砂了的平平无奇的纯爱战神)] 十连
[19:26:05.613][MARK] [十连][gacha] 十连 处理完成 2ms
[19:26:51.783][MARK] [十连][gacha][祝至冬女皇永远快乐((简简单单开个盒🤗)] 十连
[19:26:51.909][MARK] [图片生成][gacha][3次] 96.77kb [32m121ms[39m
[19:26:53.265][MARK] [十连][gacha] 十连 处理完成 1481ms
[19:27:02.091][MARK] [十连][gacha][祝至冬女皇永远快乐((紫砂了的效忠冰之女皇的磊神爱七七)] 十连
[19:27:02.210][MARK] [图片生成][gacha][4次] 96.28kb [32m112ms[39m
[19:27:03.523][MARK] [十连][gacha] 十连 处理完成 1431ms
[19:27:03.682][MARK] [十连][gacha][祝至冬女皇永远快乐((简简单单开个盒🤗)] 十连
[19:27:03.683][MARK] [十连][gacha] 十连 处理完成 1ms
[19:27:21.007][MARK] [十连][gacha][祝至冬女皇永远快乐((紫砂了的效忠冰之女皇的磊神爱七七)] 十连
[19:27:21.009][MARK] [十连][gacha] 十连 处理完成 1ms
[19:27:26.381][MARK] [十连][gacha][祝至冬女皇永远快乐((紫砂了的效忠冰之女皇的磊神爱七七)] 十连
[19:27:26.384][MARK] [十连][gacha] 十连 处理完成 2ms
[19:27:30.658][MARK] [十连][gacha][祝至冬女皇永远快乐((紫砂了的效忠冰之女皇的磊神爱七七)] 十连
[19:27:30.660][MARK] [十连][gacha] 十连 处理完成 2ms
[19:27:35.499][MARK] [十连][gacha][祝至冬女皇永远快乐((紫砂了的效忠冰之女皇的磊神爱七七)] 十连
[19:27:35.502][MARK] [十连][gacha] 十连 处理完成 1ms
[19:27:40.477][MARK] [十连][gacha][祝至冬女皇永远快乐((简简单单开个盒🤗)] 十连
[19:27:40.479][MARK] [十连][gacha] 十连 处理完成 1ms
[19:27:44.452][MARK] [十连][gacha][祝至冬女皇永远快乐((简简单单开个盒🤗)] 十连
[19:27:44.454][MARK] [十连][gacha] 十连 处理完成 1ms
[19:27:55.127][MARK] [十连][gacha][祝至冬女皇永远快乐((简简单单开个盒🤗)] 十连
[19:27:55.129][MARK] [十连][gacha] 十连 处理完成 1ms
[19:28:00.783][MARK] [十连][gacha][祝至冬女皇永远快乐((简简单单开个盒🤗)] 十连
[19:28:00.785][MARK] [十连][gacha] 十连 处理完成 1ms
[19:28:39.917][MARK] [给我点颜色看看][startSeecolor][三次元的🐮和🐴之家o(退群的紫砂了的平平无奇的纯爱战神)] #给我点颜色看看
[19:28:39.994][MARK] [图片生成][seecolor][5次] 10.88kb [32m72ms[39m
[19:28:39.994][MARK] [给我点颜色看看][startSeecolor] #给我点颜色看看 处理完成 76ms
[19:28:56.140][MARK] [给我点颜色看看][click][三次元的🐮和🐴之家o(退群的紫砂了的平平无奇的纯爱战神)] 块4
[19:28:56.231][MARK] [图片生成][seecolor][6次] 20.17kb [32m88ms[39m
[19:28:56.834][MARK] [给我点颜色看看][click] 块4 处理完成 693ms
[19:29:14.624][MARK] [给我点颜色看看][click][三次元的🐮和🐴之家o(退群的紫砂了的平平无奇的纯爱战神)] 块4
[19:29:14.709][MARK] [图片生成][seecolor][7次] 23.99kb [32m83ms[39m
[19:29:15.320][MARK] [给我点颜色看看][click] 块4 处理完成 695ms
[19:29:23.478][MARK] [给我点颜色看看][click][三次元的🐮和🐴之家o(退群的紫砂了的平平无奇的纯爱战神)] 块5
[19:29:23.559][MARK] [图片生成][seecolor][8次] 33.26kb [32m79ms[39m
[19:29:24.169][MARK] [给我点颜色看看][click] 块5 处理完成 691ms
[19:29:31.447][MARK] [给我点颜色看看][click][三次元的🐮和🐴之家o(退群的紫砂了的平平无奇的纯爱战神)] 块23
[19:29:31.527][MARK] [图片生成][seecolor][9次] 39.61kb [32m78ms[39m
[19:29:32.142][MARK] [给我点颜色看看][click] 块23 处理完成 695ms
[19:29:39.111][MARK] [给我点颜色看看][click][三次元的🐮和🐴之家o(退群的紫砂了的平平无奇的纯爱战神)] 块11
[19:29:39.195][MARK] [图片生成][seecolor][10次] 45.51kb [32m82ms[39m
[19:29:39.798][MARK] [给我点颜色看看][click] 块11 处理完成 686ms
[19:29:45.810][MARK] [给我点颜色看看][click][三次元的🐮和🐴之家o(退群的紫砂了的平平无奇的纯爱战神)] 块20
[19:29:45.894][MARK] [图片生成][seecolor][11次] 52.92kb [32m82ms[39m
[19:29:46.506][MARK] [给我点颜色看看][click] 块20 处理完成 695ms
[19:29:52.837][MARK] [给我点颜色看看][click][三次元的🐮和🐴之家o(退群的紫砂了的平平无奇的纯爱战神)] 块51
[19:29:52.929][MARK] [图片生成][seecolor][12次] 57.17kb [32m90ms[39m
[19:29:53.538][MARK] [给我点颜色看看][click] 块51 处理完成 701ms
[19:29:59.485][MARK] [给我点颜色看看][click][三次元的🐮和🐴之家o(退群的紫砂了的平平无奇的纯爱战神)] 块34
[19:29:59.562][MARK] [图片生成][seecolor][13次] 68.15kb [32m75ms[39m
[19:30:00.164][MARK] [给我点颜色看看][click] 块34 处理完成 679ms
[19:30:13.379][MARK] [给我点颜色看看][click][三次元的🐮和🐴之家o(退群的紫砂了的平平无奇的纯爱战神)] 块3
[19:30:13.463][MARK] [图片生成][seecolor][14次] 81.58kb [32m82ms[39m
[19:30:14.076][MARK] [给我点颜色看看][click] 块3 处理完成 696ms
[19:30:23.483][MARK] [给我点颜色看看][click][三次元的🐮和🐴之家o(退群的紫砂了的平平无奇的纯爱战神)] 块44
[19:30:23.578][MARK] [图片生成][seecolor][15次] 87.96kb [32m93ms[39m
[19:30:24.189][MARK] [给我点颜色看看][click] 块44 处理完成 705ms
[19:30:48.159][MARK] [给我点颜色看看][click][三次元的🐮和🐴之家o(退群的紫砂了的平平无奇的纯爱战神)] 块122
[19:30:48.246][MARK] [图片生成][seecolor][16次] 104.19kb [32m86ms[39m
[19:30:48.850][MARK] [给我点颜色看看][click] 块122 处理完成 691ms
[19:31:07.563][MARK] [给我点颜色看看][click][三次元的🐮和🐴之家o(退群的紫砂了的平平无奇的纯爱战神)] 块142
[19:31:07.663][MARK] [图片生成][seecolor][17次] 126.75kb [32m96ms[39m
[19:31:08.268][MARK] [给我点颜色看看][click] 块142 处理完成 704ms
[19:31:27.373][MARK] [给我点颜色看看][click][三次元的🐮和🐴之家o(退群的紫砂了的平平无奇的纯爱战神)] 块54
[19:31:27.466][MARK] [图片生成][seecolor][18次] 132.27kb [32m91ms[39m
[19:31:28.069][MARK] [给我点颜色看看][click] 块54 处理完成 696ms
[19:31:39.225][MARK] [给我点颜色看看][click][三次元的🐮和🐴之家o(退群的紫砂了的平平无奇的纯爱战神)] 块200
[19:31:39.332][MARK] [图片生成][seecolor][19次] 145.25kb [32m105ms[39m
[19:31:39.943][MARK] [给我点颜色看看][click] 块200 处理完成 718ms
[19:32:06.923][MARK] [给我点颜色看看][click][三次元的🐮和🐴之家o(退群的紫砂了的平平无奇的纯爱战神)] 块101
[19:32:07.028][MARK] [图片生成][seecolor][20次] 166.89kb [32m102ms[39m
[19:32:07.642][MARK] [给我点颜色看看][click] 块101 处理完成 718ms
[19:33:06.931][MARK] [添加表情][add][私聊][Zemdalk(2469606189)] #添加test
[19:33:07.124][MARK] [添加表情][add] #添加test 处理完成 193ms
[19:33:13.517][MARK] [发送表情][私聊][Zemdalk(2469606189)] test
[19:33:56.197][MARK] [发送表情][三次元的🐮和🐴之家o(不似的🐕二次元唐氏🌹)] 😭
[19:40:30.804][MARK] puppeteer Chromium 启动中。。
[19:40:32.568][MARK] puppeteer Chromium 启动成功
[19:40:33.711][MARK] [图片生成][miao-plugin/wiki/character-talent][1次] 236.80kb [32m1118ms[39m
[19:40:34.679][MARK] [21点][startBlackjack][三次元的🐮和🐴之家o(小调皮不似的三嵩鼠官方（已黑化，小学生）)] #21点
[19:40:34.680][MARK] [21点][startBlackjack] #21点 处理完成 1ms
[19:40:34.681][MARK] [miao-plugin][dispatch] #琴命座 处理完成 3890ms
[19:41:14.644][MARK] [21点][deal][三次元的🐮和🐴之家o(退群的紫砂了的平平无奇的纯爱战神)] 叫牌
[19:41:14.645][MARK] [21点][deal] 叫牌 处理完成 1ms
[19:41:19.500][MARK] [21点][deal][三次元的🐮和🐴之家o(退群的紫砂了的平平无奇的纯爱战神)] 叫牌
[19:41:19.501][MARK] [21点][deal] 叫牌 处理完成 0ms
[19:41:23.042][MARK] [21点][deal][三次元的🐮和🐴之家o(退群的紫砂了的平平无奇的纯爱战神)] 叫牌
[19:41:23.043][MARK] [21点][deal] 叫牌 处理完成 0ms
[19:41:27.401][MARK] [21点][deal][三次元的🐮和🐴之家o(退群的紫砂了的平平无奇的纯爱战神)] 叫牌
[19:41:27.402][MARK] [21点][deal] 叫牌 处理完成 1ms
[19:41:31.333][MARK] [21点][stop][三次元的🐮和🐴之家o(退群的紫砂了的平平无奇的纯爱战神)] 停牌
[19:41:31.335][MARK] [21点][stop] 停牌 处理完成 1ms
[19:41:37.127][MARK] [21点][deal][三次元的🐮和🐴之家o(小调皮不似的三嵩鼠官方（已黑化，小学生）)] 叫牌
[19:41:37.128][MARK] [21点][deal] 叫牌 处理完成 0ms
[19:41:40.182][MARK] [21点][deal][三次元的🐮和🐴之家o(小调皮不似的三嵩鼠官方（已黑化，小学生）)] 叫牌
[19:41:40.185][MARK] [21点][deal] 叫牌 处理完成 2ms
[19:41:44.264][MARK] [21点][deal][三次元的🐮和🐴之家o(小调皮不似的三嵩鼠官方（已黑化，小学生）)] 叫牌
[19:41:44.265][MARK] [21点][deal] 叫牌 处理完成 1ms
[19:41:48.298][MARK] [21点][deal][三次元的🐮和🐴之家o(小调皮不似的三嵩鼠官方（已黑化，小学生）)] 叫牌
[19:41:48.299][MARK] [21点][deal] 叫牌 处理完成 1ms
[19:41:52.690][MARK] [21点][deal][三次元的🐮和🐴之家o(小调皮不似的三嵩鼠官方（已黑化，小学生）)] 叫牌
[19:41:52.691][MARK] [21点][deal] 叫牌 处理完成 1ms
[19:44:08.651][MARK] [神秘指令][woc][祝至冬女皇永远快乐((紫砂了的提瓦特第一欧皇)] woc
[19:44:15.090][MARK] [神秘指令][woc] woc 处理完成 6438ms
[19:44:24.186][MARK] [神秘指令][woc][祝至冬女皇永远快乐((紫砂了的效忠冰之女皇的磊神爱七七)] woc
[19:44:29.824][MARK] [神秘指令][woc] woc 处理完成 5638ms
[20:53:31.185][MARK] [发送表情][三次元的🐮和🐴之家o(不似的🐕二次元唐氏🌹)] 😭
