[14:07:16.570][MARK] Yunzai-Bot 启动中...
[14:07:16.572][MARK] 连接redis....
[14:07:16.592][MARK] 连接redis成功
[14:07:16.877][MARK] 请使用登录当前QQ的手机[32m扫码[39m完成登录，如果显示二维码过期，可以按[32m回车键（Enter）[39m刷新，重新输入密码请执行命令：[32mnpm run login[39m
[14:07:28.756][MARK] ----^_^----
[14:07:28.759][MARK] [32mYunzai-Bot 上线成功 版本v3.0.0[39m
[14:07:28.759][MARK] [32mhttps://github.com/Le-niao/Yunzai-Bot[39m
[14:07:30.280][MARK] 发送好友消息[Mr.Goddess](215381250)
[14:07:43.460][MARK] [札记查询][ledger][祝至冬女皇永远快乐((紫砂了的提瓦特第一欧皇)] #原石
[14:07:43.469][MARK] [札记查询][ledger] #原石 处理完成 7ms
[14:07:45.850][MARK] [札记查询][ledger][祝至冬女皇永远快乐((紫砂了的效忠冰之女皇的磊神爱七七)] #原石
[14:07:45.851][MARK] [米游社查询][uid：107192135][32m[使用已绑定ck：179571376][39m
[14:07:46.168][MARK] [米游社接口][ys_ledger][107192135] 315ms
[14:07:46.324][MARK] puppeteer Chromium 启动中。。
[14:07:46.956][MARK] [札记查询][自动保存] uid:107192135 原石数据已保存
[14:07:47.173][MARK] puppeteer Chromium 启动成功
[14:07:48.157][MARK] [图片生成][ledger][1次] 106.57kb [32m968ms[39m
[14:07:49.480][MARK] [札记查询][ledger] #原石 处理完成 3630ms
[14:08:00.849][MARK] [用户绑定][bingCk][私聊][大当家(2692297287)] #绑定cookie
[14:08:01.170][MARK] [用户绑定][bingCk] 检查cookie正常 [uid:141753246]
[14:08:01.178][MARK] [用户绑定][bingCk] 保存cookie成功 [uid:141753246] [ltuid:239743748]
[14:08:02.082][MARK] [用户绑定][bingCk] #绑定cookie 处理完成 1231ms
[14:08:08.981][MARK] [札记查询][ledger][祝至冬女皇永远快乐((紫砂了的提瓦特第一欧皇)] #原石
[14:08:08.983][MARK] [米游社查询][uid：141753246][32m[使用已绑定ck：239743748][39m
[14:08:09.196][MARK] [米游社接口][ys_ledger][141753246] 212ms
[14:08:09.197][MARK] [ck失效][uid:141753246][qq:2692297287]
[14:08:09.198][MARK] [删除失效绑定ck][qq:2692297287]
[14:08:09.201][MARK] [mys接口报错]{"data":null,"message":"未登录","retcode":-100,"api":"ys_ledger"}，uid：141753246
[14:08:09.201][MARK] [札记查询][ledger] #原石 处理完成 219ms
[14:08:45.665][MARK] [更新][updateAll][私聊][Mr.Goddess(215381250)] #全部更新
[14:08:46.261][MARK] [更新][updateAll] 开始更新：Yunzai-Bot
[14:08:49.896][MARK] [更新][updateAll] 更新失败：Yunzai-Bot
[14:08:51.464][MARK] [更新][updateAll] 开始更新：miao-plugin
[14:08:51.515][MARK] [用户绑定][bingCk][私聊][大当家(2692297287)] #绑定cookie
[14:08:51.709][MARK] [用户绑定][bingCk] 检查cookie正常 [uid:141753246]
[14:08:51.712][MARK] [用户绑定][bingCk] 保存cookie成功 [uid:141753246] [ltuid:239743748]
[14:08:52.517][MARK] [用户绑定][bingCk] #绑定cookie 处理完成 1000ms
[14:08:55.682][MARK] [札记查询][ledger][私聊][大当家(2692297287)] #原石
[14:08:55.683][MARK] [米游社查询][uid：141753246][32m[使用已绑定ck：239743748][39m
[14:08:55.895][MARK] [米游社接口][ys_ledger][141753246] 211ms
[14:08:55.896][MARK] [ck失效][uid:141753246][qq:2692297287]
[14:08:55.897][MARK] [删除失效绑定ck][qq:2692297287]
[14:08:55.899][MARK] [mys接口报错]{"data":null,"message":"未登录","retcode":-100,"api":"ys_ledger"}，uid：141753246
[14:08:55.899][MARK] [札记查询][ledger] #原石 处理完成 217ms
[14:08:57.743][MARK] [体力查询][note][私聊][大当家(2692297287)] 体力
[14:08:57.745][MARK] [体力查询][note] 体力 处理完成 2ms
[14:09:03.463][MARK] [更新][updateAll] 最后更新时间：10-23 03:45
[14:09:05.020][MARK] [更新][updateAll] 开始更新：xianxin-plugin
[14:09:08.167][MARK] [用户绑定][ckHelp][祝至冬女皇永远快乐((紫砂了的提瓦特第一欧皇)] 体力帮助
[14:09:08.207][MARK] [更新][updateAll] 更新失败：xianxin-plugin
[14:09:08.208][MARK] [更新][updateAll] #全部更新 处理完成 21947ms
[14:09:08.557][MARK] [用户绑定][ckHelp] 体力帮助 处理完成 389ms
[14:09:10.413][MARK] [更新][updateAll] 开始执行重启，请稍等...
[14:09:15.094][MARK] Yunzai-Bot 启动中...
[14:09:15.096][MARK] 连接redis....
[14:09:15.108][MARK] 连接redis成功
[14:09:15.332][MARK] 请使用登录当前QQ的手机扫码完成登录，如果显示二维码过期，可以按回车键（Enter）刷新，重新输入密码请执行命令：npm run login
[14:15:27.161][MARK] Yunzai-Bot 启动中...
[14:15:27.163][MARK] 连接redis....
[14:15:27.177][MARK] 连接redis成功
[14:15:32.216][MARK] 掉线了
[14:15:42.229][MARK] 掉线了
[14:15:47.393][MARK] 请使用登录当前QQ的手机[32m扫码[39m完成登录，如果显示二维码过期，可以按[32m回车键（Enter）[39m刷新，重新输入密码请执行命令：[32mnpm run login[39m
[14:15:55.253][MARK] 请使用登录当前QQ的手机[32m扫码[39m完成登录，如果显示二维码过期，可以按[32m回车键（Enter）[39m刷新，重新输入密码请执行命令：[32mnpm run login[39m
[14:16:13.114][MARK] ----^_^----
[14:16:13.115][MARK] [32mYunzai-Bot 上线成功 版本v3.0.0[39m
[14:16:13.118][MARK] [32mhttps://github.com/Le-niao/Yunzai-Bot[39m
[14:16:39.389][MARK] [用户绑定][bingCk][私聊][大当家(2692297287)] #绑定cookie
[14:16:39.714][MARK] [用户绑定][bingCk] 检查cookie正常 [uid:141753246]
[14:16:39.722][MARK] [用户绑定][bingCk] 保存cookie成功 [uid:141753246] [ltuid:239743748]
[14:16:40.573][MARK] [用户绑定][bingCk] #绑定cookie 处理完成 1181ms
[14:16:44.063][MARK] [札记查询][ledger][祝至冬女皇永远快乐((紫砂了的提瓦特第一欧皇)] #原石
[14:16:44.067][MARK] [米游社查询][uid：141753246][32m[使用已绑定ck：239743748][39m
[14:16:44.389][MARK] [米游社接口][ys_ledger][141753246] 320ms
[14:16:44.482][MARK] puppeteer Chromium 启动中。。
[14:16:45.065][MARK] puppeteer Chromium 启动成功
[14:16:45.123][MARK] [札记查询][自动保存] uid:141753246 原石数据已保存
[14:16:45.963][MARK] [图片生成][ledger][1次] 106.82kb [32m886ms[39m
[14:16:47.751][MARK] [札记查询][ledger] #原石 处理完成 3687ms
[14:17:19.024][MARK] [群战][rank][祝至冬女皇永远快乐((紫砂了的提瓦特第一欧皇)] 战榜
[14:17:19.491][MARK] [图片生成][rank][2次] 67.90kb [32m462ms[39m
[14:17:19.492][MARK] [群战][rank] 战榜 处理完成 467ms
[14:17:22.695][MARK] [群战][exp][祝至冬女皇永远快乐((紫砂了的提瓦特第一欧皇)] 战宝
[14:17:23.706][MARK] [群战][exp] 战宝 处理完成 1011ms
[14:17:39.280][MARK] [群战][pk][祝至冬女皇永远快乐((紫砂了的提瓦特第一欧皇)] 战
[14:17:41.922][MARK] [群战][pk] 战 处理完成 2641ms
[14:17:48.866][MARK] [群战][chance][祝至冬女皇永远快乐((紫砂了的效忠冰之女皇的磊神爱七七)] #逆天改命
[14:17:48.868][MARK] [群战][chance] #逆天改命 处理完成 1ms
[14:17:49.494][MARK] [群战][pk][祝至冬女皇永远快乐((紫砂了的提瓦特第一欧皇)] 战
[14:17:51.156][MARK] [群战][pk] 战 处理完成 1661ms
[14:18:00.064][MARK] [群战][pk][祝至冬女皇永远快乐((紫砂了的提瓦特第一欧皇)] 战
[14:18:01.873][MARK] [群战][pk] 战 处理完成 1808ms
[14:18:12.864][MARK] [群战][pk][祝至冬女皇永远快乐((紫砂了的效忠冰之女皇的磊神爱七七)] 战
[14:18:14.580][MARK] [群战][pk] 战 处理完成 1716ms
[14:18:16.278][MARK] [群战][pk][祝至冬女皇永远快乐((紫砂了的效忠冰之女皇的磊神爱七七)] 战
[14:18:19.015][MARK] [群战][pk] 战 处理完成 2736ms
[14:18:20.367][MARK] [群战][pk][祝至冬女皇永远快乐((紫砂了的效忠冰之女皇的磊神爱七七)] 战
[14:18:22.074][MARK] [群战][pk] 战 处理完成 1707ms
[14:18:25.190][MARK] [群战][pk][祝至冬女皇永远快乐((紫砂了的效忠冰之女皇的磊神爱七七)] 战
[14:18:26.909][MARK] [群战][pk] 战 处理完成 1719ms
[14:18:28.780][MARK] [群战][pk][祝至冬女皇永远快乐((紫砂了的提瓦特第一欧皇)] 战
[14:18:30.570][MARK] [群战][pk] 战 处理完成 1790ms
[14:18:40.685][MARK] [群战][pk][祝至冬女皇永远快乐((紫砂了的效忠冰之女皇的磊神爱七七)] 战
[14:18:42.468][MARK] [群战][pk] 战 处理完成 1783ms
[14:18:47.865][MARK] [群战][pk][祝至冬女皇永远快乐((紫砂了的提瓦特第一欧皇)] 战
[14:18:49.014][MARK] [群战][pk][祝至冬女皇永远快乐((紫砂了的效忠冰之女皇的磊神爱七七)] 战
[14:18:49.588][MARK] [群战][pk] 战 处理完成 1723ms
[14:18:50.735][MARK] [群战][pk] 战 处理完成 1721ms
[14:18:54.040][MARK] [群战][pk][祝至冬女皇永远快乐((紫砂了的效忠冰之女皇的磊神爱七七)] 战
[14:18:55.850][MARK] [群战][pk] 战 处理完成 1810ms
[14:18:58.644][MARK] [群战][pk][祝至冬女皇永远快乐((紫砂了的提瓦特第一欧皇)] 战
[14:18:59.649][MARK] [群战][pk][祝至冬女皇永远快乐((紫砂了的效忠冰之女皇的磊神爱七七)] 战
[14:19:00.459][MARK] [群战][pk] 战 处理完成 1815ms
[14:19:01.375][MARK] [群战][pk] 战 处理完成 1726ms
[14:19:05.679][MARK] [群战][pk][祝至冬女皇永远快乐((紫砂了的提瓦特第一欧皇)] 战
[14:19:07.321][MARK] [群战][pk] 战 处理完成 1642ms
[14:19:07.920][MARK] [群战][pk][祝至冬女皇永远快乐((紫砂了的效忠冰之女皇的磊神爱七七)] 战
[14:19:09.581][MARK] [群战][pk] 战 处理完成 1661ms
[14:19:13.156][MARK] [群战][pk][祝至冬女皇永远快乐((紫砂了的提瓦特第一欧皇)] 战
[14:19:14.590][MARK] [群战][pk][祝至冬女皇永远快乐((紫砂了的效忠冰之女皇的磊神爱七七)] 战
[14:19:14.864][MARK] [群战][pk] 战 处理完成 1708ms
[14:19:16.220][MARK] [群战][pk] 战 处理完成 1629ms
[14:19:23.668][MARK] [群战][chance][祝至冬女皇永远快乐((紫砂了的提瓦特第一欧皇)] #逆天改命
[14:19:23.670][MARK] [群战][chance] #逆天改命 处理完成 2ms
[14:19:27.429][MARK] [群战][pk][祝至冬女皇永远快乐((紫砂了的效忠冰之女皇的磊神爱七七)] 战
[14:19:29.230][MARK] [群战][pk] 战 处理完成 1801ms
[14:19:29.995][MARK] [群战][pk][祝至冬女皇永远快乐((紫砂了的提瓦特第一欧皇)] 战
[14:19:31.749][MARK] [群战][pk] 战 处理完成 1754ms
[14:19:33.317][MARK] [群战][pk][祝至冬女皇永远快乐((紫砂了的效忠冰之女皇的磊神爱七七)] 战
[14:19:35.047][MARK] [群战][pk] 战 处理完成 1730ms
[14:19:35.891][MARK] [群战][pk][祝至冬女皇永远快乐((紫砂了的提瓦特第一欧皇)] 战
[14:19:37.556][MARK] [群战][pk] 战 处理完成 1665ms
[14:19:42.265][MARK] [群战][pk][祝至冬女皇永远快乐((紫砂了的效忠冰之女皇的磊神爱七七)] 战
[14:19:43.772][MARK] [群战][pk][祝至冬女皇永远快乐((紫砂了的提瓦特第一欧皇)] 战
[14:19:43.939][MARK] [群战][pk] 战 处理完成 1674ms
[14:19:46.491][MARK] [群战][pk] 战 处理完成 2719ms
[14:19:49.330][MARK] [群战][pk][祝至冬女皇永远快乐((紫砂了的效忠冰之女皇的磊神爱七七)] 战
[14:19:51.096][MARK] [群战][pk] 战 处理完成 1766ms
[14:19:58.359][MARK] [群战][pk][祝至冬女皇永远快乐((紫砂了的效忠冰之女皇的磊神爱七七)] 战
[14:20:00.017][MARK] [群战][pk] 战 处理完成 1656ms
[14:20:00.178][MARK] [群战][pk][祝至冬女皇永远快乐((紫砂了的提瓦特第一欧皇)] 战
[14:20:01.857][MARK] [群战][pk] 战 处理完成 1678ms
[14:20:02.371][MARK] [群战][pk][祝至冬女皇永远快乐((紫砂了的效忠冰之女皇的磊神爱七七)] 战
[14:20:05.271][MARK] [群战][pk] 战 处理完成 2900ms
[14:20:06.133][MARK] [群战][pk][祝至冬女皇永远快乐((紫砂了的效忠冰之女皇的磊神爱七七)] 战
[14:20:07.338][MARK] [群战][pk][祝至冬女皇永远快乐((紫砂了的提瓦特第一欧皇)] 战
[14:20:08.165][MARK] [群战][pk] 战 处理完成 2032ms
[14:20:10.812][MARK] [群战][pk] 战 处理完成 3473ms
[14:20:12.377][MARK] [群战][pk][祝至冬女皇永远快乐((紫砂了的提瓦特第一欧皇)] 战
[14:20:14.274][MARK] [群战][pk] 战 处理完成 1897ms
[14:20:23.900][MARK] [群战][pk][祝至冬女皇永远快乐((紫砂了的提瓦特第一欧皇)] 战
[14:20:25.612][MARK] [群战][pk] 战 处理完成 1712ms
[14:21:02.814][MARK] [群战][pk][祝至冬女皇永远快乐((紫砂了的效忠冰之女皇的磊神爱七七)] 战
[14:21:04.680][MARK] [群战][pk] 战 处理完成 1866ms
[14:21:11.047][MARK] [群战][timepk][祝至冬女皇永远快乐((紫砂了的效忠冰之女皇的磊神爱七七)] 狂战
[14:21:12.684][MARK] [群战][timepk] 狂战 处理完成 1636ms
[14:21:16.353][MARK] [群战][pk][祝至冬女皇永远快乐((紫砂了的效忠冰之女皇的磊神爱七七)] 战
[14:21:18.985][MARK] [群战][pk] 战 处理完成 2632ms
[14:21:24.355][MARK] [群战][timepk][祝至冬女皇永远快乐((紫砂了的提瓦特第一欧皇)] 狂战
[14:21:24.356][MARK] [群战][timepk] 狂战 处理完成 1ms
[14:21:32.791][MARK] [群战][timeRank][祝至冬女皇永远快乐((紫砂了的提瓦特第一欧皇)] 战狂榜
[14:21:32.931][MARK] [图片生成][rank][3次] 67.68kb [32m138ms[39m
[14:21:32.932][MARK] [群战][timeRank] 战狂榜 处理完成 141ms
[14:21:47.287][MARK] [群战][pk][祝至冬女皇永远快乐((紫砂了的提瓦特第一欧皇)] 战
[14:21:48.893][MARK] [群战][pk] 战 处理完成 1606ms
[14:21:56.323][MARK] [群战][pk][祝至冬女皇永远快乐((紫砂了的提瓦特第一欧皇)] 战
[14:21:58.050][MARK] [群战][pk] 战 处理完成 1727ms
[14:22:03.557][MARK] [群战][pk][祝至冬女皇永远快乐((紫砂了的提瓦特第一欧皇)] 战
[14:22:06.190][MARK] [群战][pk] 战 处理完成 2633ms
[14:22:13.284][MARK] [群战][pk][祝至冬女皇永远快乐((紫砂了的效忠冰之女皇的磊神爱七七)] 战
[14:22:14.981][MARK] [群战][pk] 战 处理完成 1697ms
[14:22:16.975][MARK] [群战][pk][祝至冬女皇永远快乐((紫砂了的效忠冰之女皇的磊神爱七七)] 战
[14:22:18.576][MARK] [群战][pk] 战 处理完成 1601ms
[14:22:20.580][MARK] [群战][pk][祝至冬女皇永远快乐((紫砂了的效忠冰之女皇的磊神爱七七)] 战
[14:22:23.361][MARK] [群战][pk] 战 处理完成 2780ms
[14:22:57.488][MARK] [群战][pk][祝至冬女皇永远快乐((紫砂了的提瓦特第一欧皇)] 战
[14:22:59.181][MARK] [群战][pk] 战 处理完成 1692ms
[14:23:01.774][MARK] [群战][pk][祝至冬女皇永远快乐((紫砂了的提瓦特第一欧皇)] 战
[14:23:03.619][MARK] [群战][pk] 战 处理完成 1833ms
[14:23:07.097][MARK] [群战][pk][祝至冬女皇永远快乐((紫砂了的提瓦特第一欧皇)] 战
[14:23:08.911][MARK] [群战][pk] 战 处理完成 1814ms
[14:23:11.260][MARK] [群战][pk][祝至冬女皇永远快乐((紫砂了的提瓦特第一欧皇)] 战
[14:23:12.999][MARK] [群战][pk] 战 处理完成 1739ms
[14:23:17.535][MARK] [群战][pk][祝至冬女皇永远快乐((紫砂了的提瓦特第一欧皇)] 战
[14:23:19.222][MARK] [群战][pk] 战 处理完成 1686ms
[14:23:23.952][MARK] [群战][pk][祝至冬女皇永远快乐((紫砂了的提瓦特第一欧皇)] 战
[14:23:25.868][MARK] [群战][pk] 战 处理完成 1916ms
[14:23:28.813][MARK] [群战][pk][祝至冬女皇永远快乐((紫砂了的提瓦特第一欧皇)] 战
[14:23:30.871][MARK] [群战][pk] 战 处理完成 2057ms
[14:23:32.740][MARK] [群战][pk][祝至冬女皇永远快乐((紫砂了的提瓦特第一欧皇)] 战
[14:23:34.924][MARK] [群战][pk] 战 处理完成 2183ms
[14:23:37.693][MARK] [群战][pk][祝至冬女皇永远快乐((紫砂了的提瓦特第一欧皇)] 战
[14:23:39.635][MARK] [群战][pk] 战 处理完成 1940ms
[14:23:46.470][MARK] [喵喵:角色查询][character][祝至冬女皇永远快乐((紫砂了的效忠冰之女皇的磊神爱七七)] #喵喵角色卡片
[14:23:46.479][MARK] [米游社查询][uid：107192135][32m[使用已绑定ck：179571376][39m
[14:23:46.485][MARK] puppeteer Chromium 启动中。。
[14:23:47.224][MARK] puppeteer Chromium 启动成功
[14:23:48.249][MARK] [群战][pk][祝至冬女皇永远快乐((紫砂了的提瓦特第一欧皇)] 战
[14:23:48.345][MARK] [图片生成][miao-plugin/character/character-card][1次] 278.83kb [32m1107ms[39m
[14:23:50.188][MARK] [群战][pk] 战 处理完成 1939ms
[14:23:50.526][MARK] [喵喵:角色查询][character] #喵喵角色卡片 处理完成 4055ms
[14:23:58.530][MARK] [群战][pk][祝至冬女皇永远快乐((紫砂了的提瓦特第一欧皇)] 战
[14:24:00.398][MARK] [群战][pk] 战 处理完成 1867ms
[14:24:06.936][MARK] [群战][pk][祝至冬女皇永远快乐((紫砂了的提瓦特第一欧皇)] 战
[14:24:08.659][MARK] [群战][pk] 战 处理完成 1722ms
[14:24:11.921][MARK] [群战][pk][祝至冬女皇永远快乐((紫砂了的提瓦特第一欧皇)] 战
[14:24:14.700][MARK] [群战][pk] 战 处理完成 2778ms
[14:24:17.526][MARK] [群战][pk][祝至冬女皇永远快乐((紫砂了的提瓦特第一欧皇)] 战
[14:24:19.204][MARK] [群战][pk] 战 处理完成 1678ms
[14:24:21.966][MARK] [群战][pk][祝至冬女皇永远快乐((紫砂了的效忠冰之女皇的磊神爱七七)] 战
[14:24:23.766][MARK] [群战][pk] 战 处理完成 1800ms
[14:24:27.041][MARK] [群战][pk][祝至冬女皇永远快乐((紫砂了的效忠冰之女皇的磊神爱七七)] 战
[14:24:28.078][MARK] [群战][pk][祝至冬女皇永远快乐((紫砂了的提瓦特第一欧皇)] 战
[14:24:29.724][MARK] [群战][pk] 战 处理完成 2682ms
[14:24:29.796][MARK] [群战][pk] 战 处理完成 1718ms
[14:24:37.168][MARK] [群战][pk][祝至冬女皇永远快乐((紫砂了的提瓦特第一欧皇)] 战
[14:24:38.841][MARK] [群战][pk] 战 处理完成 1673ms
[14:24:41.192][MARK] [群战][pk][祝至冬女皇永远快乐((紫砂了的提瓦特第一欧皇)] 战
[14:24:43.060][MARK] [群战][pk] 战 处理完成 1867ms
[14:24:46.292][MARK] [群战][pk][祝至冬女皇永远快乐((紫砂了的提瓦特第一欧皇)] 战
[14:24:48.360][MARK] [群战][pk] 战 处理完成 2068ms
[14:24:50.549][MARK] [群战][pk][祝至冬女皇永远快乐((紫砂了的提瓦特第一欧皇)] 战
[14:24:52.230][MARK] [群战][pk] 战 处理完成 1681ms
[14:24:56.740][MARK] [群战][pk][祝至冬女皇永远快乐((紫砂了的提瓦特第一欧皇)] 战
[14:24:58.468][MARK] [群战][pk] 战 处理完成 1728ms
[14:25:00.522][MARK] [群战][pk][祝至冬女皇永远快乐((紫砂了的提瓦特第一欧皇)] 战
[14:25:03.153][MARK] [群战][pk] 战 处理完成 2630ms
[14:25:05.874][MARK] [群战][pk][祝至冬女皇永远快乐((紫砂了的提瓦特第一欧皇)] 战
[14:25:07.654][MARK] [群战][pk] 战 处理完成 1780ms
[14:25:08.043][MARK] [群战][pk][祝至冬女皇永远快乐((紫砂了的效忠冰之女皇的磊神爱七七)] 战
[14:25:09.668][MARK] [群战][pk] 战 处理完成 1624ms
[14:25:13.247][MARK] [群战][pk][祝至冬女皇永远快乐((紫砂了的效忠冰之女皇的磊神爱七七)] 战
[14:25:16.029][MARK] [群战][pk] 战 处理完成 2782ms
[14:25:17.020][MARK] [群战][pk][祝至冬女皇永远快乐((紫砂了的提瓦特第一欧皇)] 战
[14:25:18.777][MARK] [群战][pk] 战 处理完成 1756ms
[14:25:22.438][MARK] [群战][pk][祝至冬女皇永远快乐((紫砂了的提瓦特第一欧皇)] 战
[14:25:24.107][MARK] [群战][pk] 战 处理完成 1668ms
[14:25:28.217][MARK] [群战][pk][祝至冬女皇永远快乐((紫砂了的提瓦特第一欧皇)] 战
[14:25:30.055][MARK] [群战][pk] 战 处理完成 1838ms
[14:25:34.667][MARK] [群战][pk][祝至冬女皇永远快乐((紫砂了的提瓦特第一欧皇)] 战
[14:25:36.742][MARK] [群战][pk] 战 处理完成 2074ms
[14:25:40.848][MARK] [群战][pk][祝至冬女皇永远快乐((紫砂了的提瓦特第一欧皇)] 战
[14:25:43.586][MARK] [群战][pk] 战 处理完成 2737ms
[14:25:45.696][MARK] [群战][pk][祝至冬女皇永远快乐((紫砂了的提瓦特第一欧皇)] 战
[14:25:49.507][MARK] [群战][pk] 战 处理完成 3810ms
[14:25:52.225][MARK] [群战][pk][祝至冬女皇永远快乐((紫砂了的提瓦特第一欧皇)] 战
[14:25:53.965][MARK] [群战][pk] 战 处理完成 1740ms
[14:26:00.676][MARK] [群战][pk][祝至冬女皇永远快乐((紫砂了的提瓦特第一欧皇)] 战
[14:26:02.494][MARK] [群战][pk] 战 处理完成 1817ms
[14:26:09.549][MARK] [群战][pk][祝至冬女皇永远快乐((紫砂了的提瓦特第一欧皇)] 战
[14:26:11.408][MARK] [群战][pk] 战 处理完成 1858ms
[14:26:16.519][MARK] [群战][pk][祝至冬女皇永远快乐((紫砂了的提瓦特第一欧皇)] 战
[14:26:18.173][MARK] [群战][pk] 战 处理完成 1654ms
[14:26:20.057][MARK] [修改配置文件][defSet][game][set]
[14:26:36.717][MARK] [米游社功能][cos][祝至冬女皇永远快乐((紫砂了的提瓦特第一欧皇)] #cos
[14:26:40.900][MARK] [米游社功能][cos] #cos 处理完成 4181ms
[14:26:50.099][MARK] [神秘指令][woc][祝至冬女皇永远快乐((紫砂了的提瓦特第一欧皇)] woc
[14:26:56.138][MARK] [神秘指令][woc] woc 处理完成 6038ms
[14:28:07.067][MARK] [神秘指令][woc][祝至冬女皇永远快乐((紫砂了的提瓦特第一欧皇)] woc
[14:28:13.070][MARK] [神秘指令][woc] woc 处理完成 6003ms
[14:28:44.544][MARK] [神秘指令][woc][祝至冬女皇永远快乐((紫砂了的提瓦特第一欧皇)] woc
[14:28:52.297][MARK] [神秘指令][woc] woc 处理完成 7753ms
[14:29:06.223][MARK] [神秘指令][woc][祝至冬女皇永远快乐((紫砂了的提瓦特第一欧皇)] 卧槽
[14:29:12.256][MARK] [神秘指令][woc] 卧槽 处理完成 6033ms
[14:29:31.182][MARK] [喵喵:角色查询][character][祝至冬女皇永远快乐((简简单单开个盒🤗)] #喵喵角色卡片
[14:29:31.184][MARK] [喵喵:角色查询][character] #喵喵角色卡片 处理完成 1ms
[14:30:06.435][MARK] [更新][update][私聊][Mr.Goddess(215381250)] #更新
[14:30:06.539][MARK] [更新][update] 开始更新：Yunzai-Bot
[14:30:08.539][MARK] [更新][update] 更新失败：Yunzai-Bot
[14:30:08.540][MARK] [更新][update] #更新 处理完成 2051ms
[14:33:32.948][MARK] [更新][update][私聊][Mr.Goddess(215381250)] #强制更新
[14:33:33.053][MARK] [更新][update] 开始强制更新：Yunzai-Bot
[14:33:33.697][MARK] [修改插件][system][disablePrivate.js]
[14:33:33.701][MARK] [修改插件][other][restart.js]
[14:33:33.702][MARK] [修改插件][system][quit.js]
[14:33:33.795][MARK] [卸载插件][other][restart.js]
[14:33:54.374][MARK] [神秘指令][woc][私聊][大当家(2692297287)] woc
[14:33:54.375][MARK] [神秘指令][woc] woc 处理完成 0ms
[14:33:55.826][MARK] [更新][update] 更新失败：Yunzai-Bot
[14:33:55.828][MARK] [更新][update] #强制更新 处理完成 22825ms
[14:34:11.093][MARK] [角色查询][roleList][私聊][大当家(2692297287)] #练度统计
[14:34:11.096][MARK] [米游社查询][uid：141753246][32m[使用已绑定ck：239743748][39m
[14:34:11.569][MARK] [米游社接口][character][141753246] 471ms
[14:34:14.042][MARK] [米游社接口][detail][141753246] 2217ms
[14:34:14.391][MARK] [图片生成][roleList][4次] 437.05kb [32m304ms[39m
[14:34:15.561][MARK] [角色查询][roleList] #练度统计 处理完成 4467ms
[14:34:37.848][MARK] [更新][update][私聊][Mr.Goddess(215381250)] #强制更新
[14:34:37.945][MARK] [更新][update] 开始强制更新：Yunzai-Bot
[14:35:00.249][MARK] [更新][update] 更新失败：Yunzai-Bot
[14:35:00.250][MARK] [更新][update] #强制更新 处理完成 22354ms
[14:35:18.401][MARK] [更新][update][私聊][Mr.Goddess(215381250)] #更新
[14:35:18.502][MARK] [更新][update] 开始更新：Yunzai-Bot
[14:35:44.517][MARK] [更新][update] 更新失败：Yunzai-Bot
[14:35:44.518][MARK] [更新][update] #更新 处理完成 26067ms
[14:35:49.715][MARK] [更新][update][私聊][Mr.Goddess(215381250)] #强制更新
[14:35:49.812][MARK] [更新][update] 开始强制更新：Yunzai-Bot
[14:36:11.400][MARK] [更新][update] 更新失败：Yunzai-Bot
[14:36:11.401][MARK] [更新][update] #强制更新 处理完成 21638ms
[14:36:23.528][MARK] [更新][updateAll][私聊][Mr.Goddess(215381250)] #全部更新
[14:36:23.581][MARK] [更新][updateAll] 开始更新：Yunzai-Bot
[14:36:45.143][MARK] [更新][updateAll] 更新失败：Yunzai-Bot
[14:36:46.701][MARK] [更新][updateAll] 开始更新：miao-plugin
[14:37:16.669][MARK] [更新][updateAll] 更新失败：miao-plugin
[14:37:18.234][MARK] [更新][updateAll] 开始更新：xianxin-plugin
[14:37:19.974][MARK] [更新][updateAll] 更新失败：xianxin-plugin
[14:37:19.975][MARK] [更新][updateAll] #全部更新 处理完成 56394ms
[14:37:30.055][MARK] [更新][update][私聊][Mr.Goddess(215381250)] #强制更新
[14:37:30.154][MARK] [更新][update] 开始强制更新：Yunzai-Bot
[14:37:51.839][MARK] [更新][update] 更新失败：Yunzai-Bot
[14:37:51.840][MARK] [更新][update] #强制更新 处理完成 21735ms
[14:38:46.372][MARK] 掉线了
[14:38:56.385][MARK] 掉线了
[14:39:06.402][MARK] 掉线了
[14:39:16.419][MARK] 掉线了
[14:39:26.424][MARK] 掉线了
[14:39:36.438][MARK] 掉线了
[14:39:46.459][MARK] 掉线了
[14:39:56.478][MARK] 掉线了
[14:40:00.016][ERRO] 定时任务报错：检测b站推送定时任务
[14:40:00.016][ERRO] FetchError: request to https://api.bilibili.com/x/polymer/web-dynamic/v1/feed/space?host_mid=286274103 failed, reason: connect EACCES 120.192.82.77:443
    at ClientRequest.<anonymous> (file:///E:/yunzai/Yunzai-Bot/node_modules/.pnpm/node-fetch@3.2.6/node_modules/node-fetch/src/index.js:108:11)
    at ClientRequest.emit (node:events:527:28)
    at TLSSocket.socketErrorListener (node:_http_client:454:9)
    at TLSSocket.emit (node:events:527:28)
    at emitErrorNT (node:internal/streams/destroy:157:8)
    at emitErrorCloseNT (node:internal/streams/destroy:122:3)
    at processTicksAndRejections (node:internal/process/task_queues:83:21) {
  type: 'system',
  errno: 'EACCES',
  code: 'EACCES',
  erroredSysCall: 'connect'
}
[14:40:00.092][ERRO] FetchError: request to https://bbs-api.mihoyo.com/post/wapi/getNewsList?gids=2&page_size=10&type=1 failed, reason: connect EACCES 203.107.60.77:443
[14:40:00.093][ERRO] FetchError: request to https://bbs-api.mihoyo.com/post/wapi/getNewsList?gids=2&page_size=10&type=3 failed, reason: connect EACCES 203.107.60.77:443
[14:40:06.500][MARK] 掉线了
[14:40:16.524][MARK] 掉线了
[14:40:26.543][MARK] 掉线了
[14:40:36.569][MARK] 掉线了
[14:40:46.587][MARK] 掉线了
[14:40:56.596][MARK] 掉线了
[14:41:06.618][MARK] 掉线了
[14:41:16.623][MARK] 掉线了
[14:41:26.637][MARK] 掉线了
[14:41:36.651][MARK] 掉线了
[14:41:46.666][MARK] 掉线了
[14:41:56.692][MARK] 掉线了
[14:42:06.710][MARK] 掉线了
[14:42:16.731][MARK] 掉线了
[14:42:26.738][MARK] 掉线了
[14:42:36.744][MARK] 掉线了
[14:42:46.760][MARK] 掉线了
[14:42:56.762][MARK] 掉线了
[14:43:06.772][MARK] 掉线了
[14:43:16.792][MARK] 掉线了
[14:43:26.817][MARK] 掉线了
[14:43:36.832][MARK] 掉线了
[14:43:46.853][MARK] 掉线了
[14:43:56.872][MARK] 掉线了
[14:44:06.888][MARK] 掉线了
[14:44:16.901][MARK] 掉线了
[14:44:26.920][MARK] 掉线了
[14:44:36.945][MARK] 掉线了
[14:44:46.962][MARK] 掉线了
[14:44:56.988][MARK] 掉线了
[14:45:00.143][ERRO] FetchError: request to https://bbs-api.mihoyo.com/post/wapi/getNewsList?gids=2&page_size=10&type=1 failed, reason: connect EACCES 203.107.60.77:443
[14:45:00.145][ERRO] FetchError: request to https://bbs-api.mihoyo.com/post/wapi/getNewsList?gids=2&page_size=10&type=3 failed, reason: connect EACCES 203.107.60.77:443
[14:45:07.001][MARK] 掉线了
[14:45:17.017][MARK] 掉线了
[14:45:27.034][MARK] 掉线了
[14:45:37.048][MARK] 掉线了
[14:45:47.073][MARK] 掉线了
[14:45:57.090][MARK] 掉线了
[14:47:53.609][MARK] Yunzai-Bot 启动中...
[14:47:53.611][MARK] 连接redis....
[14:47:53.631][MARK] 连接redis成功
[14:47:57.084][MARK] 请使用登录当前QQ的手机[32m扫码[39m完成登录，如果显示二维码过期，可以按[32m回车键（Enter）[39m刷新，重新输入密码请执行命令：[32mnpm run login[39m
[14:49:34.872][MARK] Yunzai-Bot 启动中...
[14:49:34.874][MARK] 连接redis....
[14:49:34.888][MARK] 连接redis成功
[14:49:39.928][MARK] 掉线了
[14:49:49.954][MARK] 掉线了
[14:49:59.964][MARK] 掉线了
[14:50:06.721][MARK] 请使用登录当前QQ的手机[32m扫码[39m完成登录，如果显示二维码过期，可以按[32m回车键（Enter）[39m刷新，重新输入密码请执行命令：[32mnpm run login[39m
[14:50:38.502][MARK] Yunzai-Bot 启动中...
[14:50:38.504][MARK] 连接redis....
[14:50:38.523][MARK] 连接redis成功
[14:50:40.353][MARK] 请使用登录当前QQ的手机[32m扫码[39m完成登录，如果显示二维码过期，可以按[32m回车键（Enter）[39m刷新，重新输入密码请执行命令：[32mnpm run login[39m
