[16:22:46.099][MARK] Yunzai-Bot 启动中...
[16:22:46.102][MARK] 连接redis....
[16:22:46.121][MARK] 连接redis成功
[16:22:46.675][MARK] 请使用登录当前QQ的手机[32m扫码[39m完成登录，如果显示二维码过期，可以按[32m回车键（Enter）[39m刷新，重新输入密码请执行命令：[32mnpm run login[39m
[16:23:04.520][MARK] 请使用登录当前QQ的手机[32m扫码[39m完成登录，如果显示二维码过期，可以按[32m回车键（Enter）[39m刷新，重新输入密码请执行命令：[32mnpm run login[39m
[16:23:16.507][MARK] ----^_^----
[16:23:16.508][MARK] [32mYunzai-Bot 上线成功 版本v3.0.0[39m
[16:23:16.513][MARK] [32mhttps://github.com/Le-niao/Yunzai-Bot[39m
[16:23:18.193][MARK] 发送好友消息[Mr.Goddess](215381250)
[16:24:06.892][MARK] [体力查询][note][私聊][Mr.Goddess(215381250)] 体力
[16:24:06.901][MARK] [米游社查询][uid：107192135][32m[使用已绑定ck：179571376][39m
[16:24:07.210][MARK] [米游社接口][dailyNote][107192135] 306ms
[16:24:07.434][MARK] puppeteer Chromium 启动中。。
[16:24:08.348][MARK] puppeteer Chromium 启动成功
[16:24:09.551][MARK] [图片生成][dailyNote][1次] 42.20kb [32m1188ms[39m
[16:24:10.545][MARK] [体力查询][note] 体力 处理完成 3652ms
[16:25:25.459][MARK] [闲心插件帮助][help][祝至冬女皇永远快乐((简简单单开个盒🤗)] #闲心帮助
[16:25:25.826][MARK] [图片生成][help][2次] 509.09kb [32m352ms[39m
[16:25:26.794][MARK] [闲心插件帮助][help] #闲心帮助 处理完成 1326ms
[16:25:36.226][MARK] [神秘指令][woc][祝至冬女皇永远快乐((紫砂了的效忠冰之女皇的磊神爱七七)] woc
[16:25:42.005][MARK] [神秘指令][woc] woc 处理完成 5778ms
[16:25:59.146][MARK] [闲心插件帮助][help][祝至冬女皇永远快乐((简简单单开个盒🤗)] #闲心帮助
[16:26:00.001][MARK] [闲心插件帮助][help] #闲心帮助 处理完成 855ms
[16:28:02.233][MARK] [米游社查询][uid：107192135][32m[使用已绑定ck：179571376][39m
[16:28:02.257][MARK] puppeteer Chromium 启动中。。
[16:28:03.846][MARK] puppeteer Chromium 启动成功
[16:28:05.043][MARK] [图片生成][miao-plugin/character/profile-detail][1次] 432.97kb [32m1174ms[39m
[16:28:06.957][MARK] [miao-plugin][dispatch] 甘雨面板 处理完成 4725ms
[16:28:07.205][MARK] [发送日志][sendLog][祝至冬女皇永远快乐((简简单单开个盒🤗)] #日志
[16:29:11.048][MARK] [米游社查询][uid：107192135][32m[使用已绑定ck：179571376][39m
[16:29:12.216][MARK] [图片生成][miao-plugin/character/profile-detail][2次] 421.18kb [32m1147ms[39m
[16:29:14.154][MARK] [miao-plugin][dispatch] 可莉面板 处理完成 3107ms
[16:29:31.544][MARK] [miao-plugin][dispatch] 甘雨面板 处理完成 1ms
[16:29:44.195][MARK] [角色查询][roleIndex][冬之女皇的游戏军事法(预订连歪5次)] #174123897
[16:29:44.209][MARK] 请先#配置公共查询ck
[16:29:44.210][MARK] [角色查询][roleIndex] #174123897 处理完成 3ms
[16:30:12.538][MARK] [miao-plugin][dispatch] #甘雨面板 处理完成 1710ms
[16:31:36.507][MARK] [发送表情][数据结构必拿下🖐️(牛马)] 1！5！
[16:31:36.589][MARK] [体力查询][note][祝至冬女皇永远快乐((简简单单开个盒🤗)] 体力
[16:31:36.590][MARK] [体力查询][note] 体力 处理完成 0ms
[16:31:42.254][MARK] [发送表情][数据结构必拿下🖐️(牛马)] L!T!C!
[16:33:19.807][MARK] [发送表情][数据结构必拿下🖐️(秀珍)] 1！5！
[16:33:29.058][MARK] [发送表情][数据结构必拿下🖐️(秀珍)] L!T!C!
[16:33:35.841][MARK] [发送表情][数据结构必拿下🖐️(秀珍)] {bface:欢呼}
[16:33:48.124][MARK] [米游社查询][uid：107192135][32m[使用已绑定ck：179571376][39m
[16:33:49.303][MARK] [图片生成][miao-plugin/character/profile-detail][3次] 428.49kb [32m1155ms[39m
[16:33:51.316][MARK] [miao-plugin][dispatch] 刻晴面板 处理完成 3193ms
[16:33:54.983][MARK] [米游社功能][searchCos][数据结构必拿下🖐️(牛马)] #cos 心海
[16:34:13.213][MARK] [米游社功能][searchCos][数据结构必拿下🖐️(牛马)] #cos 刻晴
[16:34:17.355][MARK] [米游社功能][searchCos] #cos 心海 处理完成 22369ms
[16:34:22.481][MARK] [更新][updateLog][祝至冬女皇永远快乐((简简单单开个盒🤗)] #更新日志
[16:34:23.459][MARK] [更新][updateLog] #更新日志 处理完成 817ms
[16:34:35.390][MARK] [米游社功能][searchCos] #cos 刻晴 处理完成 22174ms
[16:34:40.601][MARK] [miao-plugin][dispatch] 神里绫华面板 处理完成 1ms
[16:35:01.872][MARK] [米游社功能][searchCos][数据结构必拿下🖐️(牛马)] #cos 心海
[16:35:05.121][MARK] [米游社功能][searchCos] #cos 心海 处理完成 3247ms
[16:35:10.520][MARK] [神秘指令][woc][数据结构必拿下🖐️(牛马)] woc
[16:35:17.784][MARK] [神秘指令][woc] woc 处理完成 7264ms
[16:35:29.830][MARK] [神秘指令][woc][数据结构必拿下🖐️(牛马)] woc
[16:35:38.410][ERRO] 发送消息错误:{"type":"xml","data":"<?xml version=\"1.0\" encoding=\"utf-8\"?>\n<msg brief=\"[聊天记录]\" m_fileName=\"E7CA969E-594A-DC9F-E16A-CAEA1B98CBC6\" action=\"viewMultiMsg\" tSum=\"3\" flag=\"3\" m_resid=\"PZYdXpzYYJuQLQk5D+UNYu710qoXfKaAs47YwA5XgbnSF5ZUzGKnrYLak9bxrrQR\" serviceID=\"35\" m_fileSize=\"423\...
[16:35:38.411][ERRO] ApiRejection { code: -70, message: '群消息发送失败，可能被风控' }
[16:35:38.415][MARK] [神秘指令][woc] woc 处理完成 8585ms
[16:36:04.532][MARK] [米游社功能][searchCos][数据结构必拿下🖐️(牛马)] #cos 秀珍
[16:36:06.079][MARK] [米游社功能][searchCos] #cos 秀珍 处理完成 1546ms
[16:36:19.827][MARK] [米游社功能][searchCos][数据结构必拿下🖐️(牛马)] #cos 可莉
[16:36:26.106][MARK] [米游社功能][searchCos][数据结构必拿下🖐️(秀珍)] #cos 胡桃
[16:36:26.403][MARK] [米游社功能][searchCos] #cos 可莉 处理完成 6575ms
[16:36:28.047][MARK] [米游社功能][searchCos] #cos 胡桃 处理完成 1939ms
[16:36:38.362][MARK] [米游社功能][searchCos][数据结构必拿下🖐️(牛马)] #cos 七七
[16:36:41.093][MARK] [米游社功能][searchCos] #cos 七七 处理完成 2729ms
[16:36:43.630][MARK] [云崽帮助][help][祝至冬女皇永远快乐((紫砂了的提瓦特第一欧皇)] #帮助
[16:36:43.803][MARK] [图片生成][help][3次] 180.94kb [32m156ms[39m
[16:36:44.722][MARK] [云崽帮助][help] #帮助 处理完成 1083ms
[16:36:46.502][MARK] [米游社功能][searchCos][数据结构必拿下🖐️(牛马)] #cos 迪奥娜
[16:36:48.458][MARK] [米游社功能][searchCos] #cos 迪奥娜 处理完成 1955ms
[16:36:59.689][MARK] [闲心插件帮助][help][祝至冬女皇永远快乐((简简单单开个盒🤗)] #闲心帮助
[16:37:00.594][MARK] [闲心插件帮助][help] #闲心帮助 处理完成 904ms
[16:37:01.751][MARK] [米游社功能][searchCos][数据结构必拿下🖐️(秀珍)] #cos 派蒙
[16:37:04.488][MARK] [米游社功能][searchCos] #cos 派蒙 处理完成 2736ms
[16:37:12.251][MARK] [米游社功能][searchCos][数据结构必拿下🖐️(牛马)] #cos 派蒙
[16:37:15.029][MARK] [米游社功能][searchCos] #cos 派蒙 处理完成 2776ms
[16:37:20.058][MARK] [米游社功能][searchCos][数据结构必拿下🖐️(秀珍)] #cos 派蒙
[16:37:21.642][MARK] [神秘指令][woc][祝至冬女皇永远快乐((简简单单开个盒🤗)] woc
[16:37:21.893][MARK] [米游社功能][searchCos] #cos 派蒙 处理完成 1834ms
[16:37:27.146][MARK] [神秘指令][woc] woc 处理完成 5504ms
[16:37:28.255][MARK] [神秘指令][woc][数据结构必拿下🖐️(牛马)] woc
[16:37:32.880][MARK] [神秘指令][woc] woc 处理完成 4624ms
[16:37:58.722][MARK] [神秘指令][woc][数据结构必拿下🖐️(呼~)] woc
[16:38:03.469][MARK] [神秘指令][woc] woc 处理完成 4747ms
[16:38:17.753][MARK] [神秘指令][woc][数据结构必拿下🖐️(秀珍)] woc
[16:38:29.896][ERRO] 发送消息错误:{"type":"xml","data":"<?xml version=\"1.0\" encoding=\"utf-8\"?>\n<msg brief=\"[聊天记录]\" m_fileName=\"58412DAD-4C5D-9426-FB1E-D9745EA1A0CD\" action=\"viewMultiMsg\" tSum=\"1\" flag=\"3\" m_resid=\"46SPCURkxS1DrpC1u2Rb2o8CUP2E9BX3DgzWRwlAekrD6eTjT3mJ9B7VXzqf/nxx\" serviceID=\"35\" m_fileSize=\"242\...
[16:38:29.897][ERRO] ApiRejection { code: -70, message: '群消息发送失败，可能被风控' }
[16:38:29.900][MARK] [神秘指令][woc] woc 处理完成 12146ms
[16:38:38.180][MARK] [发送表情][数据结构必拿下🖐️(牛马)] {bface:开心}
[16:38:46.151][MARK] [神秘指令][woc][数据结构必拿下🖐️(秀珍)] woc
[16:38:51.249][MARK] [神秘指令][woc] woc 处理完成 5098ms
[16:39:34.236][MARK] [神秘指令][woc][数据结构必拿下🖐️(秀珍)] woc
[16:39:39.614][MARK] [神秘指令][woc] woc 处理完成 5377ms
[16:39:55.623][MARK] [给我点颜色看看][startSeecolor][数据结构必拿下🖐️(牛马)] #给我点颜色看看
[16:39:55.706][MARK] [图片生成][seecolor][4次] 10.50kb [32m79ms[39m
[16:39:55.706][MARK] [给我点颜色看看][startSeecolor] #给我点颜色看看 处理完成 82ms
[16:40:05.635][MARK] [给我点颜色看看][click][数据结构必拿下🖐️(牛马)] 块4
[16:40:05.707][MARK] [图片生成][seecolor][5次] 19.11kb [32m69ms[39m
[16:40:06.317][MARK] [给我点颜色看看][click] 块4 处理完成 682ms
[16:40:13.360][MARK] [给我点颜色看看][click][数据结构必拿下🖐️(牛马)] 块4
[16:40:13.440][MARK] [图片生成][seecolor][6次] 21.54kb [32m77ms[39m
[16:40:14.048][MARK] [给我点颜色看看][click] 块4 处理完成 686ms
[16:40:19.346][MARK] [给我点颜色看看][click][数据结构必拿下🖐️(秀珍)] 块10
[16:40:19.423][MARK] [图片生成][seecolor][7次] 33.45kb [32m76ms[39m
[16:40:20.029][MARK] [给我点颜色看看][click] 块10 处理完成 683ms
[16:40:20.720][MARK] [给我点颜色看看][click][数据结构必拿下🖐️(牛马)] 块10
[16:40:20.721][MARK] [给我点颜色看看][click] 块10 处理完成 1ms
[16:40:24.431][MARK] [给我点颜色看看][click][数据结构必拿下🖐️(秀珍)] 块15
[16:40:24.506][MARK] [图片生成][seecolor][8次] 36.12kb [32m73ms[39m
[16:40:25.114][MARK] [给我点颜色看看][click] 块15 处理完成 681ms
[16:40:25.633][MARK] [给我点颜色看看][click][数据结构必拿下🖐️(牛马)] 块15
[16:40:25.634][MARK] [给我点颜色看看][click] 块15 处理完成 1ms
[16:40:34.171][MARK] [给我点颜色看看][click][数据结构必拿下🖐️(秀珍)] 块30
[16:40:34.256][MARK] [图片生成][seecolor][9次] 43.50kb [32m83ms[39m
[16:40:34.870][MARK] [给我点颜色看看][click] 块30 处理完成 698ms
[16:40:36.071][MARK] [给我点颜色看看][click][数据结构必拿下🖐️(牛马)] 块30
[16:40:36.072][MARK] [给我点颜色看看][click] 块30 处理完成 1ms
[16:40:40.322][MARK] [给我点颜色看看][click][数据结构必拿下🖐️(牛马)] 块20
[16:40:40.406][MARK] [图片生成][seecolor][10次] 59.00kb [32m82ms[39m
[16:40:41.011][MARK] [给我点颜色看看][click] 块20 处理完成 689ms
[16:40:51.682][MARK] [给我点颜色看看][click][数据结构必拿下🖐️(呼~)] 块49
[16:40:51.773][MARK] [图片生成][seecolor][11次] 54.33kb [32m89ms[39m
[16:40:52.382][MARK] [给我点颜色看看][click] 块49 处理完成 700ms
[16:40:57.813][MARK] [神秘指令][woc][数据结构必拿下🖐️(秀珍)] woc
[16:41:00.965][MARK] [给我点颜色看看][click][数据结构必拿下🖐️(牛马)] 块76
[16:41:01.039][MARK] [图片生成][seecolor][12次] 62.79kb [32m72ms[39m
[16:41:01.644][MARK] [给我点颜色看看][click] 块76 处理完成 679ms
[16:41:03.362][MARK] [神秘指令][woc] woc 处理完成 5549ms
[16:41:15.186][MARK] [给我点颜色看看][click][数据结构必拿下🖐️(牛马)] 块10
[16:41:15.274][MARK] [图片生成][seecolor][13次] 80.68kb [32m86ms[39m
[16:41:15.888][MARK] [给我点颜色看看][click] 块10 处理完成 702ms
[16:41:24.052][MARK] [给我点颜色看看][click][数据结构必拿下🖐️(牛马)] 块48
[16:41:24.142][MARK] [图片生成][seecolor][14次] 96.16kb [32m88ms[39m
[16:41:24.757][MARK] [给我点颜色看看][click] 块48 处理完成 705ms
[16:41:33.708][MARK] [给我点颜色看看][click][数据结构必拿下🖐️(牛马)] 块28
[16:41:33.806][MARK] [图片生成][seecolor][15次] 95.69kb [32m96ms[39m
[16:41:34.410][MARK] [给我点颜色看看][click] 块28 处理完成 702ms
[16:42:04.339][MARK] [给我点颜色看看][click][数据结构必拿下🖐️(牛马)] 块35
[16:42:04.442][MARK] [图片生成][seecolor][16次] 113.85kb [32m100ms[39m
[16:42:05.045][MARK] [给我点颜色看看][click] 块35 处理完成 706ms
[16:42:23.901][MARK] [给我点颜色看看][click][数据结构必拿下🖐️(牛马)] 块82
[16:42:24.006][MARK] [图片生成][seecolor][17次] 140.86kb [32m102ms[39m
[16:42:24.610][MARK] [给我点颜色看看][click] 块82 处理完成 708ms
[16:43:04.310][MARK] [给我点颜色看看][click][数据结构必拿下🖐️(牛马)] 块83
[16:43:04.310][MARK] [给我点颜色看看][click] 块83 处理完成 0ms
[16:43:50.758][MARK] [发送表情][数据结构必拿下🖐️(牛马)] {bface:开心}
[16:43:55.834][MARK] [发送表情][数据结构必拿下🖐️(秀珍)] {bface:开心}
[16:44:01.850][MARK] [发送表情][数据结构必拿下🖐️(秀珍)] {bface:开心}
[16:44:07.970][MARK] [神秘指令][woc][数据结构必拿下🖐️(秀珍)] woc
[16:44:12.249][MARK] [神秘指令][woc] woc 处理完成 4278ms
[16:44:34.345][MARK] [闲心小工具][fdrank][祝至冬女皇永远快乐((简简单单开个盒🤗)] 发电榜
[16:44:36.726][MARK] [图片生成][fdrank][18次] 240.97kb [32m1835ms[39m
[16:44:36.727][MARK] [闲心小工具][fdrank] 发电榜 处理完成 2381ms
[16:44:55.858][MARK] [miao-plugin][dispatch] #角色详情 处理完成 1ms
[16:45:11.766][MARK] [闲心小工具][thumbsUpMe][祝至冬女皇永远快乐((简简单单开个盒🤗)] #赞我
[16:45:11.769][MARK] [闲心小工具][thumbsUpMe] #赞我 处理完成 0ms
[16:45:17.540][MARK] [闲心小工具][thumbsUpMe][祝至冬女皇永远快乐((紫砂了的提瓦特第一欧皇)] #赞我
[16:45:17.542][MARK] [闲心小工具][thumbsUpMe] #赞我 处理完成 1ms
[16:45:29.303][MARK] [闲心插件帮助][help][祝至冬女皇永远快乐((紫砂了的效忠冰之女皇的磊神爱七七)] #闲心帮助
[16:45:30.356][MARK] [闲心插件帮助][help] #闲心帮助 处理完成 1052ms
[16:45:47.094][MARK] [21点][startBlackjack][祝至冬女皇永远快乐((紫砂了的效忠冰之女皇的磊神爱七七)] #21点
[16:45:47.096][MARK] [21点][startBlackjack] #21点 处理完成 1ms
[16:45:55.923][MARK] [21点][deal][祝至冬女皇永远快乐((紫砂了的效忠冰之女皇的磊神爱七七)] 叫牌
[16:45:55.924][MARK] [21点][deal] 叫牌 处理完成 0ms
[16:45:57.238][MARK] [21点][deal][祝至冬女皇永远快乐((简简单单开个盒🤗)] 叫牌
[16:45:57.240][MARK] [21点][deal] 叫牌 处理完成 1ms
[16:46:06.744][MARK] [发送表情][海南必拿下🖐️️(秀珍)] 1！5！
[16:46:12.145][MARK] [21点][deal][祝至冬女皇永远快乐((紫砂了的效忠冰之女皇的磊神爱七七)] 叫牌
[16:46:12.146][MARK] [21点][deal] 叫牌 处理完成 1ms
[16:46:28.797][MARK] [21点][deal][祝至冬女皇永远快乐((简简单单开个盒🤗)] 叫牌
[16:46:28.798][MARK] [21点][deal] 叫牌 处理完成 1ms
[16:46:39.198][MARK] [21点][stop][祝至冬女皇永远快乐((简简单单开个盒🤗)] 停牌
[16:46:39.199][MARK] [21点][stop] 停牌 处理完成 0ms
[16:46:45.405][MARK] [21点][deal][祝至冬女皇永远快乐((紫砂了的效忠冰之女皇的磊神爱七七)] 叫牌
[16:46:45.406][MARK] [21点][deal] 叫牌 处理完成 1ms
[16:46:55.295][MARK] [21点][deal][祝至冬女皇永远快乐((紫砂了的效忠冰之女皇的磊神爱七七)] 叫牌
[16:46:55.299][MARK] [21点][deal] 叫牌 处理完成 4ms
[16:47:00.058][MARK] [21点][stop][祝至冬女皇永远快乐((紫砂了的效忠冰之女皇的磊神爱七七)] 停牌
[16:47:00.060][MARK] [21点][stop] 停牌 处理完成 1ms
[16:47:35.800][MARK] [五子棋][startGobang][祝至冬女皇永远快乐((简简单单开个盒🤗)] #五子棋
[16:47:35.896][MARK] [图片生成][gobang][19次] 87.40kb [32m91ms[39m
[16:47:35.897][MARK] [五子棋][startGobang] #五子棋 处理完成 97ms
[16:47:48.689][MARK] [五子棋][drop][祝至冬女皇永远快乐((简简单单开个盒🤗)] 落子H8
[16:47:48.777][MARK] [图片生成][gobang][20次] 87.88kb [32m86ms[39m
[16:47:48.778][MARK] [五子棋][drop] 落子H8 处理完成 88ms
[16:47:54.852][MARK] [五子棋][drop][祝至冬女皇永远快乐((紫砂了的效忠冰之女皇的磊神爱七七)] 落子H9
[16:47:54.960][MARK] [图片生成][gobang][21次] 87.98kb [32m106ms[39m
[16:47:54.961][MARK] [五子棋][drop] 落子H9 处理完成 108ms
[16:48:09.890][MARK] [五子棋][drop][祝至冬女皇永远快乐((简简单单开个盒🤗)] 落子G9
[16:48:09.976][MARK] [图片生成][gobang][22次] 88.30kb [32m84ms[39m
[16:48:09.978][MARK] [五子棋][drop] 落子G9 处理完成 88ms
[16:48:49.548][MARK] [五子棋][admitDefeat][祝至冬女皇永远快乐((紫砂了的提瓦特第一欧皇)] #弃子
[16:48:49.549][MARK] [五子棋][admitDefeat] #弃子 处理完成 0ms
[16:48:58.654][MARK] [五子棋][startGobang][祝至冬女皇永远快乐((简简单单开个盒🤗)] #五子棋
[16:48:58.655][MARK] [五子棋][startGobang] #五子棋 处理完成 1ms
[16:49:07.586][MARK] [五子棋][admitDefeat][祝至冬女皇永远快乐((紫砂了的效忠冰之女皇的磊神爱七七)] #弃子
[16:49:08.049][MARK] [五子棋][admitDefeat] #弃子 处理完成 462ms
[16:49:26.097][MARK] [闲心插件帮助][help][祝至冬女皇永远快乐((紫砂了的效忠冰之女皇的磊神爱七七)] #闲心帮助
[16:49:27.152][MARK] [闲心插件帮助][help] #闲心帮助 处理完成 1054ms
[16:50:56.497][MARK] [B站功能][listPush][祝至冬女皇永远快乐((紫砂了的效忠冰之女皇的磊神爱七七)] #推送up列表
[16:50:56.498][MARK] [B站功能][listPush] #推送up列表 处理完成 1ms
[16:51:08.934][MARK] [B站功能][listPush][祝至冬女皇永远快乐((简简单单开个盒🤗)] #推送up列表
[16:51:11.674][MARK] [B站功能][searchup][祝至冬女皇永远快乐((紫砂了的效忠冰之女皇的磊神爱七七)] #搜索up Mr-Goddess
[16:51:11.992][MARK] [B站功能][searchup] #搜索up Mr-Goddess 处理完成 317ms
[16:51:40.901][MARK] [米游社功能][searchCos][祝至冬女皇永远快乐((简简单单开个盒🤗)] #cosdby 阿米娅
[16:51:43.699][MARK] [米游社功能][searchCos] #cosdby 阿米娅 处理完成 2797ms
[16:51:47.771][MARK] [B站功能][addPush][祝至冬女皇永远快乐((紫砂了的效忠冰之女皇的磊神爱七七)] #订阅up推送 286274103
[16:51:48.010][MARK] [B站功能][addPush] #订阅up推送 286274103 处理完成 238ms
[16:51:48.011][MARK] [修改配置文件][config][bilibili][push]
[16:51:55.281][MARK] [米游社功能][searchCos][祝至冬女皇永远快乐((简简单单开个盒🤗)] #cosdby 阿米娅
[16:52:01.562][MARK] [米游社功能][searchCos] #cosdby 阿米娅 处理完成 6280ms
[16:52:12.975][MARK] [米游社功能][searchCos][祝至冬女皇永远快乐((简简单单开个盒🤗)] #cosdby 阿米娅
[16:52:16.771][MARK] [米游社功能][searchCos] #cosdby 阿米娅 处理完成 3794ms
[16:52:35.274][MARK] [米游社功能][searchCos][祝至冬女皇永远快乐((简简单单开个盒🤗)] #cosdby 澄闪
[16:52:37.572][MARK] [米游社功能][searchCos] #cosdby 澄闪 处理完成 2297ms
[16:52:49.366][MARK] [米游社功能][searchCos][祝至冬女皇永远快乐((简简单单开个盒🤗)] #cosdby 澄闪
[16:52:55.343][MARK] [米游社功能][searchCos] #cosdby 澄闪 处理完成 5976ms
[16:53:03.159][MARK] [闲心插件帮助][help][祝至冬女皇永远快乐((简简单单开个盒🤗)] #闲心帮助
[16:53:04.195][MARK] [闲心插件帮助][help] #闲心帮助 处理完成 1034ms
[16:54:39.486][MARK] [更新插件][version][祝至冬女皇永远快乐((简简单单开个盒🤗)] #闲心插件版本
[16:54:39.753][MARK] [图片生成][version][23次] 618.43kb [32m260ms[39m
[16:54:39.755][MARK] [更新插件][version] #闲心插件版本 处理完成 268ms
[16:55:28.377][MARK] [图片生成][miao-plugin/help/version-info][4次] 301.78kb [32m1109ms[39m
[16:55:29.259][MARK] [miao-plugin][dispatch] #喵喵版本 处理完成 2000ms
[16:55:32.098][MARK] [更新插件][update][祝至冬女皇永远快乐((紫砂了的效忠冰之女皇的磊神爱七七)] #闲心更新
[16:55:35.954][MARK] [更新插件][update] 最后更新时间：09-16 08:38
[16:55:35.954][MARK] [更新插件][update] #闲心更新 处理完成 3756ms
[16:55:38.433][MARK] [更新插件][update] 开始执行重启，请稍等...
[16:55:47.219][MARK] Yunzai-Bot 启动中...
[16:55:47.222][MARK] 连接redis....
[16:55:47.241][MARK] 连接redis成功
[16:55:47.580][MARK] 请使用登录当前QQ的手机扫码完成登录，如果显示二维码过期，可以按回车键（Enter）刷新，重新输入密码请执行命令：npm run login
[16:58:41.435][MARK] Yunzai-Bot 启动中...
[16:59:43.483][MARK] Yunzai-Bot 启动中...
[17:00:45.656][MARK] Yunzai-Bot 启动中...
[17:01:47.725][MARK] Yunzai-Bot 启动中...
