[14:35:32.094][MARK] Yunzai-Bot 启动中...
[14:35:32.096][MARK] 连接redis....
[14:35:32.106][MARK] 连接redis成功
[14:35:32.580][MARK] 请使用登录当前QQ的手机[32m扫码[39m完成登录，如果显示二维码过期，可以按[32m回车键（Enter）[39m刷新，重新输入密码请执行命令：[32mnpm run login[39m
[14:35:50.918][MARK] ----^_^----
[14:35:50.919][MARK] [32mYunzai-Bot 上线成功 版本v3.0.0[39m
[14:35:50.923][MARK] [32mhttps://github.com/Le-niao/Yunzai-Bot[39m
[14:36:03.366][MARK] [体力查询][note][私聊][Mr.Goddess(215381250)] 体力
[14:36:03.372][MARK] [体力查询][note] 体力 处理完成 5ms
[14:36:11.729][MARK] [用户绑定][bingCk][私聊][Mr.Goddess(215381250)] #绑定cookie
[14:36:12.898][MARK] [用户绑定][bingCk] 检查cookie正常 [uid:107192135]
[14:36:12.908][MARK] [用户绑定][bingCk] 保存cookie成功 [uid:107192135] [ltuid:179571376]
[14:36:13.696][MARK] [用户绑定][bingCk] #绑定cookie 处理完成 1965ms
[14:36:17.849][MARK] [体力查询][note][私聊][Mr.Goddess(215381250)] 体力
[14:36:17.851][MARK] [米游社查询][uid：107192135][32m[使用已绑定ck：179571376][39m
[14:36:18.223][MARK] [米游社接口][dailyNote][107192135] 368ms
[14:36:18.415][MARK] puppeteer Chromium 启动中。。
[14:36:19.239][MARK] puppeteer Chromium 启动成功
[14:36:20.437][MARK] [图片生成][dailyNote][1次] 41.87kb [32m1183ms[39m
[14:36:21.485][MARK] [体力查询][note] 体力 处理完成 3634ms
[14:36:58.623][MARK] [用户绑定][bingCk][私聊][Mr.Goddess(215381250)] #绑定cookie
[14:36:58.865][MARK] [用户绑定][bingCk] 检查cookie正常 [uid:228520173]
[14:36:58.870][MARK] [用户绑定][bingCk] 保存cookie成功 [uid:228520173] [ltuid:323971358]
[14:36:59.806][MARK] [用户绑定][bingCk] #绑定cookie 处理完成 1181ms
[14:37:03.042][MARK] [体力查询][note][私聊][Mr.Goddess(215381250)] 体力
[14:37:03.043][MARK] [米游社查询][uid：228520173][32m[使用已绑定ck：323971358][39m
[14:37:03.354][MARK] [米游社接口][dailyNote][228520173] 307ms
[14:37:03.436][MARK] [图片生成][dailyNote][2次] 41.41kb [32m77ms[39m
[14:37:04.379][MARK] [体力查询][note] 体力 处理完成 1337ms
[14:37:09.679][MARK] [体力查询][sign][私聊][Mr.Goddess(215381250)] #签到
[14:37:10.187][MARK] [米游社接口][bbs_sign_info][107192135] 268ms
[14:37:10.490][MARK] [米游社接口][bbs_sign_home][107192135] 194ms
[14:37:15.795][MARK] [米游社接口][bbs_sign_info][228520173] 291ms
[14:37:15.909][ERRO] [原神签到失败][uid:228520173][qq:215381250 ] 绑定cookie已失效
[14:37:16.148][MARK] [体力查询][sign] #签到 处理完成 6465ms
[14:47:56.705][MARK] [重启][restart][私聊][Mr.Goddess(215381250)] #重启
[14:47:56.988][MARK] [重启][restart] 开始执行重启，请稍等...
[14:47:57.232][MARK] [重启][restart] #重启 处理完成 526ms
[14:48:02.500][MARK] Yunzai-Bot 启动中...
[14:48:02.502][MARK] 连接redis....
[14:48:02.519][MARK] 连接redis成功
[14:48:02.794][MARK] 请使用登录当前QQ的手机扫码完成登录，如果显示二维码过期，可以按回车键（Enter）刷新，重新输入密码请执行命令：npm run login
[14:49:27.457][MARK] Yunzai-Bot 启动中...
[14:49:27.459][MARK] 连接redis....
[14:49:27.473][MARK] 连接redis成功
[14:49:27.769][MARK] 请使用登录当前QQ的手机[32m扫码[39m完成登录，如果显示二维码过期，可以按[32m回车键（Enter）[39m刷新，重新输入密码请执行命令：[32mnpm run login[39m
[14:49:47.605][MARK] ----^_^----
[14:49:47.606][MARK] [32mYunzai-Bot 上线成功 版本v3.0.0[39m
[14:49:47.610][MARK] [32mhttps://github.com/Le-niao/Yunzai-Bot[39m
[14:49:47.957][MARK] --------插件载入错误--------
[14:49:47.957][MARK] miao-plugin 缺少依赖：[31mimage-size[39m
[14:49:47.958][MARK] 请执行安装依赖命令：[31mpnpm add image-size -w[39m
[14:49:47.959][MARK] ---------------------
[14:52:05.152][MARK] [重启][restart][私聊][Mr.Goddess(215381250)] #重启
[14:52:05.377][MARK] [体力查询][note][私聊][Mr.Goddess(215381250)] 体力
[14:52:05.380][MARK] [重启][restart] 开始执行重启，请稍等...
[14:52:05.386][MARK] [米游社查询][uid：107192135][32m[使用已绑定ck：179571376][39m
[14:52:05.670][MARK] [重启][restart] #重启 处理完成 517ms
[14:52:05.798][MARK] [米游社接口][dailyNote][107192135] 408ms
[14:52:05.986][MARK] puppeteer Chromium 启动中。。
[14:52:07.837][MARK] puppeteer Chromium 启动成功
[14:52:07.956][MARK] [图片生成][dailyNote][1次] 41.89kb [32m107ms[39m
[14:52:08.879][MARK] [体力查询][note] 体力 处理完成 3500ms
[14:52:11.066][MARK] Yunzai-Bot 启动中...
[14:52:11.068][MARK] 连接redis....
[14:52:11.083][MARK] 连接redis成功
[14:52:11.352][MARK] 请使用登录当前QQ的手机扫码完成登录，如果显示二维码过期，可以按回车键（Enter）刷新，重新输入密码请执行命令：npm run login
[14:52:48.478][MARK] Yunzai-Bot 启动中...
[14:52:48.480][MARK] 连接redis....
[14:52:48.497][MARK] 连接redis成功
[14:52:48.799][MARK] 请使用登录当前QQ的手机[32m扫码[39m完成登录，如果显示二维码过期，可以按[32m回车键（Enter）[39m刷新，重新输入密码请执行命令：[32mnpm run login[39m
[14:53:04.537][MARK] ----^_^----
[14:53:04.538][MARK] [32mYunzai-Bot 上线成功 版本v3.0.0[39m
[14:53:04.540][MARK] [32mhttps://github.com/Le-niao/Yunzai-Bot[39m
[14:53:07.972][MARK] 请使用登录当前QQ的手机[32m扫码[39m完成登录，如果显示二维码过期，可以按[32m回车键（Enter）[39m刷新，重新输入密码请执行命令：[32mnpm run login[39m
[14:53:19.146][MARK] [体力查询][note][冬之女皇的游戏军事法(效忠冰之女皇的隐退江湖)] 体力
[14:53:19.154][MARK] [米游社查询][uid：107192135][32m[使用已绑定ck：179571376][39m
[14:53:19.510][MARK] [米游社接口][dailyNote][107192135] 353ms
[14:53:19.639][MARK] puppeteer Chromium 启动中。。
[14:53:21.266][MARK] puppeteer Chromium 启动成功
[14:53:21.363][MARK] [图片生成][dailyNote][1次] 41.85kb [32m87ms[39m
[14:53:22.637][MARK] [体力查询][note] 体力 处理完成 3490ms
[14:53:47.512][MARK] [抽卡记录][logJson][私聊][Mr.Goddess(215381250)] #json文件导入记录
[14:53:48.515][MARK] [抽卡记录][logJson] #json文件导入记录 处理完成 1001ms
[14:53:56.022][MARK] [抽卡记录][logCount][冬之女皇的游戏军事法(效忠冰之女皇的隐退江湖)] #角色池统计
[14:53:56.305][MARK] [图片生成][logCount][2次] 171.29kb [32m187ms[39m
[14:53:57.137][MARK] [抽卡记录][logCount] #角色池统计 处理完成 1112ms
[14:54:06.759][MARK] [抽卡记录][getLog][冬之女皇的游戏军事法(效忠冰之女皇的隐退江湖)] #角色记录
[14:54:06.954][MARK] [图片生成][gachaLog][3次] 262.57kb [32m181ms[39m
[14:54:07.861][MARK] [抽卡记录][getLog] #角色记录 处理完成 1100ms
[14:54:49.682][MARK] [米游社查询][uid：228520173][34m[使用用户ck：179571376][39m[次数:1次]
[14:54:52.081][MARK] puppeteer Chromium 启动中。。
[14:54:53.706][MARK] puppeteer Chromium 启动成功
[14:54:54.819][MARK] [图片生成][miao-plugin/character/profile-list][1次] 124.19kb [32m1106ms[39m
[14:54:56.083][MARK] [miao-plugin][dispatch] #面板 处理完成 6404ms
[14:55:10.260][MARK] [用户绑定][showUid][冬之女皇的游戏军事法(效忠冰之女皇的隐退江湖)] #uid2
[14:55:10.667][MARK] [用户绑定][showUid] #uid2 处理完成 405ms
[14:55:17.533][MARK] [用户绑定][showUid][冬之女皇的游戏军事法(效忠冰之女皇的隐退江湖)] #uid1
[14:55:17.901][MARK] [用户绑定][showUid] #uid1 处理完成 366ms
[14:55:35.751][MARK] [米游社查询][uid：107192135][32m[使用已绑定ck：179571376][39m
[14:55:38.966][MARK] [图片生成][miao-plugin/character/profile-list][2次] 126.74kb [32m1085ms[39m
[14:55:40.341][MARK] [miao-plugin][dispatch] #面板 处理完成 4592ms
[14:55:52.092][MARK] [图片生成][miao-plugin/character/profile-detail][3次] 428.51kb [32m1151ms[39m
[14:55:53.940][MARK] [miao-plugin][dispatch] #刻晴面板 处理完成 3026ms
[14:57:49.453][MARK] [重启][restart][冬之女皇的游戏军事法(效忠冰之女皇的隐退江湖)] #重启
[14:57:49.836][MARK] [重启][restart] 开始执行重启，请稍等...
[14:57:50.233][MARK] [重启][restart] #重启 处理完成 779ms
[14:57:52.325][ERRO] 重启失败
Error: Command failed: npm start
npm WARN config global `--global`, `--local` are deprecated. Use `--location=global` instead.
[PM2][ERROR] Process 1 not found
Process 1 not found
E:\yunzai\Yunzai-Bot\node_modules\.pnpm\pm2@5.2.0\node_modules\pm2\lib\API.js:1717
        acted.push(proc.pm2_env ? proc.pm2_env.pm_id : proc.pm_id)
                        ^

TypeError: Cannot read properties of undefined (reading 'pm2_env')
    at E:\yunzai\Yunzai-Bot\node_modules\.pnpm\pm2@5.2.0\node_modules\pm2\lib\API.js:1717:25
    at Array.forEach (<anonymous>)
    at API.speedList (E:\yunzai\Yunzai-Bot\node_modules\.pnpm\pm2@5.2.0\node_modules\pm2\lib\API.js:1716:18)
    at E:\yunzai\Yunzai-Bot\node_modules\.pnpm\pm2@5.2.0\node_modules\pm2\lib\binaries\CLI.js:301:15
    at wrapper (E:\yunzai\Yunzai-Bot\node_modules\.pnpm\async@3.2.4\node_modules\async\internal\once.js:12:16)
    at replenish (E:\yunzai\Yunzai-Bot\node_modules\.pnpm\async@3.2.4\node_modules\async\internal\eachOfLimit.js:76:25)
    at iterateeCallback (E:\yunzai\Yunzai-Bot\node_modules\.pnpm\async@3.2.4\node_modules\async\internal\eachOfLimit.js:65:17)
    at E:\yunzai\Yunzai-Bot\node_modules\.pnpm\async@3.2.4\node_modules\async\internal\onlyOnce.js:12:16
    at E:\yunzai\Yunzai-Bot\node_modules\.pnpm\pm2@5.2.0\node_modules\pm2\lib\binaries\CLI.js:292:11
    at E:\yunzai\Yunzai-Bot\node_modules\.pnpm\pm2@5.2.0\node_modules\pm2\lib\API.js:330:21

    at ChildProcess.exithandler (node:child_process:398:12)
    at ChildProcess.emit (node:events:527:28)
    at maybeClose (node:internal/child_process:1092:16)
    at Process.ChildProcess._handle.onexit (node:internal/child_process:302:5)
[14:58:14.845][MARK] Yunzai-Bot 启动中...
[14:58:14.846][MARK] 连接redis....
[14:58:14.861][MARK] 连接redis成功
[14:58:15.178][MARK] 请使用登录当前QQ的手机扫码完成登录，如果显示二维码过期，可以按回车键（Enter）刷新，重新输入密码请执行命令：npm run login
[14:58:42.600][MARK] Yunzai-Bot 启动中...
[14:58:42.602][MARK] 连接redis....
[14:58:42.625][MARK] 连接redis成功
[14:58:43.046][MARK] 请使用登录当前QQ的手机[32m扫码[39m完成登录，如果显示二维码过期，可以按[32m回车键（Enter）[39m刷新，重新输入密码请执行命令：[32mnpm run login[39m
[14:58:57.086][MARK] ----^_^----
[14:58:57.087][MARK] [32mYunzai-Bot 上线成功 版本v3.0.0[39m
[14:58:57.087][MARK] [32mhttps://github.com/Le-niao/Yunzai-Bot[39m
[14:59:06.286][MARK] [体力查询][note][冬之女皇的游戏军事法(效忠冰之女皇的隐退江湖)] 体力
[14:59:06.295][MARK] [米游社查询][uid：107192135][32m[使用已绑定ck：179571376][39m
[14:59:06.680][MARK] [米游社接口][dailyNote][107192135] 382ms
[14:59:06.812][MARK] puppeteer Chromium 启动中。。
[14:59:08.428][MARK] puppeteer Chromium 启动成功
[14:59:08.534][MARK] [图片生成][dailyNote][1次] 41.88kb [32m94ms[39m
[14:59:09.852][MARK] [体力查询][note] 体力 处理完成 3565ms
[14:59:56.695][MARK] [米游社功能][searchCos][冬之女皇的游戏军事法(效忠冰之女皇的隐退江湖)] #cos 心海
[15:00:08.539][MARK] [体力查询][note][私聊][Mr.Goddess(215381250)] 体力
[15:00:08.540][MARK] [米游社查询][uid：107192135][32m[使用已绑定ck：179571376][39m
[15:00:08.871][MARK] [米游社接口][dailyNote][107192135] 330ms
[15:00:08.965][MARK] [图片生成][dailyNote][2次] 41.91kb [32m90ms[39m
[15:00:09.797][MARK] [体力查询][note] 体力 处理完成 1257ms
[15:00:23.282][MARK] [米游社功能][searchCos] #cos 心海 处理完成 26585ms
[15:00:48.497][MARK] [米游社功能][searchCos][冬之女皇的游戏军事法(效忠冰之女皇的隐退江湖)] #cos 刻晴
[15:01:10.778][MARK] [米游社功能][searchCos] #cos 刻晴 处理完成 22279ms
[15:04:18.572][MARK] Yunzai-Bot 启动中...
[15:04:18.573][MARK] 连接redis....
[15:04:18.588][MARK] 连接redis成功
[15:04:18.894][MARK] 请使用登录当前QQ的手机扫码完成登录，如果显示二维码过期，可以按回车键（Enter）刷新，重新输入密码请执行命令：npm run login
[15:09:36.904][MARK] 请使用登录当前QQ的手机[32m扫码[39m完成登录，如果显示二维码过期，可以按[32m回车键（Enter）[39m刷新，重新输入密码请执行命令：[32mnpm run login[39m
[15:10:22.125][MARK] Yunzai-Bot 启动中...
[15:10:22.127][MARK] 连接redis....
[15:10:22.141][MARK] 连接redis成功
[15:10:22.404][MARK] 请使用登录当前QQ的手机扫码完成登录，如果显示二维码过期，可以按回车键（Enter）刷新，重新输入密码请执行命令：npm run login
[15:10:25.174][MARK] 请使用登录当前QQ的手机[32m扫码[39m完成登录，如果显示二维码过期，可以按[32m回车键（Enter）[39m刷新，重新输入密码请执行命令：[32mnpm run login[39m
[15:13:31.965][MARK] Yunzai-Bot 启动中...
[15:13:31.967][MARK] 连接redis....
[15:13:31.986][MARK] 连接redis成功
[15:13:32.795][MARK] 请使用登录当前QQ的手机[32m扫码[39m完成登录，如果显示二维码过期，可以按[32m回车键（Enter）[39m刷新，重新输入密码请执行命令：[32mnpm run login[39m
[15:13:56.561][MARK] ----^_^----
[15:13:56.562][MARK] [32mYunzai-Bot 上线成功 版本v3.0.0[39m
[15:13:56.564][MARK] [32mhttps://github.com/Le-niao/Yunzai-Bot[39m
[15:14:42.133][MARK] [体力查询][note][私聊][Mr.Goddess(215381250)] 体力
[15:14:42.142][MARK] [米游社查询][uid：107192135][32m[使用已绑定ck：179571376][39m
[15:14:42.580][MARK] [米游社接口][dailyNote][107192135] 434ms
[15:14:42.787][MARK] puppeteer Chromium 启动中。。
[15:14:44.589][MARK] puppeteer Chromium 启动成功
[15:14:44.734][MARK] [图片生成][dailyNote][1次] 41.84kb [32m115ms[39m
[15:14:45.179][MARK] [体力查询][note] 体力 处理完成 3044ms
[15:16:25.961][MARK] Yunzai-Bot 启动中...
[15:16:25.965][MARK] 连接redis....
[15:16:25.991][MARK] 连接redis成功
[15:16:26.257][MARK] 请使用登录当前QQ的手机扫码完成登录，如果显示二维码过期，可以按回车键（Enter）刷新，重新输入密码请执行命令：npm run login
[15:16:31.946][MARK] [体力查询][note][私聊][Mr.Goddess(215381250)] 体力
[15:16:31.947][MARK] [米游社查询][uid：107192135][32m[使用已绑定ck：179571376][39m
[15:16:33.225][MARK] [米游社接口][dailyNote][107192135] 1276ms
[15:16:33.324][MARK] [图片生成][dailyNote][2次] 41.85kb [32m92ms[39m
[15:16:34.144][MARK] [体力查询][note] 体力 处理完成 2197ms
[15:17:12.460][MARK] [米游社功能][searchCos][私聊][Mr.Goddess(215381250)] #cos 雷神
[15:17:17.720][MARK] [米游社功能][searchCos] #cos 雷神 处理完成 5259ms
[15:18:13.952][MARK] [米游社查询][uid：107192135][32m[使用已绑定ck：179571376][39m
[15:18:15.913][MARK] puppeteer Chromium 启动中。。
[15:18:17.478][MARK] puppeteer Chromium 启动成功
[15:18:18.612][MARK] [图片生成][miao-plugin/character/profile-list][1次] 134.05kb [32m1124ms[39m
[15:18:19.607][MARK] [miao-plugin][dispatch] #更新面板 处理完成 5657ms
[15:20:30.674][MARK] [米游社功能][searchCos][祝至冬女皇永远快乐((紫砂了的提瓦特第一欧皇)] #cos 刻晴
[15:20:43.202][MARK] [米游社功能][searchCos] #cos 刻晴 处理完成 12526ms
[15:20:48.081][MARK] [米游社功能][searchCos][祝至冬女皇永远快乐((紫砂了的提瓦特第一欧皇)] #cos 刻晴
[15:20:49.787][MARK] [米游社功能][searchCos] #cos 刻晴 处理完成 1703ms
[15:21:06.335][MARK] [米游社功能][searchCos][祝至冬女皇永远快乐((紫砂了的提瓦特第一欧皇)] #cos 刻晴
[15:21:08.144][MARK] [米游社功能][searchCos] #cos 刻晴 处理完成 1805ms
[15:21:23.546][MARK] [米游社功能][searchCos][祝至冬女皇永远快乐((紫砂了的效忠冰之女皇的磊神爱七七)] #cos 七七
[15:21:25.442][MARK] [米游社功能][searchCos] #cos 七七 处理完成 1895ms
[15:21:31.761][MARK] [米游社功能][searchCos][冬之女皇的游戏军事法(效忠冰之女皇的隐退江湖)] #cos 刻晴
[15:21:35.561][MARK] [米游社功能][searchCos] #cos 刻晴 处理完成 3798ms
[15:21:50.622][MARK] [米游社功能][cos][冬之女皇的游戏军事法(效忠冰之女皇的隐退江湖)] #cos1
[15:21:54.135][MARK] [米游社功能][cos][祝至冬女皇永远快乐((紫砂了的效忠冰之女皇的磊神爱七七)] #cos1
[15:22:12.473][MARK] [米游社功能][cos] #cos1 处理完成 21850ms
[15:22:14.288][MARK] [米游社功能][cos] #cos1 处理完成 20152ms
[15:22:29.369][MARK] Yunzai-Bot 启动中...
[15:22:29.370][MARK] 连接redis....
[15:22:29.384][MARK] 连接redis成功
[15:22:29.614][MARK] 请使用登录当前QQ的手机扫码完成登录，如果显示二维码过期，可以按回车键（Enter）刷新，重新输入密码请执行命令：npm run login
[15:22:33.135][MARK] [米游社功能][cos][冬之女皇的游戏军事法(效忠冰之女皇的隐退江湖)] #cos2
[15:22:38.500][MARK] [米游社功能][cos] #cos2 处理完成 5362ms
[15:22:39.191][MARK] [米游社功能][cos][祝至冬女皇永远快乐((紫砂了的效忠冰之女皇的磊神爱七七)] #cos2
[15:22:44.796][MARK] [米游社功能][cos] #cos2 处理完成 5604ms
[15:23:45.555][MARK] [添加表情][add][科二必拿下🖐️️(牛马)] #添加1！5！
[15:23:45.981][MARK] [添加表情][add] #添加1！5！ 处理完成 425ms
[15:24:10.573][MARK] [添加表情][add][科二必拿下🖐️️(牛马)] #添加L!T!C!
[15:24:10.967][MARK] [添加表情][add] #添加L!T!C! 处理完成 394ms
[15:24:14.861][MARK] [米游社功能][cos][祝至冬女皇永远快乐((紫砂了的提瓦特第一欧皇)] #cos2
[15:24:21.803][MARK] [米游社功能][cos] #cos2 处理完成 6939ms
[15:24:46.743][MARK] [添加表情][add][科二必拿下🖐️️(牛马)] #添加LTC!
[15:24:47.135][MARK] [添加表情][add] #添加LTC! 处理完成 390ms
[15:25:19.270][MARK] [主人拉群] 929472373
[15:25:40.626][MARK] [添加表情][add][三次元的🐮和🐴之家o(退群的紫砂了的平平无奇的纯爱战神)] #添加😎
[15:25:40.998][MARK] [添加表情][add] #添加😎 处理完成 372ms
[15:25:57.719][MARK] [发送表情][三次元的🐮和🐴之家o(退群的紫砂了的平平无奇的纯爱战神)] 😎
[15:26:14.931][MARK] [米游社功能][searchCos][三次元的🐮和🐴之家o(退群的紫砂了的平平无奇的纯爱战神)] #cos 刻晴
[15:26:37.203][MARK] [米游社功能][searchCos] #cos 刻晴 处理完成 22271ms
[15:27:09.869][MARK] [米游社功能][searchCos][三次元的🐮和🐴之家o(退群的紫砂了的平平无奇的纯爱战神)] #cos 刻晴
[15:27:28.312][MARK] [添加表情][add][三次元的🐮和🐴之家o(小ju)] #添加 我认为问题在于576
[15:27:28.745][MARK] [添加表情][add] #添加 我认为问题在于576 处理完成 433ms
[15:27:32.012][MARK] [米游社功能][searchCos] #cos 刻晴 处理完成 22141ms
[15:27:56.516][MARK] [添加表情][add][三次元的🐮和🐴之家o(小ju)] #添加我认为问题在于576
[15:27:56.921][MARK] [添加表情][add] #添加我认为问题在于576 处理完成 404ms
[15:28:23.602][MARK] [添加表情][del][三次元的🐮和🐴之家o(小ju)] #删除我认为问题在于576
[15:28:23.997][MARK] [添加表情][del] #删除我认为问题在于576 处理完成 393ms
[15:28:32.620][MARK] Yunzai-Bot 启动中...
[15:28:32.622][MARK] 连接redis....
[15:28:32.637][MARK] 连接redis成功
[15:28:32.862][MARK] 请使用登录当前QQ的手机扫码完成登录，如果显示二维码过期，可以按回车键（Enter）刷新，重新输入密码请执行命令：npm run login
[15:28:33.054][MARK] [添加表情][add][三次元的🐮和🐴之家o(小ju)] #添加我认为问题在于576
[15:28:33.420][MARK] [添加表情][add] #添加我认为问题在于576 处理完成 366ms
[15:29:07.575][MARK] [添加表情][del][三次元的🐮和🐴之家o(小ju)] #删除 我认为问题在于576
[15:29:16.627][MARK] [添加表情][add][三次元的🐮和🐴之家o(小ju)] #添加我认为问题在于576
[15:29:17.068][MARK] [添加表情][add] #添加我认为问题在于576 处理完成 441ms
[15:29:36.983][MARK] [添加表情][list][三次元的🐮和🐴之家o(退群的紫砂了的平平无奇的纯爱战神)] #表情列表
[15:29:37.227][MARK] [添加表情][list] #表情列表 处理完成 243ms
[15:30:33.783][MARK] [体力查询][note][祝至冬女皇永远快乐((简简单单开个盒🤗)] 体力
[15:30:33.785][MARK] [体力查询][note] 体力 处理完成 1ms
[15:30:40.188][MARK] [添加表情][add][三次元的🐮和🐴之家o(退群的紫砂了的平平无奇的纯爱战神)] #添加唐唐，你怎么看
[15:30:40.591][MARK] [添加表情][add] #添加唐唐，你怎么看 处理完成 403ms
[15:30:57.016][MARK] [发送表情][三次元的🐮和🐴之家o(退群的紫砂了的平平无奇的纯爱战神)] 唐唐，你怎么看
[15:31:24.208][MARK] [发送表情][三次元的🐮和🐴之家o(退群的紫砂了的平平无奇的纯爱战神)] 唐唐，你怎么看
[15:31:52.066][MARK] [发送表情][三次元的🐮和🐴之家o(退群的紫砂了的平平无奇的纯爱战神)] 我认为问题在于576
[15:32:11.027][MARK] [米游社功能][searchCos][三次元的🐮和🐴之家o(退群的紫砂了的平平无奇的纯爱战神)] #cos 心海
[15:32:14.705][MARK] [米游社功能][searchCos] #cos 心海 处理完成 3677ms
[15:32:35.292][MARK] [米游社功能][searchCos][三次元的🐮和🐴之家o(退群的紫砂了的平平无奇的纯爱战神)] #cos 可莉
[15:32:36.597][MARK] [发送表情][科二必拿下🖐️️(秀珍)] 1！5！
[15:32:37.230][MARK] [米游社功能][searchCos] #cos 可莉 处理完成 1936ms
[15:32:46.552][MARK] [发送表情][科二必拿下🖐️️(秀珍)] L!T!C!
[15:32:58.278][MARK] [添加表情][add][科二必拿下🖐️️(牛马)] #添加
[15:32:58.633][MARK] [添加表情][add] #添加 处理完成 354ms
[15:33:10.746][MARK] [添加表情][add][科二必拿下🖐️️(秀珍)] #添加
[15:33:10.747][MARK] [添加表情][add] #添加 处理完成 1ms
[15:33:20.167][MARK] [添加表情][add][科二必拿下🖐️️(牛马)] #添加
[15:33:20.508][MARK] [添加表情][add] #添加 处理完成 341ms
[15:33:23.881][MARK] [添加表情][add][科二必拿下🖐️️(秀珍)] #添加
[15:33:23.882][MARK] [添加表情][add] #添加 处理完成 0ms
[15:33:44.608][MARK] [添加表情][add][科二必拿下🖐️️(秀珍)] #添加
[15:33:44.609][MARK] [添加表情][add] #添加 处理完成 0ms
[15:34:03.937][MARK] [添加表情][add][科二必拿下🖐️️(牛马)] #添加数据结构
[15:34:04.259][MARK] [添加表情][add] #添加数据结构 处理完成 322ms
[15:34:35.967][MARK] Yunzai-Bot 启动中...
[15:34:35.968][MARK] 连接redis....
[15:34:35.981][MARK] 连接redis成功
[15:34:36.251][MARK] 请使用登录当前QQ的手机扫码完成登录，如果显示二维码过期，可以按回车键（Enter）刷新，重新输入密码请执行命令：npm run login
[15:35:09.696][MARK] [添加表情][add][数据结构必拿下🖐️(牛马)] #添加错误：没有关键词
[15:35:10.121][MARK] [添加表情][add] #添加错误：没有关键词 处理完成 424ms
[15:35:14.812][MARK] [发送表情][数据结构必拿下🖐️(秀珍)] {bface:欢呼}
[15:35:20.667][MARK] [发送表情][数据结构必拿下🖐️(秀珍)] 数据结构
[15:35:25.715][MARK] [发送表情][数据结构必拿下🖐️(秀珍)] {bface:开心}
[15:35:37.583][MARK] [米游社功能][searchCos][数据结构必拿下🖐️(牛马)] #cos 心海
[15:35:39.987][MARK] [米游社功能][searchCos] #cos 心海 处理完成 2403ms
[15:35:52.820][MARK] [给我点颜色看看][startSeecolor][三次元的🐮和🐴之家o(退群的紫砂了的平平无奇的纯爱战神)] #给我点颜色看看
[15:35:52.926][MARK] [图片生成][seecolor][3次] 11.82kb [32m100ms[39m
[15:35:52.927][MARK] [给我点颜色看看][startSeecolor] #给我点颜色看看 处理完成 106ms
[15:36:05.897][MARK] [给我点颜色看看][click][三次元的🐮和🐴之家o(退群的紫砂了的平平无奇的纯爱战神)] 块4
[15:36:05.977][MARK] [图片生成][seecolor][4次] 17.06kb [32m77ms[39m
[15:36:06.584][MARK] [给我点颜色看看][click] 块4 处理完成 686ms
[15:36:11.795][MARK] [给我点颜色看看][click][三次元的🐮和🐴之家o(退群的紫砂了的平平无奇的纯爱战神)] 块9
[15:36:11.877][MARK] [图片生成][seecolor][5次] 21.56kb [32m79ms[39m
[15:36:12.481][MARK] [给我点颜色看看][click] 块9 处理完成 685ms
[15:36:17.586][MARK] [给我点颜色看看][click][三次元的🐮和🐴之家o(小ju)] 块9
[15:36:17.587][MARK] [给我点颜色看看][click] 块9 处理完成 0ms
[15:36:20.553][MARK] [给我点颜色看看][click][三次元的🐮和🐴之家o(小ju)] 块8
[15:36:20.625][MARK] [图片生成][seecolor][6次] 30.81kb [32m69ms[39m
[15:36:21.242][MARK] [给我点颜色看看][click] 块8 处理完成 688ms
[15:36:27.327][MARK] [给我点颜色看看][click][三次元的🐮和🐴之家o(退群的紫砂了的平平无奇的纯爱战神)] 块18
[15:36:27.411][MARK] [图片生成][seecolor][7次] 35.95kb [32m82ms[39m
[15:36:28.028][MARK] [给我点颜色看看][click] 块18 处理完成 700ms
[15:36:28.426][MARK] [给我点颜色看看][click][三次元的🐮和🐴之家o(小ju)] 块18
[15:36:28.426][MARK] [给我点颜色看看][click] 块18 处理完成 0ms
[15:36:29.819][MARK] [米游社功能][searchCos][数据结构必拿下🖐️(秀珍)] #cos 甘雨
[15:36:32.870][MARK] [给我点颜色看看][click][三次元的🐮和🐴之家o(小ju)] 块19
[15:36:32.943][MARK] [图片生成][seecolor][8次] 44.23kb [32m71ms[39m
[15:36:33.550][MARK] [给我点颜色看看][click] 块19 处理完成 679ms
[15:36:34.066][MARK] [给我点颜色看看][click][三次元的🐮和🐴之家o(退群的紫砂了的平平无奇的纯爱战神)] 块19
[15:36:34.067][MARK] [给我点颜色看看][click] 块19 处理完成 0ms
[15:36:36.935][MARK] [米游社功能][searchCos] #cos 甘雨 处理完成 7115ms
[15:36:37.672][MARK] [给我点颜色看看][click][三次元的🐮和🐴之家o(退群的紫砂了的平平无奇的纯爱战神)] 块41
[15:36:37.760][MARK] [图片生成][seecolor][9次] 54.65kb [32m85ms[39m
[15:36:38.368][MARK] [给我点颜色看看][click] 块41 处理完成 696ms
[15:36:39.169][MARK] [给我点颜色看看][click][三次元的🐮和🐴之家o(小ju)] 块41
[15:36:39.170][MARK] [给我点颜色看看][click] 块41 处理完成 0ms
[15:36:43.347][MARK] [给我点颜色看看][click][三次元的🐮和🐴之家o(退群的紫砂了的平平无奇的纯爱战神)] 块57
[15:36:43.430][MARK] [图片生成][seecolor][10次] 62.25kb [32m82ms[39m
[15:36:44.036][MARK] [给我点颜色看看][click] 块57 处理完成 689ms
[15:36:44.912][MARK] [给我点颜色看看][click][三次元的🐮和🐴之家o(小ju)] 块57
[15:36:44.912][MARK] [给我点颜色看看][click] 块57 处理完成 0ms
[15:36:49.618][MARK] [给我点颜色看看][click][三次元的🐮和🐴之家o(退群的紫砂了的平平无奇的纯爱战神)] 块63
[15:36:49.618][MARK] [给我点颜色看看][click] 块63 处理完成 0ms
[15:36:57.416][MARK] [给我点颜色看看][click][三次元的🐮和🐴之家o(退群的紫砂了的平平无奇的纯爱战神)] 块60
[15:36:57.510][MARK] [图片生成][seecolor][11次] 71.30kb [32m92ms[39m
[15:36:58.122][MARK] [给我点颜色看看][click] 块60 处理完成 706ms
[15:36:58.399][MARK] [米游社功能][searchCos][数据结构必拿下🖐️(秀珍)] #cos 爱莉希雅
[15:37:01.443][MARK] [米游社功能][searchCos] #cos 爱莉希雅 处理完成 3041ms
[15:37:05.533][MARK] [给我点颜色看看][click][三次元的🐮和🐴之家o(退群的紫砂了的平平无奇的纯爱战神)] 块51
[15:37:05.627][MARK] [图片生成][seecolor][12次] 72.95kb [32m91ms[39m
[15:37:06.240][MARK] [给我点颜色看看][click] 块51 处理完成 706ms
[15:37:18.977][MARK] [给我点颜色看看][click][三次元的🐮和🐴之家o(退群的紫砂了的平平无奇的纯爱战神)] 块54
[15:37:18.978][MARK] [给我点颜色看看][click] 块54 处理完成 0ms
[15:37:21.957][MARK] [米游社功能][searchCos][数据结构必拿下🖐️(秀珍)] #cos 爱莉希雅
[15:37:23.179][MARK] [给我点颜色看看][click][三次元的🐮和🐴之家o(退群的紫砂了的平平无奇的纯爱战神)] 块94
[15:37:23.276][MARK] [图片生成][seecolor][13次] 91.54kb [32m93ms[39m
[15:37:23.867][MARK] [米游社功能][searchCos] #cos 爱莉希雅 处理完成 1909ms
[15:37:23.881][MARK] [给我点颜色看看][click] 块94 处理完成 700ms
[15:37:31.933][MARK] [给我点颜色看看][click][三次元的🐮和🐴之家o(退群的紫砂了的平平无奇的纯爱战神)] 块100
[15:37:32.026][MARK] [图片生成][seecolor][14次] 106.38kb [32m91ms[39m
[15:37:32.637][MARK] [给我点颜色看看][click] 块100 处理完成 704ms
[15:37:37.839][MARK] [给我点颜色看看][click][三次元的🐮和🐴之家o(小ju)] 块100
[15:37:37.839][MARK] [给我点颜色看看][click] 块100 处理完成 0ms
[15:37:48.451][MARK] [给我点颜色看看][click][三次元的🐮和🐴之家o(退群的紫砂了的平平无奇的纯爱战神)] 块21
[15:37:48.543][MARK] [图片生成][seecolor][15次] 128.30kb [32m91ms[39m
[15:37:49.158][MARK] [给我点颜色看看][click] 块21 处理完成 707ms
[15:38:01.235][MARK] [给我点颜色看看][click][三次元的🐮和🐴之家o(退群的紫砂了的平平无奇的纯爱战神)] 块39
[15:38:01.327][MARK] [图片生成][seecolor][16次] 156.19kb [32m90ms[39m
[15:38:01.930][MARK] [给我点颜色看看][click] 块39 处理完成 695ms
[15:38:17.707][MARK] [miao-plugin][dispatch] #角色详情 处理完成 0ms
[15:38:18.438][MARK] [给我点颜色看看][click][三次元的🐮和🐴之家o(退群的紫砂了的平平无奇的纯爱战神)] 块20
[15:38:18.439][MARK] [给我点颜色看看][click] 块20 处理完成 0ms
[15:38:25.419][MARK] [米游社功能][searchCos][数据结构必拿下🖐️(秀珍)] #cos 刻晴
[15:38:27.366][MARK] [给我点颜色看看][click][三次元的🐮和🐴之家o(退群的紫砂了的平平无奇的纯爱战神)] 块118
[15:38:27.478][MARK] [图片生成][seecolor][17次] 152.33kb [32m111ms[39m
[15:38:28.079][MARK] [给我点颜色看看][click] 块118 处理完成 713ms
[15:38:33.593][MARK] [给我点颜色看看][click][三次元的🐮和🐴之家o(小ju)] 块114514
[15:38:33.594][MARK] [给我点颜色看看][click] 块114514 处理完成 0ms
[15:38:47.554][MARK] [米游社功能][searchCos] #cos 刻晴 处理完成 22133ms
[15:39:19.268][MARK] [米游社功能][searchCos][数据结构必拿下🖐️(牛马)] #cos 刻晴
[15:39:41.400][MARK] [米游社功能][searchCos] #cos 刻晴 处理完成 22131ms
[15:39:50.877][MARK] [体力查询][note][数据结构必拿下🖐️(牛马)] #体力
[15:39:50.879][MARK] [米游社查询][uid：107192135][32m[使用已绑定ck：179571376][39m
[15:39:51.265][MARK] [米游社接口][dailyNote][107192135] 385ms
[15:39:51.350][MARK] [图片生成][dailyNote][18次] 41.83kb [32m81ms[39m
[15:39:52.592][MARK] [体力查询][note] #体力 处理完成 1714ms
[15:40:08.396][MARK] [给我点颜色看看][startSeecolor][数据结构必拿下🖐️(牛马)] #给我点颜色看看
[15:40:08.468][MARK] [图片生成][seecolor][19次] 11.92kb [32m71ms[39m
[15:40:08.469][MARK] [给我点颜色看看][startSeecolor] #给我点颜色看看 处理完成 73ms
[15:40:15.518][MARK] [给我点颜色看看][click][数据结构必拿下🖐️(牛马)] 块3
[15:40:15.599][MARK] [图片生成][seecolor][20次] 18.04kb [32m80ms[39m
[15:40:16.215][MARK] [给我点颜色看看][click] 块3 处理完成 697ms
[15:40:21.973][MARK] [给我点颜色看看][click][数据结构必拿下🖐️(秀珍)] 块4
[15:40:22.048][MARK] [图片生成][seecolor][21次] 21.34kb [32m73ms[39m
[15:40:22.656][MARK] [给我点颜色看看][click] 块4 处理完成 683ms
[15:40:32.806][MARK] [给我点颜色看看][click][数据结构必拿下🖐️(秀珍)] 块15
[15:40:32.882][MARK] [图片生成][seecolor][22次] 35.05kb [32m73ms[39m
[15:40:33.495][MARK] [给我点颜色看看][click] 块15 处理完成 687ms
[15:40:38.688][MARK] [给我点颜色看看][click][数据结构必拿下🖐️(秀珍)] 块5
[15:40:38.800][MARK] [图片生成][seecolor][23次] 35.18kb [32m110ms[39m
[15:40:39.334][MARK] Yunzai-Bot 启动中...
[15:40:39.335][MARK] 连接redis....
[15:40:39.351][MARK] 连接redis成功
[15:40:39.410][MARK] [给我点颜色看看][click] 块5 处理完成 722ms
[15:40:39.597][MARK] 请使用登录当前QQ的手机扫码完成登录，如果显示二维码过期，可以按回车键（Enter）刷新，重新输入密码请执行命令：npm run login
[15:40:44.811][MARK] [给我点颜色看看][click][数据结构必拿下🖐️(秀珍)] 块7
[15:40:44.882][MARK] [图片生成][seecolor][24次] 43.58kb [32m70ms[39m
[15:40:45.492][MARK] [给我点颜色看看][click] 块7 处理完成 681ms
[15:40:52.247][MARK] [给我点颜色看看][click][数据结构必拿下🖐️(秀珍)] 块10
[15:40:52.332][MARK] [图片生成][seecolor][25次] 52.75kb [32m84ms[39m
[15:40:52.947][MARK] [给我点颜色看看][click] 块10 处理完成 700ms
[15:40:59.547][MARK] [给我点颜色看看][click][数据结构必拿下🖐️(秀珍)] 块62
[15:40:59.632][MARK] [图片生成][seecolor][26次] 63.51kb [32m83ms[39m
[15:41:00.242][MARK] [给我点颜色看看][click] 块62 处理完成 695ms
[15:41:00.537][MARK] [给我点颜色看看][click][数据结构必拿下🖐️(牛马)] 块62
[15:41:00.538][MARK] [给我点颜色看看][click] 块62 处理完成 0ms
[15:41:07.454][MARK] [给我点颜色看看][click][数据结构必拿下🖐️(秀珍)] 块73
[15:41:07.533][MARK] [图片生成][seecolor][27次] 70.08kb [32m78ms[39m
[15:41:08.140][MARK] [给我点颜色看看][click] 块73 处理完成 686ms
[15:41:19.312][MARK] [给我点颜色看看][click][数据结构必拿下🖐️(牛马)] 块28
[15:41:19.399][MARK] [图片生成][seecolor][28次] 76.85kb [32m85ms[39m
[15:41:20.009][MARK] [给我点颜色看看][click] 块28 处理完成 696ms
[15:41:39.472][MARK] [给我点颜色看看][click][数据结构必拿下🖐️(牛马)] 块27
[15:41:39.566][MARK] [图片生成][seecolor][29次] 88.94kb [32m92ms[39m
[15:41:40.180][MARK] [给我点颜色看看][click] 块27 处理完成 707ms
[15:41:49.957][MARK] [给我点颜色看看][click][数据结构必拿下🖐️(牛马)] 块38
[15:41:50.049][MARK] [图片生成][seecolor][30次] 103.72kb [32m89ms[39m
[15:41:50.666][MARK] [给我点颜色看看][click] 块38 处理完成 708ms
[15:42:02.237][MARK] [给我点颜色看看][click][数据结构必拿下🖐️(牛马)] 块147
[15:42:02.333][MARK] [图片生成][seecolor][31次] 109.60kb [32m95ms[39m
[15:42:02.945][MARK] [给我点颜色看看][click] 块147 处理完成 708ms
[15:42:49.245][MARK] [给我点颜色看看][click][数据结构必拿下🖐️(牛马)] 块62
[15:42:49.246][MARK] [给我点颜色看看][click] 块62 处理完成 1ms
[15:43:25.594][MARK] [米游社功能][searchCos][三次元的🐮和🐴之家o(退群的紫砂了的平平无奇的纯爱战神)] #cos 八重
[15:43:29.515][MARK] [米游社功能][searchCos] #cos 八重 处理完成 3920ms
[15:43:54.000][MARK] [米游社功能][searchCos][数据结构必拿下🖐️(牛马)] #cos 心海
[15:43:56.397][MARK] [米游社功能][searchCos] #cos 心海 处理完成 2396ms
[15:44:09.364][MARK] [米游社功能][cos][数据结构必拿下🖐️(牛马)] #cos3
[15:44:15.164][MARK] [米游社功能][cos] #cos3 处理完成 5798ms
[15:44:28.682][MARK] [米游社功能][searchCos][三次元的🐮和🐴之家o(退群的紫砂了的平平无奇的纯爱战神)] #cos 3
[15:44:32.298][MARK] [米游社功能][searchCos] #cos 3 处理完成 3614ms
[15:44:44.701][MARK] [米游社功能][cos][三次元的🐮和🐴之家o(退群的紫砂了的平平无奇的纯爱战神)] #cos3
[15:44:50.339][MARK] [米游社功能][cos] #cos3 处理完成 5637ms
[15:44:55.074][MARK] [米游社功能][cos][三次元的🐮和🐴之家o(退群的紫砂了的平平无奇的纯爱战神)] #cos4
[15:45:22.303][MARK] [米游社功能][searchCos][三次元的🐮和🐴之家o(退群的紫砂了的平平无奇的纯爱战神)] #cos 柳柳
[15:45:22.563][MARK] [米游社功能][searchCos] #cos 柳柳 处理完成 259ms
[15:45:26.698][ERRO] 发送消息错误:{"type":"xml","data":"<?xml version=\"1.0\" encoding=\"utf-8\"?>\n<msg brief=\"[聊天记录]\" m_fileName=\"5D5F1D69-AD01-B326-8206-AFE6F1E37561\" action=\"viewMultiMsg\" tSum=\"17\" flag=\"3\" m_resid=\"vWUFF16VLvOwrl/kOrlELNUvn0JnELGGQYhJfX49lhqMGLEI6NfBXcJ90P8cOJcb\" serviceID=\"35\" m_fileSize=\"157...
[15:45:26.699][ERRO] ApiRejection { code: -70, message: '群消息发送失败，可能被风控' }
[15:45:26.701][MARK] [米游社功能][cos] #cos4 处理完成 31626ms
[15:45:44.925][MARK] [给我点颜色看看][startSeecolor][数据结构必拿下🖐️(呼~)] #给我点颜色看看
[15:45:45.003][MARK] [图片生成][seecolor][32次] 11.56kb [32m76ms[39m
[15:45:45.004][MARK] [给我点颜色看看][startSeecolor] #给我点颜色看看 处理完成 79ms
[15:45:46.733][MARK] [添加表情][add][三次元的🐮和🐴之家o(退群的紫砂了的平平无奇的纯爱战神)] #添加#cos 柳柳
[15:45:47.118][MARK] [添加表情][add] #添加#cos 柳柳 处理完成 383ms
[15:45:53.840][MARK] [给我点颜色看看][click][数据结构必拿下🖐️(呼~)] 块1
[15:45:53.921][MARK] [图片生成][seecolor][33次] 19.93kb [32m79ms[39m
[15:45:54.537][MARK] [给我点颜色看看][click] 块1 处理完成 697ms
[15:46:00.830][MARK] [米游社功能][searchCos][三次元的🐮和🐴之家o(退群的紫砂了的平平无奇的纯爱战神)] #cos 柳柳
[15:46:01.104][MARK] [米游社功能][searchCos] #cos 柳柳 处理完成 273ms
[15:46:04.935][MARK] [给我点颜色看看][click][数据结构必拿下🖐️(呼~)] 块5
[15:46:05.001][MARK] [图片生成][seecolor][34次] 21.40kb [32m64ms[39m
[15:46:05.617][MARK] [给我点颜色看看][click] 块5 处理完成 682ms
[15:46:14.235][MARK] [给我点颜色看看][click][数据结构必拿下🖐️(呼~)] 块10
[15:46:14.317][MARK] [图片生成][seecolor][35次] 30.79kb [32m79ms[39m
[15:46:14.920][MARK] [给我点颜色看看][click] 块10 处理完成 684ms
[15:46:23.589][MARK] [给我点颜色看看][click][数据结构必拿下🖐️(呼~)] 块5
[15:46:23.668][MARK] [图片生成][seecolor][36次] 36.73kb [32m78ms[39m
[15:46:24.275][MARK] [给我点颜色看看][click] 块5 处理完成 686ms
[15:46:31.361][MARK] [米游社功能][searchCos][三次元的🐮和🐴之家o(小ju)] cos 柳柳
[15:46:31.613][MARK] [米游社功能][searchCos] cos 柳柳 处理完成 251ms
[15:46:35.724][MARK] [给我点颜色看看][click][数据结构必拿下🖐️(呼~)] 块17
[15:46:35.801][MARK] [图片生成][seecolor][37次] 44.34kb [32m75ms[39m
[15:46:36.404][MARK] [给我点颜色看看][click] 块17 处理完成 679ms
[15:46:42.543][MARK] Yunzai-Bot 启动中...
[15:46:42.545][MARK] 连接redis....
[15:46:42.560][MARK] 连接redis成功
[15:46:42.845][MARK] 请使用登录当前QQ的手机扫码完成登录，如果显示二维码过期，可以按回车键（Enter）刷新，重新输入密码请执行命令：npm run login
[15:46:44.463][MARK] [给我点颜色看看][click][数据结构必拿下🖐️(呼~)] 块30
[15:46:44.536][MARK] [图片生成][seecolor][38次] 52.26kb [32m71ms[39m
[15:46:45.148][MARK] [给我点颜色看看][click] 块30 处理完成 684ms
[15:46:54.501][MARK] [给我点颜色看看][click][数据结构必拿下🖐️(呼~)] 块10
[15:46:54.585][MARK] [图片生成][seecolor][39次] 56.19kb [32m83ms[39m
[15:46:55.195][MARK] [给我点颜色看看][click] 块10 处理完成 694ms
[15:47:06.499][MARK] [给我点颜色看看][click][数据结构必拿下🖐️(呼~)] 块13
[15:47:06.585][MARK] [图片生成][seecolor][40次] 68.16kb [32m84ms[39m
[15:47:07.196][MARK] [给我点颜色看看][click] 块13 处理完成 697ms
[15:47:20.133][MARK] [添加表情][add][三次元的🐮和🐴之家o(小ju)] #添加咱爹
[15:47:20.516][MARK] [添加表情][add] #添加咱爹 处理完成 383ms
[15:47:36.244][MARK] [发送表情][三次元的🐮和🐴之家o(小ju)] 咱爹
[15:47:46.505][MARK] [给我点颜色看看][click][数据结构必拿下🖐️(呼~)] 块32
[15:47:46.505][MARK] [给我点颜色看看][click] 块32 处理完成 0ms
[15:49:05.970][MARK] [云崽帮助][help][冬之女皇的游戏军事法(大飞球😣)] #帮助
[15:49:06.148][MARK] [图片生成][help][41次] 180.94kb [32m165ms[39m
[15:49:06.859][MARK] [云崽帮助][help] #帮助 处理完成 880ms
[15:49:25.430][MARK] [云崽帮助][help][冬之女皇的游戏军事法(大飞球😣)] #帮助
[15:49:26.108][MARK] [云崽帮助][help] #帮助 处理完成 678ms
[15:49:30.091][MARK] [miao-plugin][dispatch] #喵喵设置 处理完成 1ms
[15:49:39.700][MARK] [miao-plugin][dispatch] #喵喵设置帮助关闭 处理完成 1ms
[15:49:42.804][MARK] [云崽帮助][help][冬之女皇的游戏军事法(大飞球😣)] #帮助
[15:49:43.580][MARK] [云崽帮助][help] #帮助 处理完成 776ms
[15:49:48.498][MARK] [图片生成][miao-plugin/admin/index][2次] 307.33kb [32m1120ms[39m
[15:49:49.263][MARK] [miao-plugin][dispatch] #喵喵设置 处理完成 1892ms
[15:49:51.829][MARK] [云崽帮助][help][冬之女皇的游戏军事法(大飞球😣)] #帮助
[15:49:52.649][MARK] [云崽帮助][help] #帮助 处理完成 820ms
[15:50:03.043][MARK] [miao-plugin][dispatch] #更新全部面板 处理完成 1ms
[15:50:11.126][MARK] [图片生成][miao-plugin/admin/index][3次] 307.33kb [32m1130ms[39m
[15:50:11.955][MARK] [miao-plugin][dispatch] #喵喵设置深渊开启 处理完成 1964ms
[15:50:24.667][MARK] [miao-plugin][dispatch] #喵喵更新图像 处理完成 11ms
[15:50:38.552][MARK] [云崽帮助][help][冬之女皇的游戏军事法(大飞球😣)] #帮助
[15:50:39.604][MARK] [云崽帮助][help] #帮助 处理完成 1052ms
[15:51:35.713][MARK] [体力查询][note][冬之女皇的游戏军事法(大飞球😣)] 体力
[15:51:35.715][MARK] [体力查询][note] 体力 处理完成 1ms
[15:52:47.152][MARK] Yunzai-Bot 启动中...
[15:52:47.154][MARK] 连接redis....
[15:52:47.167][MARK] 连接redis成功
[15:52:47.828][MARK] 请使用登录当前QQ的手机扫码完成登录，如果显示二维码过期，可以按回车键（Enter）刷新，重新输入密码请执行命令：npm run login
[15:52:50.385][MARK] [添加表情][list][三次元的🐮和🐴之家o(退群的紫砂了的平平无奇的纯爱战神)] #表情列表
[15:52:50.835][MARK] [添加表情][list] #表情列表 处理完成 449ms
[15:57:49.767][MARK] [添加表情][list][祝至冬女皇永远快乐((简简单单开个盒🤗)] #表情列表
[15:57:50.167][MARK] [添加表情][list] #表情列表 处理完成 400ms
[15:58:51.442][MARK] Yunzai-Bot 启动中...
[15:58:51.444][MARK] 连接redis....
[15:58:51.461][MARK] 连接redis成功
[15:58:51.756][MARK] 请使用登录当前QQ的手机扫码完成登录，如果显示二维码过期，可以按回车键（Enter）刷新，重新输入密码请执行命令：npm run login
[16:04:59.513][MARK] Yunzai-Bot 启动中...
[16:04:59.518][MARK] 连接redis....
[16:04:59.554][MARK] 连接redis成功
[16:04:59.935][MARK] 请使用登录当前QQ的手机扫码完成登录，如果显示二维码过期，可以按回车键（Enter）刷新，重新输入密码请执行命令：npm run login
[16:11:05.978][MARK] Yunzai-Bot 启动中...
[16:11:05.984][MARK] 连接redis....
[16:11:06.015][MARK] 连接redis成功
[16:11:06.448][MARK] 请使用登录当前QQ的手机扫码完成登录，如果显示二维码过期，可以按回车键（Enter）刷新，重新输入密码请执行命令：npm run login
[16:17:12.926][MARK] Yunzai-Bot 启动中...
[16:17:12.932][MARK] 连接redis....
[16:17:12.970][MARK] 连接redis成功
[16:17:13.429][MARK] 请使用登录当前QQ的手机扫码完成登录，如果显示二维码过期，可以按回车键（Enter）刷新，重新输入密码请执行命令：npm run login
[16:19:30.085][MARK] [米游社查询][uid：107192135][32m[使用已绑定ck：179571376][39m
[16:19:38.034][MARK] [图片生成][miao-plugin/character/profile-list][4次] 134.05kb [32m5454ms[39m
[16:19:38.623][MARK] [miao-plugin][dispatch] #更新面板 处理完成 8551ms
[16:23:16.578][MARK] Yunzai-Bot 启动中...
[16:23:16.580][MARK] 连接redis....
[16:23:16.595][MARK] 连接redis成功
[16:23:16.857][MARK] 请使用登录当前QQ的手机扫码完成登录，如果显示二维码过期，可以按回车键（Enter）刷新，重新输入密码请执行命令：npm run login
[16:29:19.883][MARK] Yunzai-Bot 启动中...
[16:29:19.885][MARK] 连接redis....
[16:29:19.897][MARK] 连接redis成功
[16:29:20.190][MARK] 请使用登录当前QQ的手机扫码完成登录，如果显示二维码过期，可以按回车键（Enter）刷新，重新输入密码请执行命令：npm run login
[16:35:23.289][MARK] Yunzai-Bot 启动中...
[16:35:23.291][MARK] 连接redis....
[16:35:23.303][MARK] 连接redis成功
[16:35:23.576][MARK] 请使用登录当前QQ的手机扫码完成登录，如果显示二维码过期，可以按回车键（Enter）刷新，重新输入密码请执行命令：npm run login
[16:41:26.625][MARK] Yunzai-Bot 启动中...
[16:41:26.627][MARK] 连接redis....
[16:41:26.640][MARK] 连接redis成功
[16:41:26.921][MARK] 请使用登录当前QQ的手机扫码完成登录，如果显示二维码过期，可以按回车键（Enter）刷新，重新输入密码请执行命令：npm run login
[16:47:39.490][MARK] Yunzai-Bot 启动中...
[16:47:39.492][MARK] 连接redis....
[16:47:39.505][MARK] 连接redis成功
[16:47:39.787][MARK] 请使用登录当前QQ的手机扫码完成登录，如果显示二维码过期，可以按回车键（Enter）刷新，重新输入密码请执行命令：npm run login
[16:53:42.911][MARK] Yunzai-Bot 启动中...
[16:53:42.914][MARK] 连接redis....
[16:53:42.930][MARK] 连接redis成功
[16:53:43.159][MARK] 请使用登录当前QQ的手机扫码完成登录，如果显示二维码过期，可以按回车键（Enter）刷新，重新输入密码请执行命令：npm run login
[16:59:46.206][MARK] Yunzai-Bot 启动中...
[16:59:46.208][MARK] 连接redis....
[16:59:46.221][MARK] 连接redis成功
[16:59:46.492][MARK] 请使用登录当前QQ的手机扫码完成登录，如果显示二维码过期，可以按回车键（Enter）刷新，重新输入密码请执行命令：npm run login
[17:03:15.889][MARK] [添加表情][add][三次元的🐮和🐴之家o(🐕二次元唐氏🌹)] #添加😭
[17:03:16.418][MARK] [添加表情][add] #添加😭 处理完成 529ms
[17:03:17.207][MARK] [添加表情][add][三次元的🐮和🐴之家o(退群的紫砂了的平平无奇的纯爱战神)] #添加😭
[17:03:17.762][MARK] [添加表情][add] #添加😭 处理完成 555ms
[17:03:55.316][MARK] [发送表情][三次元的🐮和🐴之家o(退群的紫砂了的平平无奇的纯爱战神)] 😭
[17:04:30.578][MARK] [添加表情][add][三次元的🐮和🐴之家o(退群的紫砂了的平平无奇的纯爱战神)] #添加😀
[17:04:31.133][MARK] [添加表情][add] #添加😀 处理完成 555ms
[17:05:04.960][MARK] [发送表情][三次元的🐮和🐴之家o(退群的紫砂了的平平无奇的纯爱战神)] 😀
[17:05:49.542][MARK] Yunzai-Bot 启动中...
[17:05:49.544][MARK] 连接redis....
[17:05:49.560][MARK] 连接redis成功
[17:05:49.818][MARK] 请使用登录当前QQ的手机扫码完成登录，如果显示二维码过期，可以按回车键（Enter）刷新，重新输入密码请执行命令：npm run login
[17:06:16.232][MARK] [添加表情][list][三次元的🐮和🐴之家o(退群的紫砂了的平平无奇的纯爱战神)] #表情列表
[17:06:16.560][MARK] [添加表情][list] #表情列表 处理完成 328ms
[17:11:52.858][MARK] Yunzai-Bot 启动中...
[17:11:52.860][MARK] 连接redis....
[17:11:52.873][MARK] 连接redis成功
[17:11:53.167][MARK] 请使用登录当前QQ的手机扫码完成登录，如果显示二维码过期，可以按回车键（Enter）刷新，重新输入密码请执行命令：npm run login
[17:11:54.526][MARK] [添加表情][list][祝至冬女皇永远快乐((简简单单开个盒🤗)] #表情列表
[17:11:54.964][MARK] [添加表情][list] #表情列表 处理完成 438ms
[17:11:56.062][MARK] [添加表情][list][三次元的🐮和🐴之家o(退群的紫砂了的平平无奇的纯爱战神)] #表情列表2
[17:11:56.062][MARK] [添加表情][list] #表情列表2 处理完成 0ms
[17:12:28.776][MARK] [添加表情][list][三次元的🐮和🐴之家o(退群的紫砂了的平平无奇的纯爱战神)] #表情列表2
[17:12:28.777][MARK] [添加表情][list] #表情列表2 处理完成 1ms
[17:12:34.006][MARK] [添加表情][list][三次元的🐮和🐴之家o(退群的紫砂了的平平无奇的纯爱战神)] #表情列表 2
[17:12:34.008][MARK] [添加表情][list] #表情列表 2 处理完成 1ms
[17:18:00.603][MARK] Yunzai-Bot 启动中...
[17:18:00.612][MARK] 连接redis....
[17:18:00.669][MARK] 连接redis成功
[17:18:01.147][MARK] 请使用登录当前QQ的手机扫码完成登录，如果显示二维码过期，可以按回车键（Enter）刷新，重新输入密码请执行命令：npm run login
[17:18:49.427][MARK] [米游社查询][uid：107192135][32m[使用已绑定ck：179571376][39m
[17:18:53.264][MARK] [图片生成][miao-plugin/character/profile-list][5次] 186.59kb [32m1870ms[39m
[17:18:55.101][MARK] [miao-plugin][dispatch] #更新面板 处理完成 5702ms
[17:24:07.565][MARK] Yunzai-Bot 启动中...
[17:24:07.568][MARK] 连接redis....
[17:24:07.595][MARK] 连接redis成功
[17:24:08.008][MARK] 请使用登录当前QQ的手机扫码完成登录，如果显示二维码过期，可以按回车键（Enter）刷新，重新输入密码请执行命令：npm run login
[17:25:24.549][MARK] [米游社查询][uid：107192135][32m[使用已绑定ck：179571376][39m
[17:25:28.219][MARK] [图片生成][miao-plugin/character/profile-list][6次] 229.31kb [32m1113ms[39m
[17:25:30.032][MARK] [miao-plugin][dispatch] #更新面板 处理完成 5484ms
[17:28:45.337][MARK] [米游社公告][news][祝至冬女皇永远快乐((简简单单开个盒🤗)] #资讯
[17:28:48.040][MARK] [图片生成][mysNews][42次] 304.67kb
[17:28:50.057][MARK] [米游社公告][news] #资讯 处理完成 4717ms
[17:30:12.655][MARK] Yunzai-Bot 启动中...
[17:30:12.658][MARK] 连接redis....
[17:30:12.685][MARK] 连接redis成功
[17:30:13.102][MARK] 请使用登录当前QQ的手机扫码完成登录，如果显示二维码过期，可以按回车键（Enter）刷新，重新输入密码请执行命令：npm run login
[17:36:18.159][MARK] Yunzai-Bot 启动中...
[17:36:18.163][MARK] 连接redis....
[17:36:18.190][MARK] 连接redis成功
[17:36:18.586][MARK] 请使用登录当前QQ的手机扫码完成登录，如果显示二维码过期，可以按回车键（Enter）刷新，重新输入密码请执行命令：npm run login
[17:38:32.761][MARK] [十连][gacha][祝至冬女皇永远快乐((简简单单开个盒🤗)] 十连
[17:38:33.212][MARK] [图片生成][gacha][43次] 98.12kb [32m276ms[39m
[17:38:34.597][MARK] [十连][gacha] 十连 处理完成 1750ms
[17:41:11.790][MARK] [十连][gacha][祝至冬女皇永远快乐((简简单单开个盒🤗)] 十连
[17:41:11.795][MARK] [十连][gacha] 十连 处理完成 3ms
[17:42:26.023][MARK] Yunzai-Bot 启动中...
[17:42:26.032][MARK] 连接redis....
[17:42:26.114][MARK] 连接redis成功
[17:42:26.606][MARK] 请使用登录当前QQ的手机扫码完成登录，如果显示二维码过期，可以按回车键（Enter）刷新，重新输入密码请执行命令：npm run login
[17:43:54.935][MARK] [十连][gacha][祝至冬女皇永远快乐((简简单单开个盒🤗)] 十连
[17:43:54.940][MARK] [十连][gacha] 十连 处理完成 2ms
[17:44:02.470][MARK] [米游社查询][uid：107192135][32m[使用已绑定ck：179571376][39m
[17:44:06.631][MARK] [图片生成][miao-plugin/character/profile-list][7次] 272.20kb [32m2365ms[39m
[17:44:08.477][MARK] [miao-plugin][dispatch] #更新面板 处理完成 6073ms
[17:45:30.441][MARK] [添加表情][add][三次元的🐮和🐴之家o(小调皮不似的三嵩鼠官方（已黑化，小学生）)] #添加山大优秀学子
[17:45:30.824][MARK] [添加表情][add] #添加山大优秀学子 处理完成 382ms
[17:48:37.327][MARK] Yunzai-Bot 启动中...
[17:48:37.333][MARK] 连接redis....
[17:48:37.399][MARK] 连接redis成功
[17:48:38.084][MARK] 请使用登录当前QQ的手机扫码完成登录，如果显示二维码过期，可以按回车键（Enter）刷新，重新输入密码请执行命令：npm run login
[17:50:03.113][MARK] [添加表情][add][三次元的🐮和🐴之家o(🫵)] #添加山大为家
[17:50:03.555][MARK] [添加表情][add] #添加山大为家 处理完成 433ms
[17:53:11.522][MARK] [米游社查询][uid：107192135][32m[使用已绑定ck：179571376][39m
[17:53:15.716][MARK] [图片生成][miao-plugin/character/profile-list][8次] 311.43kb [32m1198ms[39m
[17:53:17.478][MARK] [miao-plugin][dispatch] #更新面板 处理完成 5972ms
[17:54:46.268][MARK] Yunzai-Bot 启动中...
[17:54:46.272][MARK] 连接redis....
[17:54:46.327][MARK] 连接redis成功
[17:54:46.699][MARK] 请使用登录当前QQ的手机扫码完成登录，如果显示二维码过期，可以按回车键（Enter）刷新，重新输入密码请执行命令：npm run login
[18:00:53.709][MARK] Yunzai-Bot 启动中...
[18:00:53.713][MARK] 连接redis....
[18:00:53.755][MARK] 连接redis成功
[18:00:54.076][MARK] 请使用登录当前QQ的手机扫码完成登录，如果显示二维码过期，可以按回车键（Enter）刷新，重新输入密码请执行命令：npm run login
[18:01:15.225][MARK] [米游社查询][uid：107192135][32m[使用已绑定ck：179571376][39m
[18:01:18.809][MARK] [图片生成][miao-plugin/character/profile-list][9次] 357.56kb [32m1258ms[39m
[18:01:20.471][MARK] [miao-plugin][dispatch] #更新面板 处理完成 5248ms
[18:07:01.100][MARK] Yunzai-Bot 启动中...
[18:07:01.110][MARK] 连接redis....
[18:07:01.182][MARK] 连接redis成功
[18:07:01.715][MARK] 请使用登录当前QQ的手机扫码完成登录，如果显示二维码过期，可以按回车键（Enter）刷新，重新输入密码请执行命令：npm run login
[18:13:08.868][MARK] Yunzai-Bot 启动中...
[18:13:08.873][MARK] 连接redis....
[18:13:08.921][MARK] 连接redis成功
[18:13:09.353][MARK] 请使用登录当前QQ的手机扫码完成登录，如果显示二维码过期，可以按回车键（Enter）刷新，重新输入密码请执行命令：npm run login
[18:13:52.520][MARK] [米游社查询][uid：107192135][32m[使用已绑定ck：179571376][39m
[18:13:55.331][MARK] [图片生成][miao-plugin/character/profile-list][10次] 404.08kb [32m1236ms[39m
[18:13:57.180][MARK] [miao-plugin][dispatch] #更新面板 处理完成 4667ms
[18:15:44.502][MARK] [米游社查询][uid：107192135][32m[使用已绑定ck：179571376][39m
[18:15:45.765][MARK] [图片生成][miao-plugin/character/artis-list][11次] 629.28kb [32m1197ms[39m
[18:15:47.625][MARK] [miao-plugin][dispatch] #圣遗物列表 处理完成 3124ms
[18:16:25.034][MARK] [米游社查询][uid：107192135][32m[使用已绑定ck：179571376][39m
[18:16:26.258][MARK] [图片生成][miao-plugin/character/profile-detail][12次] 426.10kb [32m1178ms[39m
[18:16:28.542][MARK] [miao-plugin][dispatch] #香菱面板 处理完成 3511ms
[18:16:57.693][MARK] [米游社查询][uid：107192135][32m[使用已绑定ck：179571376][39m
[18:16:58.148][MARK] [米游社接口][character][107192135] 451ms
[18:16:58.833][MARK] [米游社接口][detail][107192135] 527ms
[18:16:58.925][MARK] [米游社接口][detail][107192135] 620ms
[18:16:58.939][MARK] [米游社接口][detail][107192135] 634ms
[18:16:58.967][MARK] [米游社接口][detail][107192135] 658ms
[18:16:58.972][MARK] [米游社接口][detail][107192135] 663ms
[18:16:58.973][MARK] [米游社接口][detail][107192135] 667ms
[18:16:58.976][MARK] [米游社接口][detail][107192135] 667ms
[18:16:58.977][MARK] [米游社接口][detail][107192135] 670ms
[18:16:58.983][MARK] [米游社接口][detail][107192135] 675ms
[18:16:58.991][MARK] [米游社接口][detail][107192135] 683ms
[18:16:59.292][MARK] [米游社接口][detail][107192135] 193ms
[18:16:59.297][MARK] [米游社接口][detail][107192135] 196ms
[18:16:59.300][MARK] [米游社接口][detail][107192135] 199ms
[18:16:59.303][MARK] [米游社接口][detail][107192135] 200ms
[18:16:59.308][MARK] [米游社接口][detail][107192135] 205ms
[18:16:59.319][MARK] [米游社接口][detail][107192135] 217ms
[18:16:59.321][MARK] [米游社接口][detail][107192135] 219ms
[18:16:59.332][MARK] [米游社接口][detail][107192135] 231ms
[18:16:59.336][MARK] [米游社接口][detail][107192135] 238ms
[18:16:59.337][MARK] [米游社接口][detail][107192135] 237ms
[18:16:59.663][MARK] [米游社接口][detail][107192135] 208ms
[18:16:59.665][MARK] [米游社接口][detail][107192135] 214ms
[18:16:59.669][MARK] [米游社接口][detail][107192135] 217ms
[18:16:59.670][MARK] [米游社接口][detail][107192135] 220ms
[18:16:59.671][MARK] [米游社接口][detail][107192135] 216ms
[18:16:59.672][MARK] [米游社接口][detail][107192135] 220ms
[18:16:59.680][MARK] [米游社接口][detail][107192135] 228ms
[18:16:59.683][MARK] [米游社接口][detail][107192135] 230ms
[18:16:59.688][MARK] [米游社接口][detail][107192135] 237ms
[18:16:59.691][MARK] [米游社接口][detail][107192135] 236ms
[18:17:00.013][MARK] [米游社接口][detail][107192135] 200ms
[18:17:00.017][MARK] [米游社接口][detail][107192135] 205ms
[18:17:00.018][MARK] [米游社接口][detail][107192135] 202ms
[18:17:00.020][MARK] [米游社接口][detail][107192135] 203ms
[18:17:00.021][MARK] [米游社接口][detail][107192135] 205ms
[18:17:00.023][MARK] [米游社接口][detail][107192135] 212ms
[18:17:00.024][MARK] [米游社接口][detail][107192135] 210ms
[18:17:00.027][MARK] [米游社接口][detail][107192135] 217ms
[18:17:00.055][MARK] [米游社接口][detail][107192135] 244ms
[18:17:00.080][MARK] [米游社接口][detail][107192135] 265ms
[18:17:00.399][MARK] [米游社接口][detail][107192135] 194ms
[18:17:00.412][MARK] [米游社接口][detail][107192135] 204ms
[18:17:00.414][MARK] [米游社接口][detail][107192135] 211ms
[18:17:00.426][MARK] [米游社接口][detail][107192135] 216ms
[18:17:00.427][MARK] [米游社接口][detail][107192135] 218ms
[18:17:00.431][MARK] [米游社接口][detail][107192135] 217ms
[18:17:00.438][MARK] [米游社接口][detail][107192135] 231ms
[18:17:00.448][MARK] [米游社接口][detail][107192135] 236ms
[18:17:00.452][MARK] [米游社接口][detail][107192135] 246ms
[18:17:01.865][MARK] [图片生成][miao-plugin/character/profile-stat][13次] 1022.55kb [32m1264ms[39m
[18:17:04.130][MARK] [miao-plugin][dispatch] #面板练度统计 处理完成 6439ms
[18:19:13.108][MARK] Yunzai-Bot 启动中...
[18:19:13.110][MARK] 连接redis....
[18:19:13.127][MARK] 连接redis成功
[18:19:13.411][MARK] 请使用登录当前QQ的手机扫码完成登录，如果显示二维码过期，可以按回车键（Enter）刷新，重新输入密码请执行命令：npm run login
[18:22:05.451][MARK] [米游社查询][uid：107192135][32m[使用已绑定ck：179571376][39m
[18:22:06.689][MARK] [图片生成][miao-plugin/character/artis-list][14次] 629.28kb [32m1201ms[39m
[18:22:07.604][MARK] [miao-plugin][dispatch] #圣遗物列表 处理完成 2154ms
[18:24:29.348][MARK] [miao-plugin][dispatch] #圣遗物列表 处理完成 1ms
[18:25:13.732][MARK] 请先#配置公共查询ck
[18:25:13.733][MARK] [miao-plugin][dispatch] #圣遗物列表 处理完成 4ms
[18:25:16.637][MARK] Yunzai-Bot 启动中...
[18:25:16.639][MARK] 连接redis....
[18:25:16.653][MARK] 连接redis成功
[18:25:16.892][MARK] 请使用登录当前QQ的手机扫码完成登录，如果显示二维码过期，可以按回车键（Enter）刷新，重新输入密码请执行命令：npm run login
[18:31:20.040][MARK] Yunzai-Bot 启动中...
[18:31:20.043][MARK] 连接redis....
[18:31:20.057][MARK] 连接redis成功
[18:31:20.300][MARK] 请使用登录当前QQ的手机扫码完成登录，如果显示二维码过期，可以按回车键（Enter）刷新，重新输入密码请执行命令：npm run login
[18:37:23.462][MARK] Yunzai-Bot 启动中...
[18:37:23.464][MARK] 连接redis....
[18:37:23.478][MARK] 连接redis成功
[18:37:23.713][MARK] 请使用登录当前QQ的手机扫码完成登录，如果显示二维码过期，可以按回车键（Enter）刷新，重新输入密码请执行命令：npm run login
[18:43:26.903][MARK] Yunzai-Bot 启动中...
[18:43:26.904][MARK] 连接redis....
[18:43:26.925][MARK] 连接redis成功
[18:43:27.184][MARK] 请使用登录当前QQ的手机扫码完成登录，如果显示二维码过期，可以按回车键（Enter）刷新，重新输入密码请执行命令：npm run login
[18:49:30.413][MARK] Yunzai-Bot 启动中...
[18:49:30.415][MARK] 连接redis....
[18:49:30.436][MARK] 连接redis成功
[18:49:30.693][MARK] 请使用登录当前QQ的手机扫码完成登录，如果显示二维码过期，可以按回车键（Enter）刷新，重新输入密码请执行命令：npm run login
[18:55:33.897][MARK] Yunzai-Bot 启动中...
[18:55:33.898][MARK] 连接redis....
[18:55:33.915][MARK] 连接redis成功
[18:55:34.161][MARK] 请使用登录当前QQ的手机扫码完成登录，如果显示二维码过期，可以按回车键（Enter）刷新，重新输入密码请执行命令：npm run login
[18:56:04.588][MARK] [发送表情][数据结构必拿下🖐️(牛马)] {bface:开心}
[19:01:37.284][MARK] Yunzai-Bot 启动中...
[19:01:37.286][MARK] 连接redis....
[19:01:37.300][MARK] 连接redis成功
[19:01:37.532][MARK] 请使用登录当前QQ的手机扫码完成登录，如果显示二维码过期，可以按回车键（Enter）刷新，重新输入密码请执行命令：npm run login
[19:07:40.656][MARK] Yunzai-Bot 启动中...
[19:07:40.659][MARK] 连接redis....
[19:07:40.680][MARK] 连接redis成功
[19:07:40.947][MARK] 请使用登录当前QQ的手机扫码完成登录，如果显示二维码过期，可以按回车键（Enter）刷新，重新输入密码请执行命令：npm run login
[19:13:44.484][MARK] Yunzai-Bot 启动中...
[19:13:44.485][MARK] 连接redis....
[19:13:44.503][MARK] 连接redis成功
[19:13:44.782][MARK] 请使用登录当前QQ的手机扫码完成登录，如果显示二维码过期，可以按回车键（Enter）刷新，重新输入密码请执行命令：npm run login
[19:19:47.974][MARK] Yunzai-Bot 启动中...
[19:19:47.976][MARK] 连接redis....
[19:19:47.995][MARK] 连接redis成功
[19:19:48.238][MARK] 请使用登录当前QQ的手机扫码完成登录，如果显示二维码过期，可以按回车键（Enter）刷新，重新输入密码请执行命令：npm run login
[19:25:51.413][MARK] Yunzai-Bot 启动中...
[19:25:51.415][MARK] 连接redis....
[19:25:51.430][MARK] 连接redis成功
[19:25:51.706][MARK] 请使用登录当前QQ的手机扫码完成登录，如果显示二维码过期，可以按回车键（Enter）刷新，重新输入密码请执行命令：npm run login
[19:26:45.894][MARK] [米游社功能][searchCos][祝至冬女皇永远快乐((简简单单开个盒🤗)] #cos 心海
[19:27:13.135][ERRO] 发送消息错误:{"type":"image","file":"https://upload-bbs.mihoyo.com/upload/2022/08/23/146326769/e91a721e59cd5e9a8dd654265517d306_25625432053692657.jpg"}
[19:27:13.135][ERRO] ApiRejection { code: -70, message: '群消息发送失败，可能被风控' }
[19:27:13.138][MARK] [米游社功能][searchCos] #cos 心海 处理完成 27241ms
[19:31:54.822][MARK] Yunzai-Bot 启动中...
[19:31:54.825][MARK] 连接redis....
[19:31:54.845][MARK] 连接redis成功
[19:31:55.121][MARK] 请使用登录当前QQ的手机扫码完成登录，如果显示二维码过期，可以按回车键（Enter）刷新，重新输入密码请执行命令：npm run login
[19:33:30.539][MARK] [米游社功能][searchCos][祝至冬女皇永远快乐((紫砂了的效忠冰之女皇的磊神爱七七)] #cos 刻晴
[19:33:33.299][MARK] [米游社功能][searchCos] #cos 刻晴 处理完成 2759ms
[19:37:58.317][MARK] Yunzai-Bot 启动中...
[19:37:58.318][MARK] 连接redis....
[19:37:58.333][MARK] 连接redis成功
[19:37:58.588][MARK] 请使用登录当前QQ的手机扫码完成登录，如果显示二维码过期，可以按回车键（Enter）刷新，重新输入密码请执行命令：npm run login
[19:40:23.961][MARK] [发送表情][三次元的🐮和🐴之家o(小调皮不似的三嵩鼠官方（已黑化，小学生）)] 山大优秀学子
[19:44:01.835][MARK] Yunzai-Bot 启动中...
[19:44:01.838][MARK] 连接redis....
[19:44:01.851][MARK] 连接redis成功
[19:44:02.112][MARK] 请使用登录当前QQ的手机扫码完成登录，如果显示二维码过期，可以按回车键（Enter）刷新，重新输入密码请执行命令：npm run login
[19:50:05.321][MARK] Yunzai-Bot 启动中...
[19:50:05.323][MARK] 连接redis....
[19:50:05.340][MARK] 连接redis成功
[19:50:05.809][MARK] 请使用登录当前QQ的手机扫码完成登录，如果显示二维码过期，可以按回车键（Enter）刷新，重新输入密码请执行命令：npm run login
[19:56:09.062][MARK] Yunzai-Bot 启动中...
[19:56:09.064][MARK] 连接redis....
[19:56:09.079][MARK] 连接redis成功
[19:56:09.354][MARK] 请使用登录当前QQ的手机扫码完成登录，如果显示二维码过期，可以按回车键（Enter）刷新，重新输入密码请执行命令：npm run login
[20:02:12.609][MARK] Yunzai-Bot 启动中...
[20:02:12.611][MARK] 连接redis....
[20:02:12.625][MARK] 连接redis成功
[20:02:12.897][MARK] 请使用登录当前QQ的手机扫码完成登录，如果显示二维码过期，可以按回车键（Enter）刷新，重新输入密码请执行命令：npm run login
[20:08:16.068][MARK] Yunzai-Bot 启动中...
[20:08:16.070][MARK] 连接redis....
[20:08:16.086][MARK] 连接redis成功
[20:08:16.369][MARK] 请使用登录当前QQ的手机扫码完成登录，如果显示二维码过期，可以按回车键（Enter）刷新，重新输入密码请执行命令：npm run login
[20:14:19.941][MARK] Yunzai-Bot 启动中...
[20:14:19.942][MARK] 连接redis....
[20:14:19.957][MARK] 连接redis成功
[20:14:20.250][MARK] 请使用登录当前QQ的手机扫码完成登录，如果显示二维码过期，可以按回车键（Enter）刷新，重新输入密码请执行命令：npm run login
[20:20:23.362][MARK] Yunzai-Bot 启动中...
[20:20:23.364][MARK] 连接redis....
[20:20:23.379][MARK] 连接redis成功
[20:20:23.684][MARK] 请使用登录当前QQ的手机扫码完成登录，如果显示二维码过期，可以按回车键（Enter）刷新，重新输入密码请执行命令：npm run login
[20:26:31.834][MARK] Yunzai-Bot 启动中...
[20:26:31.858][MARK] 连接redis....
[20:26:31.916][MARK] 连接redis成功
[20:26:32.618][MARK] 请使用登录当前QQ的手机扫码完成登录，如果显示二维码过期，可以按回车键（Enter）刷新，重新输入密码请执行命令：npm run login
[20:32:14.156][ERRO] Chromium实例关闭或崩溃！
[20:32:14.288][ERRO] Chromium实例关闭或崩溃！
[20:32:38.485][MARK] Yunzai-Bot 启动中...
[20:33:42.379][MARK] Yunzai-Bot 启动中...
[20:34:46.457][MARK] Yunzai-Bot 启动中...
[20:35:50.410][MARK] Yunzai-Bot 启动中...
[20:36:56.333][MARK] Yunzai-Bot 启动中...
[20:38:01.858][MARK] Yunzai-Bot 启动中...
[20:39:07.459][MARK] Yunzai-Bot 启动中...
[20:40:13.827][MARK] Yunzai-Bot 启动中...
[20:41:18.391][MARK] Yunzai-Bot 启动中...
