[10:58:32.257][MARK] Yunzai-Bot 启动中...
[10:58:32.260][MARK] 连接redis....
[10:58:32.281][MARK] 连接redis成功
[10:58:34.297][MARK] 请使用登录当前QQ的手机[32m扫码[39m完成登录，如果显示二维码过期，可以按[32m回车键（Enter）[39m刷新，重新输入密码请执行命令：[32mnpm run login[39m
[10:59:19.488][MARK] 请使用登录当前QQ的手机[32m扫码[39m完成登录，如果显示二维码过期，可以按[32m回车键（Enter）[39m刷新，重新输入密码请执行命令：[32mnpm run login[39m
[10:59:21.095][MARK] 请使用登录当前QQ的手机[32m扫码[39m完成登录，如果显示二维码过期，可以按[32m回车键（Enter）[39m刷新，重新输入密码请执行命令：[32mnpm run login[39m
[18:07:06.781][MARK] Yunzai-Bot 启动中...
[18:07:06.788][MARK] 连接redis....
[18:07:06.830][MARK] 连接redis成功
[18:07:07.610][MARK] 请使用登录当前QQ的手机[32m扫码[39m完成登录，如果显示二维码过期，可以按[32m回车键（Enter）[39m刷新，重新输入密码请执行命令：[32mnpm run login[39m
[18:07:21.588][MARK] ----^_^----
[18:07:21.591][MARK] [32mYunzai-Bot 上线成功 版本v3.0.0[39m
[18:07:21.593][MARK] [32mhttps://github.com/Le-niao/Yunzai-Bot[39m
[18:07:24.148][MARK] 发送好友消息[Mr.Goddess](215381250)
[18:07:45.701][MARK] [体力查询][note][冬之女皇的游戏军事法(效忠冰之女皇的隐退江湖)] 体力
[18:07:45.717][MARK] [米游社查询][uid：107192135][32m[使用已绑定ck：179571376][39m
[18:07:46.015][MARK] [米游社接口][dailyNote][107192135] 292ms
[18:07:46.414][MARK] puppeteer Chromium 启动中。。
[18:07:49.082][MARK] puppeteer Chromium 启动成功
[18:07:49.430][MARK] [图片生成][dailyNote][1次] 41.92kb [32m327ms[39m
[18:07:50.897][MARK] [体力查询][note] 体力 处理完成 5193ms
[18:07:55.376][MARK] puppeteer Chromium 启动中。。
[18:07:56.826][MARK] puppeteer Chromium 启动成功
[18:07:58.137][MARK] [图片生成][miao-plugin/character/profile-list][1次] 404.89kb [32m1280ms[39m
[18:07:59.007][MARK] [miao-plugin][dispatch] #更新面板 处理完成 5606ms
[18:08:10.831][MARK] [图片生成][miao-plugin/character/profile-detail][2次] 465.69kb [32m1298ms[39m
[18:08:12.546][MARK] [miao-plugin][dispatch] #心海面板 处理完成 3074ms
[18:08:42.838][MARK] 请先#配置公共查询ck
[18:08:45.086][MARK] [miao-plugin][dispatch] #心海面板 处理完成 2250ms
[18:08:46.250][MARK] [角色查询][abyss][冬之女皇的游戏军事法(大飞球😣)] #深渊
[18:08:46.268][MARK] [角色查询][abyss] #深渊 处理完成 1ms
[18:08:53.474][MARK] [miao-plugin][dispatch] #深渊 处理完成 6ms
[18:09:07.950][MARK] [抽卡记录][getLog][冬之女皇的游戏军事法(本群最强皇女🤖)] #角色记录
[18:09:07.953][MARK] [抽卡记录][getLog] #角色记录 处理完成 0ms
[18:09:54.600][MARK] [发送表情][三次元的🐮和🐴之家o(小ju)] 😀
[18:10:03.894][MARK] [发送表情][三次元的🐮和🐴之家o(小ju)] {image:E6B6FA93B8F9D16AD3054DBA0C4AD525}
[18:21:34.779][MARK] [米游社查询][uid：107192135][32m[使用已绑定ck：179571376][39m
[18:21:36.663][MARK] [图片生成][miao-plugin/character/profile-detail][3次] 401.34kb [32m1785ms[39m
[18:21:38.578][MARK] [miao-plugin][dispatch] #早柚面板 处理完成 3804ms
[18:22:35.931][MARK] [体力查询][note][冬之女皇的游戏军事法(移民之路)] #体力
[18:22:35.933][MARK] [体力查询][note] #体力 处理完成 1ms
[18:22:45.864][MARK] [体力查询][note][冬之女皇的游戏军事法(本群最强皇女🤖)] #体力
[18:22:45.866][MARK] [体力查询][note] #体力 处理完成 2ms
[18:23:06.195][MARK] [用户绑定][ckHelp][冬之女皇的游戏军事法(本群最强皇女🤖)] 体力帮助
[18:23:06.621][MARK] [用户绑定][ckHelp] 体力帮助 处理完成 426ms
[18:24:16.782][MARK] [体力查询][note][冬之女皇的游戏军事法(移民之路)] #体力
[18:24:16.783][MARK] [体力查询][note] #体力 处理完成 1ms
[18:24:26.864][MARK] [用户绑定][bingCk][私聊][(471240815)] #绑定cookie
[18:24:27.132][MARK] [用户绑定][bingCk] 检查cookie正常 [uid:174123897]
[18:24:27.143][MARK] [用户绑定][bingCk] 保存cookie成功 [uid:174123897] [ltuid:276498319]
[18:24:28.335][MARK] [用户绑定][bingCk] #绑定cookie 处理完成 1468ms
[18:24:31.908][MARK] [体力查询][note][冬之女皇的游戏军事法(移民之路)] 体力
[18:24:31.909][MARK] [米游社查询][uid：174123897][32m[使用已绑定ck：276498319][39m
[18:24:32.264][MARK] [米游社接口][dailyNote][174123897] 353ms
[18:24:32.384][MARK] [图片生成][dailyNote][2次] 40.63kb [32m117ms[39m
[18:24:33.745][MARK] [体力查询][note] 体力 处理完成 1837ms
[18:24:41.311][MARK] [图片生成][miao-plugin/character/profile-detail][4次] 435.68kb [32m1155ms[39m
[18:24:43.634][MARK] [miao-plugin][dispatch] #甘雨面板 处理完成 5234ms
[18:27:46.199][MARK] 请先#配置公共查询ck
[18:27:47.472][MARK] [图片生成][miao-plugin/character/profile-detail][5次] 438.79kb [32m1252ms[39m
[18:27:49.489][MARK] [miao-plugin][dispatch] #甘雨面板 处理完成 3292ms
[18:33:52.679][MARK] [miao-plugin][dispatch] #甘雨面板 处理完成 1ms
[18:34:32.286][MARK] [米游社查询][uid：107192135][32m[使用已绑定ck：179571376][39m
[18:34:33.487][MARK] [图片生成][miao-plugin/character/profile-detail][6次] 432.97kb [32m1179ms[39m
[18:34:34.405][MARK] [miao-plugin][dispatch] #甘雨面板 处理完成 2120ms
[18:44:15.879][MARK] [角色查询][abyssFloor][冬之女皇的游戏军事法(效忠冰之女皇的隐退江湖)] #深渊12层
[18:44:15.884][MARK] [米游社查询][uid：107192135][32m[使用已绑定ck：179571376][39m
[18:44:16.285][MARK] [米游社接口][spiralAbyss][107192135] 396ms
[18:44:16.289][MARK] [米游社接口][index][107192135] 402ms
[18:44:16.593][MARK] [图片生成][abyssFloor][3次] 263.28kb [32m280ms[39m
[18:44:19.842][MARK] [角色查询][abyssFloor] #深渊12层 处理完成 3960ms
[18:44:24.781][MARK] [角色查询][abyssFloor][冬之女皇的游戏军事法(移民之路)] #深渊12层
[18:44:24.782][MARK] [米游社查询][uid：174123897][32m[使用已绑定ck：276498319][39m
[18:44:24.985][MARK] [米游社接口][spiralAbyss][174123897] 200ms
[18:44:25.040][MARK] [米游社接口][index][174123897] 256ms
[18:44:25.187][MARK] [图片生成][abyssFloor][4次] 263.78kb [32m138ms[39m
[18:44:26.821][MARK] [角色查询][abyssFloor] #深渊12层 处理完成 2039ms
[18:45:21.816][MARK] [角色查询][abyssFloor][冬之女皇的游戏军事法(本群最强皇女🤖)] #深渊12层
[18:45:21.817][MARK] 请先#配置公共查询ck
[18:45:21.818][MARK] [角色查询][abyssFloor] #深渊12层 处理完成 2ms
[18:46:01.344][MARK] [配置][setPubCk][冬之女皇的游戏军事法(本群最强皇女🤖)] 配置公共查询ck
[18:46:18.435][MARK] [配置][setPubCk][冬之女皇的游戏军事法(效忠冰之女皇的隐退江湖)] 配置公共查询ck
[18:46:18.938][MARK] [配置][setPubCk] 配置公共查询ck 处理完成 502ms
[18:48:52.909][MARK] [体力查询][signTask][冬之女皇的游戏军事法(效忠冰之女皇的隐退江湖)] #全部签到
[18:48:52.940][MARK] 签到ck:2个，预计需要17秒 09-18 18:49:10 完成
[18:48:54.107][ERRO] [原神签到失败][uid:174123897][qq:471240815 ] 绑定cookie已失效
[18:48:54.116][MARK] [体力查询][signTask] #全部签到 处理完成 1204ms
[18:49:07.421][MARK] [体力查询][sign][冬之女皇的游戏军事法(移民之路)] #签到
[18:49:07.423][MARK] [体力查询][sign] #签到 处理完成 1ms
[18:49:20.129][MARK] [神秘指令][woc][冬之女皇的游戏军事法(效忠冰之女皇的隐退江湖)] woc
[18:49:25.830][MARK] [神秘指令][woc] woc 处理完成 5698ms
[18:49:28.933][MARK] 请先#配置公共查询ck
[18:49:28.937][MARK] [miao-plugin][dispatch] #优菈面板 处理完成 5ms
[18:49:39.085][MARK] [米游社功能][searchCos][冬之女皇的游戏军事法(效忠冰之女皇的隐退江湖)] #cos 心海
[18:49:41.377][MARK] [米游社功能][searchCos] #cos 心海 处理完成 2289ms
[18:49:50.725][MARK] [米游社功能][searchCos][冬之女皇的游戏军事法(效忠冰之女皇的隐退江湖)] #cos 可莉
[18:49:53.641][MARK] [米游社功能][searchCos] #cos 可莉 处理完成 2915ms
[18:50:03.356][MARK] [米游社功能][searchCos][冬之女皇的游戏军事法(效忠冰之女皇的隐退江湖)] #cos 刻晴
[18:50:07.468][MARK] [米游社功能][searchCos] #cos 刻晴 处理完成 4111ms
[18:50:07.971][MARK] [用户绑定][bingCk][私聊][呓语(2199823462)] #绑定cookie
[18:50:08.204][MARK] [用户绑定][bingCk] 检查cookie正常 [uid:172471015]
[18:50:08.210][MARK] [用户绑定][bingCk] 保存cookie成功 [uid:172471015] [ltuid:276580612]
[18:50:09.037][MARK] [用户绑定][bingCk] #绑定cookie 处理完成 1065ms
[18:50:16.460][MARK] [体力查询][sign][冬之女皇的游戏军事法(本群最强皇女🤖)] #签到
[18:50:16.663][MARK] [米游社接口][bbs_sign_info][172471015] 198ms
[18:50:16.765][ERRO] [原神签到失败][uid:172471015][qq:2199823462] 绑定cookie已失效
[18:50:17.239][MARK] [体力查询][sign] #签到 处理完成 775ms
[18:50:18.436][MARK] [米游社功能][searchCos][冬之女皇的游戏军事法(移民之路)] #cos 优菈
[18:50:20.580][MARK] [米游社功能][searchCos] #cos 优菈 处理完成 2143ms
[18:50:30.278][MARK] [米游社功能][searchCos][冬之女皇的游戏军事法(移民之路)] #cos 优菈
[18:50:33.533][MARK] [米游社功能][searchCos] #cos 优菈 处理完成 3253ms
[18:50:34.453][MARK] [米游社功能][searchCos][冬之女皇的游戏军事法(移民之路)] #cos 优菈
[18:50:38.051][MARK] [米游社功能][searchCos][冬之女皇的游戏军事法(效忠冰之女皇的隐退江湖)] #cos 八重
[18:50:38.641][MARK] [米游社功能][searchCos] #cos 优菈 处理完成 4186ms
[18:50:38.765][MARK] [米游社功能][searchCos][冬之女皇的游戏军事法(移民之路)] #cos 优菈
[18:50:43.067][MARK] [米游社功能][searchCos] #cos 优菈 处理完成 4301ms
[18:50:44.253][MARK] [米游社功能][searchCos] #cos 八重 处理完成 6201ms
[18:51:40.212][MARK] [米游社功能][searchCos][冬之女皇的游戏军事法(本群最强皇女🤖)] cos真的是😓
[18:51:41.865][MARK] [米游社功能][searchCos] cos真的是😓 处理完成 1652ms
[18:52:00.388][MARK] [神秘指令][woc][冬之女皇的游戏军事法(效忠冰之女皇的隐退江湖)] woc
[18:52:10.472][ERRO] 发送消息错误:{"type":"xml","data":"<?xml version=\"1.0\" encoding=\"utf-8\"?>\n<msg brief=\"[聊天记录]\" m_fileName=\"FB832AFD-07F1-F5E6-B669-C0FE8FB3769A\" action=\"viewMultiMsg\" tSum=\"2\" flag=\"3\" m_resid=\"2VT0k0ZzRciCb3n2lh5hbYJpGXhHh99jYG05FZ2TX9PZaZgkE/afNcxt5+GlaT8T\" serviceID=\"35\" m_fileSize=\"370\...
[18:52:10.474][ERRO] ApiRejection { code: -70, message: '群消息发送失败，可能被风控' }
[18:52:10.481][MARK] [神秘指令][woc] woc 处理完成 10093ms
[18:52:28.917][MARK] [闲心插件帮助][help][冬之女皇的游戏军事法(效忠冰之女皇的隐退江湖)] #闲心帮助
[18:52:29.326][MARK] [图片生成][help][5次] 521.82kb [32m378ms[39m
[18:52:30.305][MARK] [闲心插件帮助][help] #闲心帮助 处理完成 1374ms
[18:52:44.207][MARK] [B站功能][searchup][冬之女皇的游戏军事法(效忠冰之女皇的隐退江湖)] #搜索up 原神
[18:52:44.723][MARK] [B站功能][searchup] #搜索up 原神 处理完成 513ms
[18:52:54.582][MARK] [B站功能][addPush][冬之女皇的游戏军事法(效忠冰之女皇的隐退江湖)] #订阅up推送 401742377
[18:52:54.727][MARK] [B站功能][addPush] #订阅up推送 401742377 处理完成 143ms
[18:53:15.151][MARK] [群战][pk][冬之女皇的游戏军事法(本群最强皇女🤖)] #战
[18:53:15.153][MARK] [群战][pk] #战 处理完成 1ms
[18:53:16.659][MARK] [群战][pk][冬之女皇的游戏军事法(效忠冰之女皇的隐退江湖)] #战
[18:53:16.660][MARK] [群战][pk] #战 处理完成 0ms
[18:53:23.239][MARK] [群战][mypk][冬之女皇的游戏军事法(效忠冰之女皇的隐退江湖)] #加入群战
[18:53:23.961][MARK] [图片生成][mypk][6次] 39.14kb [32m714ms[39m
[18:53:23.962][MARK] [群战][mypk] #加入群战 处理完成 723ms
[18:53:27.236][MARK] [群战][mypk][冬之女皇的游戏军事法(本群最强皇女🤖)] #加入群战
[18:53:27.610][MARK] [图片生成][mypk][7次] 37.28kb [32m372ms[39m
[18:53:27.611][MARK] [群战][mypk] #加入群战 处理完成 375ms
[18:53:41.843][MARK] [群战][pk][冬之女皇的游戏军事法(效忠冰之女皇的隐退江湖)] #战
[18:53:43.653][MARK] [群战][pk] #战 处理完成 1810ms
[18:53:55.867][MARK] [群战][pk][冬之女皇的游戏军事法(效忠冰之女皇的隐退江湖)] 战
[18:53:57.674][MARK] [群战][pk] 战 处理完成 1807ms
[18:54:11.773][MARK] [群战][pk][冬之女皇的游戏军事法(本群最强皇女🤖)] #战
[18:54:13.622][MARK] [群战][pk] #战 处理完成 1849ms
[18:54:26.002][MARK] [群战][pk][冬之女皇的游戏军事法(效忠冰之女皇的隐退江湖)] 战
[18:54:27.769][MARK] [群战][pk] 战 处理完成 1767ms
[18:54:37.636][MARK] [群战][pk][冬之女皇的游戏军事法(效忠冰之女皇的隐退江湖)] 战
[18:54:39.534][MARK] [群战][pk] 战 处理完成 1897ms
[18:54:49.432][MARK] [群战][pk][冬之女皇的游戏军事法(效忠冰之女皇的隐退江湖)] 战
[18:54:51.223][MARK] [群战][pk] 战 处理完成 1791ms
[18:55:10.341][MARK] [给我点颜色看看][startSeecolor][冬之女皇的游戏军事法(效忠冰之女皇的隐退江湖)] #给我点颜色看看
[18:55:10.442][MARK] [图片生成][seecolor][8次] 10.50kb [32m97ms[39m
[18:55:10.442][MARK] [给我点颜色看看][startSeecolor] #给我点颜色看看 处理完成 100ms
[18:55:15.885][MARK] [群战][pk][冬之女皇的游戏军事法(本群最强皇女🤖)] 战
[18:55:16.720][MARK] [给我点颜色看看][click][冬之女皇的游戏军事法(效忠冰之女皇的隐退江湖)] 块3
[18:55:16.810][MARK] [图片生成][seecolor][9次] 19.97kb [32m86ms[39m
[18:55:17.413][MARK] [给我点颜色看看][click] 块3 处理完成 692ms
[18:55:17.672][MARK] [群战][pk] 战 处理完成 1787ms
[18:55:27.082][MARK] [给我点颜色看看][click][冬之女皇的游戏军事法(效忠冰之女皇的隐退江湖)] 块3
[18:55:27.159][MARK] [图片生成][seecolor][10次] 21.70kb [32m75ms[39m
[18:55:27.773][MARK] [给我点颜色看看][click] 块3 处理完成 690ms
[18:55:34.448][MARK] [给我点颜色看看][click][冬之女皇的游戏军事法(效忠冰之女皇的隐退江湖)] 块15
[18:55:34.449][MARK] [给我点颜色看看][click] 块15 处理完成 0ms
[18:55:36.079][MARK] [给我点颜色看看][click][冬之女皇的游戏军事法(本群最强皇女🤖)] 块16
[18:55:36.175][MARK] [图片生成][seecolor][11次] 32.96kb [32m94ms[39m
[18:55:36.589][MARK] [给我点颜色看看][click][冬之女皇的游戏军事法(效忠冰之女皇的隐退江湖)] 块16
[18:55:36.590][MARK] [给我点颜色看看][click] 块16 处理完成 0ms
[18:55:36.789][MARK] [给我点颜色看看][click] 块16 处理完成 709ms
[18:55:43.066][MARK] [给我点颜色看看][click][冬之女皇的游戏军事法(效忠冰之女皇的隐退江湖)] 块14
[18:55:43.159][MARK] [图片生成][seecolor][12次] 37.42kb [32m91ms[39m
[18:55:43.772][MARK] [给我点颜色看看][click] 块14 处理完成 706ms
[18:55:50.980][MARK] [给我点颜色看看][click][冬之女皇的游戏军事法(本群最强皇女🤖)] 块24
[18:55:51.059][MARK] [图片生成][seecolor][13次] 46.59kb [32m77ms[39m
[18:55:51.673][MARK] [给我点颜色看看][click] 块24 处理完成 692ms
[18:55:52.984][MARK] [给我点颜色看看][click][冬之女皇的游戏军事法(效忠冰之女皇的隐退江湖)] 块24
[18:55:52.985][MARK] [给我点颜色看看][click] 块24 处理完成 0ms
[18:56:00.452][MARK] [给我点颜色看看][click][冬之女皇的游戏军事法(效忠冰之女皇的隐退江湖)] 块48
[18:56:00.542][MARK] [图片生成][seecolor][14次] 49.62kb [32m88ms[39m
[18:56:01.149][MARK] [给我点颜色看看][click] 块48 处理完成 696ms
[18:56:10.958][MARK] [给我点颜色看看][click][冬之女皇的游戏军事法(效忠冰之女皇的隐退江湖)] 块10
[18:56:11.042][MARK] [图片生成][seecolor][15次] 61.65kb [32m81ms[39m
[18:56:11.647][MARK] [给我点颜色看看][click] 块10 处理完成 689ms
[18:56:17.254][MARK] [给我点颜色看看][click][冬之女皇的游戏军事法(本群最强皇女🤖)] 块17
[18:56:17.344][MARK] [图片生成][seecolor][16次] 62.13kb [32m87ms[39m
[18:56:17.953][MARK] [给我点颜色看看][click] 块17 处理完成 698ms
[18:56:25.966][MARK] [给我点颜色看看][click][冬之女皇的游戏军事法(本群最强皇女🤖)] 块73
[18:56:26.059][MARK] [图片生成][seecolor][17次] 86.70kb [32m90ms[39m
[18:56:26.676][MARK] [给我点颜色看看][click] 块73 处理完成 710ms
[18:56:38.955][MARK] [给我点颜色看看][click][冬之女皇的游戏军事法(效忠冰之女皇的隐退江湖)] 块36
[18:56:39.042][MARK] [图片生成][seecolor][18次] 93.70kb [32m85ms[39m
[18:56:39.657][MARK] [给我点颜色看看][click] 块36 处理完成 701ms
[18:56:45.329][MARK] [给我点颜色看看][click][冬之女皇的游戏军事法(效忠冰之女皇的隐退江湖)] 块21
[18:56:45.428][MARK] [图片生成][seecolor][19次] 112.48kb [32m96ms[39m
[18:56:46.046][MARK] [给我点颜色看看][click] 块21 处理完成 717ms
[18:56:59.276][MARK] [给我点颜色看看][click][冬之女皇的游戏军事法(效忠冰之女皇的隐退江湖)] 块22
[18:56:59.379][MARK] [图片生成][seecolor][20次] 122.43kb [32m101ms[39m
[18:56:59.986][MARK] [给我点颜色看看][click] 块22 处理完成 709ms
[18:57:17.297][MARK] [给我点颜色看看][click][冬之女皇的游戏军事法(效忠冰之女皇的隐退江湖)] 块128
[18:57:17.412][MARK] [图片生成][seecolor][21次] 160.65kb [32m112ms[39m
[18:57:18.019][MARK] [给我点颜色看看][click] 块128 处理完成 721ms
[18:57:56.701][MARK] [给我点颜色看看][click][冬之女皇的游戏军事法(效忠冰之女皇的隐退江湖)] 块156
[18:57:56.701][MARK] [给我点颜色看看][click] 块156 处理完成 0ms
[19:02:31.531][MARK] [群战][pk][冬之女皇的游戏军事法(本群最强皇女🤖)] 战
[19:02:33.429][MARK] [群战][pk] 战 处理完成 1898ms
[19:02:44.386][MARK] [群战][pk][冬之女皇的游戏军事法(本群最强皇女🤖)] 战
[19:02:46.356][MARK] [群战][pk] 战 处理完成 1969ms
[19:03:46.495][MARK] [群战][pk][冬之女皇的游戏军事法(效忠冰之女皇的隐退江湖)] 战
[19:03:48.431][MARK] [群战][pk] 战 处理完成 1935ms
[19:03:56.202][MARK] [群战][pk][冬之女皇的游戏军事法(效忠冰之女皇的隐退江湖)] 战
[19:03:56.203][MARK] [群战][pk] 战 处理完成 1ms
[19:03:56.947][MARK] [群战][pk][冬之女皇的游戏军事法(本群最强皇女🤖)] 战
[19:03:56.948][MARK] [群战][pk] 战 处理完成 1ms
[19:04:06.498][MARK] [群战][pk][冬之女皇的游戏军事法(本群最强皇女🤖)] 战
[19:04:08.431][MARK] [群战][pk] 战 处理完成 1932ms
[19:04:16.421][MARK] [群战][pk][冬之女皇的游戏军事法(本群最强皇女🤖)] 战
[19:04:18.348][MARK] [群战][pk] 战 处理完成 1927ms
[19:04:45.819][MARK] [群战][pk][冬之女皇的游戏军事法(本群最强皇女🤖)] 战
[19:04:45.820][MARK] [群战][pk] 战 处理完成 0ms
[19:05:40.572][MARK] [21点][startBlackjack][冬之女皇的游戏军事法(本群最强皇女🤖)] #21点
[19:05:40.575][MARK] [21点][startBlackjack] #21点 处理完成 2ms
[19:05:46.839][MARK] [21点][deal][冬之女皇的游戏军事法(本群最强皇女🤖)] 叫牌
[19:05:46.840][MARK] [21点][deal] 叫牌 处理完成 0ms
[19:11:48.162][MARK] [修改配置文件][defSet][game][set]
[19:15:09.075][MARK] [修改配置文件][defSet][tools][set]
[19:15:11.194][MARK] [修改配置文件][defSet][tools][set]
[19:20:04.126][MARK] 请先#配置公共查询ck
[19:20:04.133][MARK] [miao-plugin][dispatch] 芭芭拉面板 处理完成 14ms
[19:23:11.472][MARK] [群战][pk][冬之女皇的游戏军事法(效忠冰之女皇的隐退江湖)] 战
[19:23:11.474][MARK] [群战][pk] 战 处理完成 1ms
[19:23:23.489][MARK] [重启][restart][冬之女皇的游戏军事法(效忠冰之女皇的隐退江湖)] #重启
[19:23:23.936][MARK] [重启][restart] 开始执行重启，请稍等...
[19:23:24.414][MARK] [重启][restart] #重启 处理完成 923ms
[19:23:30.799][MARK] Yunzai-Bot 启动中...
[19:23:30.801][MARK] 连接redis....
[19:23:30.820][MARK] 连接redis成功
[19:23:31.093][MARK] 请使用登录当前QQ的手机扫码完成登录，如果显示二维码过期，可以按回车键（Enter）刷新，重新输入密码请执行命令：npm run login
[19:24:16.930][MARK] Yunzai-Bot 启动中...
[19:24:16.932][MARK] 连接redis....
[19:24:16.961][MARK] 连接redis成功
[19:24:17.290][MARK] 请使用登录当前QQ的手机[32m扫码[39m完成登录，如果显示二维码过期，可以按[32m回车键（Enter）[39m刷新，重新输入密码请执行命令：[32mnpm run login[39m
[19:25:09.189][MARK] Yunzai-Bot 启动中...
[19:25:09.191][MARK] 连接redis....
[19:25:09.208][MARK] 连接redis成功
[19:25:09.508][MARK] 请使用登录当前QQ的手机[32m扫码[39m完成登录，如果显示二维码过期，可以按[32m回车键（Enter）[39m刷新，重新输入密码请执行命令：[32mnpm run login[39m
[19:25:23.367][MARK] ----^_^----
[19:25:23.370][MARK] [32mYunzai-Bot 上线成功 版本v3.0.0[39m
[19:25:23.370][MARK] [32mhttps://github.com/Le-niao/Yunzai-Bot[39m
[19:25:38.276][MARK] [群战][pk][冬之女皇的游戏军事法(效忠冰之女皇的隐退江湖)] 战
[19:25:38.280][MARK] [群战][pk] 战 处理完成 3ms
[19:26:38.755][MARK] [修改配置文件][config][game][set]
[19:26:53.030][MARK] Yunzai-Bot 启动中...
[19:26:53.032][MARK] 连接redis....
[19:26:53.061][MARK] 连接redis成功
[19:26:53.393][MARK] 请使用登录当前QQ的手机[32m扫码[39m完成登录，如果显示二维码过期，可以按[32m回车键（Enter）[39m刷新，重新输入密码请执行命令：[32mnpm run login[39m
[19:27:23.102][MARK] Yunzai-Bot 启动中...
[19:27:23.105][MARK] 连接redis....
[19:27:23.119][MARK] 连接redis成功
[19:27:23.418][MARK] 请使用登录当前QQ的手机[32m扫码[39m完成登录，如果显示二维码过期，可以按[32m回车键（Enter）[39m刷新，重新输入密码请执行命令：[32mnpm run login[39m
[19:27:43.220][MARK] 请使用登录当前QQ的手机[32m扫码[39m完成登录，如果显示二维码过期，可以按[32m回车键（Enter）[39m刷新，重新输入密码请执行命令：[32mnpm run login[39m
[19:27:59.119][MARK] ----^_^----
[19:27:59.120][MARK] [32mYunzai-Bot 上线成功 版本v3.0.0[39m
[19:27:59.122][MARK] [32mhttps://github.com/Le-niao/Yunzai-Bot[39m
[19:28:05.899][MARK] [21点][startBlackjack][冬之女皇的游戏军事法(本群最强皇女🤖)] #21点
[19:28:05.901][MARK] [21点][startBlackjack] #21点 处理完成 1ms
[19:28:10.594][MARK] [群战][pk][冬之女皇的游戏军事法(效忠冰之女皇的隐退江湖)] 战
[19:28:10.596][MARK] [群战][pk] 战 处理完成 1ms
[19:28:21.385][MARK] [群战][pk][冬之女皇的游戏军事法(本群最强皇女🤖)] 战
[19:28:21.387][MARK] [群战][pk] 战 处理完成 1ms
[19:28:44.989][MARK] [群战][pk][冬之女皇的游戏军事法(效忠冰之女皇的隐退江湖)] 战
[19:28:44.990][MARK] [群战][pk] 战 处理完成 0ms
[19:28:56.974][MARK] [21点][deal][冬之女皇的游戏军事法(本群最强皇女🤖)] 叫牌
[19:28:56.976][MARK] [21点][deal] 叫牌 处理完成 1ms
[19:29:02.797][MARK] [21点][deal][冬之女皇的游戏军事法(效忠冰之女皇的隐退江湖)] 叫牌
[19:29:02.799][MARK] [21点][deal] 叫牌 处理完成 1ms
[19:29:11.189][MARK] [21点][deal][冬之女皇的游戏军事法(本群最强皇女🤖)] 叫牌
[19:29:11.190][MARK] [21点][deal] 叫牌 处理完成 1ms
[19:29:14.830][MARK] [21点][deal][冬之女皇的游戏军事法(效忠冰之女皇的隐退江湖)] 叫牌
[19:29:14.831][MARK] [21点][deal] 叫牌 处理完成 1ms
[19:29:19.642][MARK] [21点][stop][冬之女皇的游戏军事法(效忠冰之女皇的隐退江湖)] 停牌
[19:29:19.644][MARK] [21点][stop] 停牌 处理完成 1ms
[19:29:24.516][MARK] [21点][deal][冬之女皇的游戏军事法(本群最强皇女🤖)] 叫牌
[19:29:24.518][MARK] [21点][deal] 叫牌 处理完成 2ms
[19:29:28.887][MARK] [21点][deal][冬之女皇的游戏军事法(本群最强皇女🤖)] 叫牌
[19:29:28.889][MARK] [21点][deal] 叫牌 处理完成 2ms
[19:29:33.609][MARK] [21点][stop][冬之女皇的游戏军事法(本群最强皇女🤖)] 停牌
[19:29:33.611][MARK] [21点][stop] 停牌 处理完成 1ms
[19:29:46.483][MARK] [21点][deal][冬之女皇的游戏军事法(效忠冰之女皇的隐退江湖)] 叫牌
[19:29:46.484][MARK] [21点][deal] 叫牌 处理完成 1ms
[19:29:51.346][MARK] [21点][startBlackjack][冬之女皇的游戏军事法(效忠冰之女皇的隐退江湖)] #21点
[19:29:51.347][MARK] [21点][startBlackjack] #21点 处理完成 1ms
[19:29:55.305][MARK] [21点][deal][冬之女皇的游戏军事法(本群最强皇女🤖)] 叫牌
[19:29:55.306][MARK] [21点][deal] 叫牌 处理完成 1ms
[19:29:57.453][MARK] [21点][deal][冬之女皇的游戏军事法(效忠冰之女皇的隐退江湖)] 叫牌
[19:29:57.454][MARK] [21点][deal] 叫牌 处理完成 1ms
[19:29:59.914][MARK] [21点][deal][冬之女皇的游戏军事法(本群最强皇女🤖)] 叫牌
[19:29:59.915][MARK] [21点][deal] 叫牌 处理完成 0ms
[19:30:04.542][MARK] [21点][deal][冬之女皇的游戏军事法(本群最强皇女🤖)] 叫牌
[19:30:04.543][MARK] [21点][deal] 叫牌 处理完成 1ms
[19:30:09.571][MARK] [21点][stop][冬之女皇的游戏军事法(本群最强皇女🤖)] 停牌
[19:30:09.576][MARK] [21点][stop] 停牌 处理完成 4ms
[19:30:15.118][MARK] [21点][deal][冬之女皇的游戏军事法(效忠冰之女皇的隐退江湖)] 叫牌
[19:30:15.120][MARK] [21点][deal] 叫牌 处理完成 1ms
[19:30:18.384][MARK] [21点][deal][冬之女皇的游戏军事法(效忠冰之女皇的隐退江湖)] 叫牌
[19:30:18.385][MARK] [21点][deal] 叫牌 处理完成 1ms
[19:30:23.278][MARK] [21点][deal][冬之女皇的游戏军事法(效忠冰之女皇的隐退江湖)] 叫牌
[19:30:23.279][MARK] [21点][deal] 叫牌 处理完成 1ms
[19:30:27.145][MARK] [21点][deal][冬之女皇的游戏军事法(效忠冰之女皇的隐退江湖)] 叫牌
[19:30:27.146][MARK] [21点][deal] 叫牌 处理完成 0ms
[19:30:39.665][MARK] [21点][startBlackjack][冬之女皇的游戏军事法(本群最强皇女🤖)] #21点
[19:30:39.666][MARK] [21点][startBlackjack] #21点 处理完成 0ms
[19:30:54.746][MARK] [21点][deal][冬之女皇的游戏军事法(效忠冰之女皇的隐退江湖)] 叫牌
[19:30:54.748][MARK] [21点][deal] 叫牌 处理完成 2ms
[19:30:59.130][MARK] [21点][deal][冬之女皇的游戏军事法(效忠冰之女皇的隐退江湖)] 叫牌
[19:30:59.131][MARK] [21点][deal] 叫牌 处理完成 1ms
[19:31:04.176][MARK] [21点][stop][冬之女皇的游戏军事法(效忠冰之女皇的隐退江湖)] 停牌
[19:31:04.177][MARK] [21点][stop] 停牌 处理完成 1ms
[19:31:06.436][MARK] [21点][deal][冬之女皇的游戏军事法(本群最强皇女🤖)] 叫牌
[19:31:06.437][MARK] [21点][deal] 叫牌 处理完成 1ms
[19:31:08.987][MARK] [21点][deal][冬之女皇的游戏军事法(本群最强皇女🤖)] 叫牌
[19:31:08.988][MARK] [21点][deal] 叫牌 处理完成 0ms
[19:31:12.725][MARK] [21点][deal][冬之女皇的游戏军事法(本群最强皇女🤖)] 叫牌
[19:31:12.726][MARK] [21点][deal] 叫牌 处理完成 1ms
[19:31:17.721][MARK] [21点][stop][冬之女皇的游戏军事法(本群最强皇女🤖)] 停牌
[19:31:17.723][MARK] [21点][stop] 停牌 处理完成 1ms
[19:31:24.158][MARK] [21点][deal][冬之女皇的游戏军事法(效忠冰之女皇的隐退江湖)] 叫牌
[19:31:24.159][MARK] [21点][deal] 叫牌 处理完成 1ms
[19:31:30.923][MARK] [21点][startBlackjack][冬之女皇的游戏军事法(效忠冰之女皇的隐退江湖)] #21点
[19:31:30.924][MARK] [21点][startBlackjack] #21点 处理完成 1ms
[19:31:34.493][MARK] [21点][deal][冬之女皇的游戏军事法(本群最强皇女🤖)] 叫牌
[19:31:34.494][MARK] [21点][deal] 叫牌 处理完成 0ms
[19:31:38.381][MARK] [21点][deal][冬之女皇的游戏军事法(本群最强皇女🤖)] 叫牌
[19:31:38.382][MARK] [21点][deal] 叫牌 处理完成 1ms
[19:31:41.060][MARK] [21点][deal][冬之女皇的游戏军事法(本群最强皇女🤖)] 叫牌
[19:31:41.062][MARK] [21点][deal] 叫牌 处理完成 1ms
[19:31:44.790][MARK] [21点][deal][冬之女皇的游戏军事法(本群最强皇女🤖)] 叫牌
[19:31:44.791][MARK] [21点][deal] 叫牌 处理完成 1ms
[19:31:51.176][MARK] [21点][deal][冬之女皇的游戏军事法(本群最强皇女🤖)] 叫牌
[19:31:51.177][MARK] [21点][deal] 叫牌 处理完成 1ms
[19:32:07.565][MARK] [21点][startBlackjack][冬之女皇的游戏军事法(效忠冰之女皇的隐退江湖)] #21点
[19:32:07.566][MARK] [21点][startBlackjack] #21点 处理完成 1ms
[19:32:18.757][MARK] [21点][deal][冬之女皇的游戏军事法(本群最强皇女🤖)] 叫牌
[19:32:18.759][MARK] [21点][deal] 叫牌 处理完成 1ms
[19:32:23.063][MARK] [21点][deal][冬之女皇的游戏军事法(本群最强皇女🤖)] 叫牌
[19:32:23.065][MARK] [21点][deal] 叫牌 处理完成 1ms
[19:32:25.518][MARK] [21点][deal][冬之女皇的游戏军事法(本群最强皇女🤖)] 叫牌
[19:32:25.519][MARK] [21点][deal] 叫牌 处理完成 1ms
[19:32:36.824][MARK] [21点][startBlackjack][冬之女皇的游戏军事法(本群最强皇女🤖)] #21点
[19:32:36.825][MARK] [21点][startBlackjack] #21点 处理完成 1ms
[19:32:48.072][MARK] [21点][deal][冬之女皇的游戏军事法(效忠冰之女皇的隐退江湖)] 叫牌
[19:32:48.074][MARK] [21点][deal] 叫牌 处理完成 1ms
[19:32:51.198][MARK] [21点][deal][冬之女皇的游戏军事法(效忠冰之女皇的隐退江湖)] 叫牌
[19:32:51.199][MARK] [21点][deal] 叫牌 处理完成 1ms
[19:32:53.686][MARK] [21点][deal][冬之女皇的游戏军事法(效忠冰之女皇的隐退江湖)] 叫牌
[19:32:53.687][MARK] [21点][deal] 叫牌 处理完成 1ms
[19:32:57.558][MARK] [21点][deal][冬之女皇的游戏军事法(效忠冰之女皇的隐退江湖)] 叫牌
[19:32:57.559][MARK] [21点][deal] 叫牌 处理完成 1ms
[19:33:12.714][MARK] [闲心插件帮助][help][冬之女皇的游戏军事法(效忠冰之女皇的隐退江湖)] #闲心帮助
[19:33:12.925][MARK] puppeteer Chromium 启动中。。
[19:33:13.746][MARK] puppeteer Chromium 启动成功
[19:33:15.125][MARK] [21点][startBlackjack][冬之女皇的游戏军事法(本群最强皇女🤖)] #21点
[19:33:15.127][MARK] [21点][startBlackjack] #21点 处理完成 1ms
[19:33:15.203][MARK] [图片生成][help][1次] 521.82kb [32m1447ms[39m
[19:33:16.249][MARK] [闲心插件帮助][help] #闲心帮助 处理完成 3525ms
[19:33:28.452][MARK] [群战][exp][冬之女皇的游戏军事法(本群最强皇女🤖)] #战宝
[19:33:29.464][MARK] [群战][exp] #战宝 处理完成 1012ms
[19:33:32.619][MARK] [群战][chance][冬之女皇的游戏军事法(效忠冰之女皇的隐退江湖)] #逆天改命
[19:33:32.620][MARK] [群战][chance] #逆天改命 处理完成 1ms
[19:33:37.757][MARK] [群战][exp][冬之女皇的游戏军事法(本群最强皇女🤖)] #战宝
[19:33:37.759][MARK] [群战][exp] #战宝 处理完成 1ms
[19:33:43.482][MARK] [群战][invertRank][冬之女皇的游戏军事法(效忠冰之女皇的隐退江湖)] #摆烂榜
[19:33:44.221][MARK] [图片生成][rank][2次] 68.33kb [32m734ms[39m
[19:33:44.222][MARK] [群战][invertRank] #摆烂榜 处理完成 740ms
[19:33:56.433][MARK] [群战][pk][冬之女皇的游戏军事法(本群最强皇女🤖)] 战
[19:33:56.434][MARK] [群战][pk] 战 处理完成 0ms
[19:33:57.030][MARK] [群战][exp][冬之女皇的游戏军事法(效忠冰之女皇的隐退江湖)] #战宝
[19:33:57.031][MARK] [群战][exp] #战宝 处理完成 1ms
[19:34:23.021][MARK] [群战][rank][冬之女皇的游戏军事法(本群最强皇女🤖)] #战榜
[19:34:23.311][MARK] [图片生成][rank][3次] 66.27kb [32m284ms[39m
[19:34:23.312][MARK] [群战][rank] #战榜 处理完成 290ms
[19:35:04.454][MARK] [21点][startBlackjack][冬之女皇的游戏军事法(本群最强皇女🤖)] #21点
[19:35:04.455][MARK] [21点][startBlackjack] #21点 处理完成 1ms
[19:35:11.272][MARK] [21点][deal][冬之女皇的游戏军事法(效忠冰之女皇的隐退江湖)] 叫牌
[19:35:11.275][MARK] [21点][deal] 叫牌 处理完成 1ms
[19:35:14.877][MARK] [21点][deal][冬之女皇的游戏军事法(效忠冰之女皇的隐退江湖)] 叫牌
[19:35:14.878][MARK] [21点][deal] 叫牌 处理完成 1ms
[19:35:17.504][MARK] [21点][deal][冬之女皇的游戏军事法(效忠冰之女皇的隐退江湖)] 叫牌
[19:35:17.505][MARK] [21点][deal] 叫牌 处理完成 1ms
[19:36:46.347][MARK] [十连][gacha][冬之女皇的游戏军事法(效忠冰之女皇的隐退江湖)] 十连
[19:36:46.569][MARK] [图片生成][gacha][4次] 91.51kb [32m133ms[39m
[19:36:47.788][MARK] [十连][gacha] 十连 处理完成 1399ms
[19:36:52.694][MARK] [十连][gacha][冬之女皇的游戏军事法(效忠冰之女皇的隐退江湖)] 十连
[19:36:52.695][MARK] [十连][gacha] 十连 处理完成 1ms
[19:37:13.065][MARK] [十连][gacha][冬之女皇的游戏军事法(本群最强皇女🤖)] 十连
[19:37:13.186][MARK] [图片生成][gacha][5次] 95.08kb [32m115ms[39m
[19:37:14.592][MARK] [十连][gacha] 十连 处理完成 1525ms
[19:37:19.479][MARK] [角色素材][material][冬之女皇的游戏军事法(效忠冰之女皇的隐退江湖)] #今日素材
[19:37:19.480][MARK] [今日素材][today][冬之女皇的游戏军事法(效忠冰之女皇的隐退江湖)] #今日素材
[19:37:19.483][MARK] [今日素材][today] #今日素材 处理完成 0ms
[19:38:06.693][MARK] [体力查询][note][冬之女皇的游戏军事法(效忠冰之女皇的隐退江湖)] 体力
[19:38:06.699][MARK] [米游社查询][uid：107192135][32m[使用已绑定ck：179571376][39m
[19:38:07.154][MARK] [米游社接口][dailyNote][107192135] 453ms
[19:38:07.241][MARK] [图片生成][dailyNote][6次] 41.79kb [32m78ms[39m
[19:38:08.649][MARK] [体力查询][note] 体力 处理完成 1954ms
[19:39:08.238][MARK] [角色素材][material][冬之女皇的游戏军事法(本群最强皇女🤖)] #赛诺素材
[19:39:15.976][MARK] puppeteer Chromium 启动中。。
[19:39:17.138][MARK] puppeteer Chromium 启动成功
[19:39:18.605][MARK] [图片生成][miao-plugin/wiki/character-talent][1次] 681.11kb [32m1419ms[39m
[19:39:19.569][MARK] [miao-plugin][dispatch] #赛诺天赋 处理完成 3603ms
[19:39:31.185][MARK] [角色素材][material][冬之女皇的游戏军事法(本群最强皇女🤖)] 赛诺什么材料
[19:47:52.768][MARK] [角色素材][material][冬之女皇的游戏军事法(本群最强皇女🤖)] 还要刷武器素材
[20:58:03.596][MARK] [21点][startBlackjack][三次元的🐮和🐴之家o(小调皮不似的三嵩鼠官方（已黑化，小学生）)] #21点
[20:58:03.597][MARK] [21点][startBlackjack] #21点 处理完成 1ms
[20:58:21.173][MARK] [21点][deal][三次元的🐮和🐴之家o(退群的紫砂了的平平无奇的纯爱战神)] 叫牌
[20:58:21.174][MARK] [21点][deal] 叫牌 处理完成 0ms
[20:58:25.886][MARK] [21点][deal][三次元的🐮和🐴之家o(退群的紫砂了的平平无奇的纯爱战神)] 叫牌
[20:58:25.887][MARK] [21点][deal] 叫牌 处理完成 1ms
[20:58:31.038][MARK] [21点][stop][三次元的🐮和🐴之家o(退群的紫砂了的平平无奇的纯爱战神)] 停牌
[20:58:31.039][MARK] [21点][stop] 停牌 处理完成 1ms
[20:58:35.018][MARK] [发送表情][三次元的🐮和🐴之家o(退群的紫砂了的平平无奇的纯爱战神)] 😎
[20:58:36.614][MARK] [21点][deal][三次元的🐮和🐴之家o(小调皮不似的三嵩鼠官方（已黑化，小学生）)] 叫牌
[20:58:36.615][MARK] [21点][deal] 叫牌 处理完成 1ms
[20:58:41.814][MARK] [21点][deal][三次元的🐮和🐴之家o(小调皮不似的三嵩鼠官方（已黑化，小学生）)] 叫牌
[20:58:41.815][MARK] [21点][deal] 叫牌 处理完成 1ms
[20:58:44.210][MARK] [21点][deal][三次元的🐮和🐴之家o(小调皮不似的三嵩鼠官方（已黑化，小学生）)] 叫牌
[20:58:44.211][MARK] [21点][deal] 叫牌 处理完成 0ms
[20:58:49.767][MARK] [21点][deal][三次元的🐮和🐴之家o(小调皮不似的三嵩鼠官方（已黑化，小学生）)] 叫牌
[20:58:49.768][MARK] [21点][deal] 叫牌 处理完成 1ms
[20:59:06.020][MARK] [群战][mypk][三次元的🐮和🐴之家o(退群的紫砂了的平平无奇的纯爱战神)] #加入群战
[20:59:06.581][MARK] [图片生成][mypk][7次] 41.58kb [32m552ms[39m
[20:59:06.582][MARK] [群战][mypk] #加入群战 处理完成 561ms
[20:59:11.694][MARK] [发送表情][三次元的🐮和🐴之家o(退群的紫砂了的平平无奇的纯爱战神)] 😎
[20:59:13.948][MARK] [群战][mypk][三次元的🐮和🐴之家o(小调皮不似的三嵩鼠官方（已黑化，小学生）)] #加入群战
[20:59:14.046][MARK] [图片生成][mypk][8次] 41.36kb [32m95ms[39m
[20:59:14.047][MARK] [群战][mypk] #加入群战 处理完成 98ms
[20:59:31.049][MARK] [群战][pk][三次元的🐮和🐴之家o(小调皮不似的三嵩鼠官方（已黑化，小学生）)] 战
[20:59:32.803][MARK] [群战][pk] 战 处理完成 1754ms
[20:59:58.015][MARK] [群战][pk][三次元的🐮和🐴之家o(小调皮不似的三嵩鼠官方（已黑化，小学生）)] 战
[20:59:59.765][MARK] [群战][pk] 战 处理完成 1750ms
[21:01:18.680][MARK] [21点][deal][三次元的🐮和🐴之家o(小ju)] 叫牌
[21:01:18.681][MARK] [21点][deal] 叫牌 处理完成 0ms
[21:01:23.767][MARK] [21点][startBlackjack][三次元的🐮和🐴之家o(小ju)] #21点
[21:01:23.768][MARK] [21点][startBlackjack] #21点 处理完成 1ms
[21:01:27.238][MARK] [21点][deal][三次元的🐮和🐴之家o(小ju)] 叫牌
[21:01:27.239][MARK] [21点][deal] 叫牌 处理完成 1ms
[21:01:38.575][MARK] [21点][deal][三次元的🐮和🐴之家o(小调皮不似的三嵩鼠官方（已黑化，小学生）)] 叫牌
[21:01:38.576][MARK] [21点][deal] 叫牌 处理完成 1ms
[21:01:45.117][MARK] [21点][deal][三次元的🐮和🐴之家o(小调皮不似的三嵩鼠官方（已黑化，小学生）)] 叫牌
[21:01:45.118][MARK] [21点][deal] 叫牌 处理完成 1ms
[21:01:49.886][MARK] [21点][deal][三次元的🐮和🐴之家o(小调皮不似的三嵩鼠官方（已黑化，小学生）)] 叫牌
[21:01:49.887][MARK] [21点][deal] 叫牌 处理完成 1ms
[21:01:56.984][MARK] [21点][deal][三次元的🐮和🐴之家o(小ju)] 叫牌
[21:01:56.985][MARK] [21点][deal] 叫牌 处理完成 1ms
[21:01:58.976][MARK] [21点][deal][三次元的🐮和🐴之家o(小调皮不似的三嵩鼠官方（已黑化，小学生）)] 叫牌
[21:01:58.977][MARK] [21点][deal] 叫牌 处理完成 1ms
[21:02:08.157][MARK] [21点][deal][三次元的🐮和🐴之家o(小ju)] 叫牌
[21:02:08.158][MARK] [21点][deal] 叫牌 处理完成 1ms
[21:02:42.498][MARK] [21点][startBlackjack][三次元的🐮和🐴之家o(小调皮不似的三嵩鼠官方（已黑化，小学生）)] #21点
[21:02:42.499][MARK] [21点][startBlackjack] #21点 处理完成 0ms
[21:02:48.379][MARK] [21点][deal][三次元的🐮和🐴之家o(退群的紫砂了的平平无奇的纯爱战神)] 叫牌
[21:02:48.381][MARK] [21点][deal] 叫牌 处理完成 1ms
[21:02:50.002][MARK] [21点][deal][三次元的🐮和🐴之家o(小ju)] 叫牌
[21:02:50.003][MARK] [21点][deal] 叫牌 处理完成 1ms
[21:02:53.360][MARK] [21点][deal][三次元的🐮和🐴之家o(退群的紫砂了的平平无奇的纯爱战神)] 叫牌
[21:02:53.361][MARK] [21点][deal] 叫牌 处理完成 1ms
[21:02:55.116][MARK] [21点][deal][三次元的🐮和🐴之家o(小ju)] 叫牌
[21:02:55.117][MARK] [21点][deal] 叫牌 处理完成 1ms
[21:02:57.513][MARK] [21点][deal][三次元的🐮和🐴之家o(退群的紫砂了的平平无奇的纯爱战神)] 叫牌
[21:02:57.515][MARK] [21点][deal] 叫牌 处理完成 1ms
[21:02:59.950][MARK] [21点][deal][三次元的🐮和🐴之家o(小ju)] 叫牌
[21:02:59.950][MARK] [21点][deal] 叫牌 处理完成 0ms
[21:03:02.435][MARK] [21点][stop][三次元的🐮和🐴之家o(退群的紫砂了的平平无奇的纯爱战神)] 停牌
[21:03:02.436][MARK] [21点][stop] 停牌 处理完成 1ms
[21:03:08.790][MARK] [21点][deal][三次元的🐮和🐴之家o(小调皮不似的三嵩鼠官方（已黑化，小学生）)] 叫牌
[21:03:08.791][MARK] [21点][deal] 叫牌 处理完成 1ms
[21:03:11.528][MARK] [21点][deal][三次元的🐮和🐴之家o(小调皮不似的三嵩鼠官方（已黑化，小学生）)] 叫牌
[21:03:11.530][MARK] [21点][deal] 叫牌 处理完成 1ms
[21:03:13.770][MARK] [21点][deal][三次元的🐮和🐴之家o(小调皮不似的三嵩鼠官方（已黑化，小学生）)] 叫牌
[21:03:13.771][MARK] [21点][deal] 叫牌 处理完成 1ms
[21:03:17.013][MARK] [21点][deal][三次元的🐮和🐴之家o(小调皮不似的三嵩鼠官方（已黑化，小学生）)] 叫牌
[21:03:17.014][MARK] [21点][deal] 叫牌 处理完成 0ms
[21:03:28.414][MARK] [神秘指令][woc][三次元的🐮和🐴之家o(退群的紫砂了的平平无奇的纯爱战神)] woc
[21:03:39.932][ERRO] 发送消息错误:{"type":"xml","data":"<?xml version=\"1.0\" encoding=\"utf-8\"?>\n<msg brief=\"[聊天记录]\" m_fileName=\"E712C1F2-E9E9-AEB7-1F5F-D08228DA6AEE\" action=\"viewMultiMsg\" tSum=\"3\" flag=\"3\" m_resid=\"8TvhYxNgN3hakg8H6VBVy/5tocWJgc+JCzO1Nlkchhu4n/F/hyNSsQwtAdwI7TjQ\" serviceID=\"35\" m_fileSize=\"475\...
[21:03:39.932][ERRO] ApiRejection { code: -70, message: '群消息发送失败，可能被风控' }
[21:03:39.935][MARK] [神秘指令][woc] woc 处理完成 11520ms
[21:03:44.103][MARK] [21点][stop][三次元的🐮和🐴之家o(小调皮不似的三嵩鼠官方（已黑化，小学生）)] 停牌
[21:03:44.106][MARK] [21点][stop] 停牌 处理完成 2ms
[21:04:49.487][MARK] [21点][startBlackjack][三次元的🐮和🐴之家o(小调皮不似的三嵩鼠官方（已黑化，小学生）)] #21点
[21:04:49.488][MARK] [21点][startBlackjack] #21点 处理完成 1ms
[21:05:54.061][MARK] [21点][deal][三次元的🐮和🐴之家o(小ju)] 叫牌
[21:05:54.063][MARK] [21点][deal] 叫牌 处理完成 1ms
[21:05:59.781][MARK] [21点][deal][三次元的🐮和🐴之家o(小ju)] 叫牌
[21:05:59.782][MARK] [21点][deal] 叫牌 处理完成 0ms
[21:07:47.038][MARK] [21点][stop][三次元的🐮和🐴之家o(小ju)] 停牌
[21:07:47.039][MARK] [21点][stop] 停牌 处理完成 1ms
[21:07:51.949][MARK] [21点][deal][三次元的🐮和🐴之家o(小调皮不似的三嵩鼠官方（已黑化，小学生）)] 叫牌
[21:07:51.950][MARK] [21点][deal] 叫牌 处理完成 1ms
[21:07:56.899][MARK] [21点][deal][三次元的🐮和🐴之家o(小调皮不似的三嵩鼠官方（已黑化，小学生）)] 叫牌
[21:07:56.901][MARK] [21点][deal] 叫牌 处理完成 1ms
[21:08:02.818][MARK] [21点][stop][三次元的🐮和🐴之家o(小调皮不似的三嵩鼠官方（已黑化，小学生）)] 停牌
[21:08:02.819][MARK] [21点][stop] 停牌 处理完成 1ms
[21:08:32.999][MARK] [发送表情][三次元的🐮和🐴之家o(小ju)] 😭
[21:09:24.588][MARK] [21点][startBlackjack][三次元的🐮和🐴之家o(小调皮不似的三嵩鼠官方（已黑化，小学生）)] #21点
[21:09:24.590][MARK] [21点][startBlackjack] #21点 处理完成 1ms
[21:31:53.027][MARK] [21点][deal][三次元的🐮和🐴之家o(埃成果也埃果的地球上投)] 叫牌
[21:31:53.028][MARK] [21点][deal] 叫牌 处理完成 0ms
[21:32:53.244][MARK] [21点][deal][三次元的🐮和🐴之家o(小调皮不似的三嵩鼠官方（已黑化，小学生）)] 叫牌
[21:32:53.244][MARK] [21点][deal] 叫牌 处理完成 0ms
[21:33:12.842][MARK] [21点][startBlackjack][三次元的🐮和🐴之家o(小调皮不似的三嵩鼠官方（已黑化，小学生）)] #21点
[21:33:12.843][MARK] [21点][startBlackjack] #21点 处理完成 1ms
[21:35:00.768][MARK] [米游社查询][uid：107192135][32m[使用已绑定ck：179571376][39m
[21:35:02.179][MARK] [图片生成][miao-plugin/character/artis-list][2次] 629.22kb [32m1263ms[39m
[21:35:04.436][MARK] [miao-plugin][dispatch] #圣遗物列表 处理完成 3673ms
[21:39:42.623][MARK] [群战][pk][三次元的🐮和🐴之家o(退群的紫砂了的平平无奇的纯爱战神)] 战
[21:39:44.422][MARK] [群战][pk] 战 处理完成 1798ms
[21:39:58.271][MARK] [群战][pk][三次元的🐮和🐴之家o(退群的紫砂了的平平无奇的纯爱战神)] 战
[21:40:00.183][MARK] [群战][pk] 战 处理完成 1909ms
[21:40:05.798][MARK] [发送表情][三次元的🐮和🐴之家o(退群的紫砂了的平平无奇的纯爱战神)] 😎
[21:40:30.576][MARK] [发送表情][三次元的🐮和🐴之家o(退群的紫砂了的平平无奇的纯爱战神)] 😎
[21:41:47.791][MARK] [添加表情][add][三次元的🐮和🐴之家o(小调皮不似的三嵩鼠官方（已黑化，小学生）)] #添加1
[21:41:47.793][MARK] [添加表情][add] #添加1 处理完成 1ms
[21:42:12.927][MARK] [添加表情][add][三次元的🐮和🐴之家o(小调皮不似的三嵩鼠官方（已黑化，小学生）)] #添加5
[21:42:13.333][MARK] [添加表情][add] #添加5 处理完成 405ms
[21:42:26.004][MARK] [发送表情][三次元的🐮和🐴之家o(小调皮不似的三嵩鼠官方（已黑化，小学生）)] 1
[21:42:34.438][MARK] [发送表情][三次元的🐮和🐴之家o(小调皮不似的三嵩鼠官方（已黑化，小学生）)] 5
[21:42:48.929][MARK] [添加表情][add][三次元的🐮和🐴之家o(退群的紫砂了的平平无奇的纯爱战神)] #添加1！5！
[21:42:49.329][MARK] [添加表情][add] #添加1！5！ 处理完成 400ms
[21:43:10.157][MARK] [添加表情][add][三次元的🐮和🐴之家o(退群的紫砂了的平平无奇的纯爱战神)] #添加L!T!C!
[21:43:10.555][MARK] [添加表情][add] #添加L!T!C! 处理完成 398ms
[23:01:25.021][MARK] [发送表情][三次元的🐮和🐴之家o(小ju)] L!T!C!
[23:01:32.191][MARK] [发送表情][三次元的🐮和🐴之家o(退群的紫砂了的平平无奇的纯爱战神)] 1！5！
[23:14:33.940][ERRO] Chromium实例关闭或崩溃！
[23:14:33.942][ERRO] Chromium实例关闭或崩溃！
