[22:48:34.595][MARK] Yunzai-Bot 启动中...
[22:48:34.598][MARK] 连接redis....
[22:48:34.617][MARK] 连接redis成功
[22:48:35.007][MARK] 请使用登录当前QQ的手机[32m扫码[39m完成登录，如果显示二维码过期，可以按[32m回车键（Enter）[39m刷新，重新输入密码请执行命令：[32mnpm run login[39m
[22:48:46.834][MARK] ----^_^----
[22:48:46.836][MARK] [32mYunzai-Bot 上线成功 版本v3.0.0[39m
[22:48:46.837][MARK] [32mhttps://github.com/Le-niao/Yunzai-Bot[39m
[22:48:48.627][MARK] 发送好友消息[Mr.Goddess](215381250)
[22:49:04.359][MARK] 加载用户UID：2个，加入查询池
[22:49:04.361][MARK] 加载公共ck：0个
[22:49:04.442][MARK] [喵喵:角色面板][profileDetail][祝至冬女皇永远快乐((紫砂了的效忠冰之女皇的磊神爱七七)] #更新面板
[22:49:04.444][MARK] [喵喵:角色面板][profileRefresh][祝至冬女皇永远快乐((紫砂了的效忠冰之女皇的磊神爱七七)] #更新面板
[22:49:05.771][MARK] [喵喵:角色面板][profileRefresh] #更新面板 处理完成 1326ms
[22:49:19.434][MARK] [更新][updateAll][祝至冬女皇永远快乐((紫砂了的效忠冰之女皇的磊神爱七七)] #全部更新
[22:49:21.559][MARK] [更新][updateAll] 开始更新：Yunzai-Bot
[22:49:26.047][MARK] [更新][updateAll] 最后更新时间：01-17 10:13
[22:49:27.652][MARK] [更新][updateAll] 开始更新：miao-plugin
[22:49:32.264][MARK] [更新][updateAll] 最后更新时间：01-18 02:40
[22:49:33.854][MARK] [更新][updateAll] 开始更新：xianxin-plugin
[22:49:35.239][MARK] [更新][updateAll] 更新失败：xianxin-plugin
[22:49:35.241][MARK] [更新][updateAll] #全部更新 处理完成 13683ms
[22:49:37.665][MARK] [更新][updateAll] 开始执行重启，请稍等...
[22:49:42.997][MARK] Yunzai-Bot 启动中...
[22:49:43.001][MARK] 连接redis....
[22:49:43.019][MARK] 连接redis成功
[22:49:43.351][MARK] 请使用登录当前QQ的手机扫码完成登录，如果显示二维码过期，可以按回车键（Enter）刷新，重新输入密码请执行命令：npm run login
[22:50:01.605][MARK] Yunzai-Bot 启动中...
[22:50:01.608][MARK] 连接redis....
[22:50:01.628][MARK] 连接redis成功
[22:50:01.992][MARK] 请使用登录当前QQ的手机[32m扫码[39m完成登录，如果显示二维码过期，可以按[32m回车键（Enter）[39m刷新，重新输入密码请执行命令：[32mnpm run login[39m
[22:50:13.850][MARK] ----^_^----
[22:50:13.851][MARK] [32mYunzai-Bot 上线成功 版本v3.0.0[39m
[22:50:13.854][MARK] [32mhttps://github.com/Le-niao/Yunzai-Bot[39m
[22:50:20.637][MARK] [喵喵:角色面板][profileDetail][祝至冬女皇永远快乐((紫砂了的效忠冰之女皇的磊神爱七七)] #更新面板
[22:50:20.639][MARK] [喵喵:角色面板][profileRefresh][祝至冬女皇永远快乐((紫砂了的效忠冰之女皇的磊神爱七七)] #更新面板
[22:50:20.645][MARK] [喵喵:角色面板][profileRefresh] #更新面板 处理完成 5ms
[22:55:56.302][MARK] Yunzai-Bot 启动中...
[22:55:56.311][MARK] 连接redis....
[22:55:56.410][MARK] 连接redis成功
[22:55:57.491][MARK] 请使用登录当前QQ的手机扫码完成登录，如果显示二维码过期，可以按回车键（Enter）刷新，重新输入密码请执行命令：npm run login
[22:56:08.848][MARK] [喵喵:角色面板][profileDetail][祝至冬女皇永远快乐((紫砂了的效忠冰之女皇的磊神爱七七)] #更新面板
[22:56:08.853][MARK] [喵喵:角色面板][profileRefresh][祝至冬女皇永远快乐((紫砂了的效忠冰之女皇的磊神爱七七)] #更新面板
[22:57:16.436][MARK] [喵喵:角色面板][profileDetail][祝至冬女皇永远快乐((紫砂了的效忠冰之女皇的磊神爱七七)] #更新面板
[22:57:16.436][MARK] [喵喵:角色面板][profileRefresh][祝至冬女皇永远快乐((紫砂了的效忠冰之女皇的磊神爱七七)] #更新面板
[22:57:20.924][MARK] [喵喵:角色面板][profileRefresh] #更新面板 处理完成 4487ms
[22:58:49.551][MARK] Yunzai-Bot 启动中...
[22:59:59.567][MARK] Yunzai-Bot 启动中...
[23:01:08.525][MARK] Yunzai-Bot 启动中...
[23:02:19.644][MARK] Yunzai-Bot 启动中...
[23:03:31.819][MARK] Yunzai-Bot 启动中...
[23:04:40.585][MARK] Yunzai-Bot 启动中...
