[16:50:53.790][MARK] Yunzai-Bot 启动中...
[16:50:53.792][MARK] 连接redis....
[16:50:53.807][MARK] 连接redis成功
[16:50:54.129][MARK] 请使用登录当前QQ的手机[32m扫码[39m完成登录，如果显示二维码过期，可以按[32m回车键（Enter）[39m刷新，重新输入密码请执行命令：[32mnpm run login[39m
[16:51:09.807][MARK] ----^_^----
[16:51:09.808][MARK] [32mYunzai-Bot 上线成功 版本v3.0.0[39m
[16:51:09.811][MARK] [32mhttps://github.com/Le-niao/Yunzai-Bot[39m
[16:51:10.007][ERRO] 载入插件错误：[31menka[39m
[16:51:10.008][ERRO] Error [ERR_MODULE_NOT_FOUND]: Cannot find package 'enka-network-api' imported from E:\yunzai\Yunzai-Bot\plugins\genshin\model\enkaNetwork.js
    at new NodeError (node:internal/errors:372:5)
    at packageResolve (node:internal/modules/esm/resolve:954:9)
    at moduleResolve (node:internal/modules/esm/resolve:1003:20)
    at defaultResolve (node:internal/modules/esm/resolve:1218:11)
    at ESMLoader.resolve (node:internal/modules/esm/loader:580:30)
    at ESMLoader.getModuleJob (node:internal/modules/esm/loader:294:18)
    at ModuleWrap.<anonymous> (node:internal/modules/esm/module_job:80:40)
    at link (node:internal/modules/esm/module_job:78:36) {
  code: 'ERR_MODULE_NOT_FOUND'
}
[16:51:11.569][MARK] 发送好友消息[Mr.Goddess](215381250)
[16:51:17.496][MARK] [体力查询][note][操作系统必拿下🖐️(牛马)] 体力
[16:51:17.510][MARK] [米游社查询][uid：107192135][32m[使用已绑定ck：179571376][39m
[16:51:17.822][MARK] [米游社接口][dailyNote][107192135] 309ms
[16:51:18.021][MARK] puppeteer Chromium 启动中。。
[16:51:19.502][MARK] puppeteer Chromium 启动成功
[16:51:19.817][MARK] [图片生成][dailyNote][1次] 41.11kb [32m297ms[39m
[16:51:21.040][MARK] [体力查询][note] 体力 处理完成 3542ms
[16:52:00.508][MARK] [给我点颜色看看][startSeecolor][操作系统必拿下🖐️(牛马)] #给我点颜色看看
[16:52:00.591][MARK] [图片生成][seecolor][2次] 11.49kb [32m79ms[39m
[16:52:00.592][MARK] [给我点颜色看看][startSeecolor] #给我点颜色看看 处理完成 83ms
[16:52:10.532][MARK] [给我点颜色看看][click][操作系统必拿下🖐️(牛马)] 块1
[16:52:10.608][MARK] [图片生成][seecolor][3次] 19.15kb [32m72ms[39m
[16:52:11.217][MARK] [给我点颜色看看][click] 块1 处理完成 683ms
[16:52:16.539][MARK] [给我点颜色看看][click][操作系统必拿下🖐️(牛马)] 块9
[16:52:16.625][MARK] [图片生成][seecolor][4次] 22.56kb [32m83ms[39m
[16:52:17.230][MARK] [给我点颜色看看][click] 块9 处理完成 689ms
[16:52:22.007][MARK] [给我点颜色看看][click][操作系统必拿下🖐️(牛马)] 块15
[16:52:22.096][MARK] [图片生成][seecolor][5次] 35.26kb [32m84ms[39m
[16:52:22.705][MARK] [给我点颜色看看][click] 块15 处理完成 696ms
[16:52:39.225][MARK] [喵喵:喵喵帮助][help][操作系统必拿下🖐️(牛马)] #帮助
[16:52:39.227][MARK] [云崽帮助][help][操作系统必拿下🖐️(牛马)] #帮助
[16:52:39.445][MARK] [图片生成][help][6次] 183.19kb [32m205ms[39m
[16:52:40.259][MARK] [云崽帮助][help] #帮助 处理完成 1024ms
[16:52:45.776][MARK] [喵喵:喵喵帮助][help][操作系统必拿下🖐️(牛马)] #喵喵帮助
[16:52:45.788][MARK] puppeteer Chromium 启动中。。
[16:52:46.430][MARK] puppeteer Chromium 启动成功
[16:52:47.683][MARK] [图片生成][miao-plugin/help/index][1次] 301.96kb [32m1242ms[39m
[16:52:48.769][MARK] [喵喵:喵喵帮助][help] #喵喵帮助 处理完成 2987ms
[16:53:03.077][MARK] [闲心插件帮助][help][操作系统必拿下🖐️(牛马)] #闲心帮助
[16:53:03.517][MARK] [图片生成][help][7次] 521.82kb [32m422ms[39m
[16:53:05.908][MARK] [闲心插件帮助][help] #闲心帮助 处理完成 2819ms
[16:53:12.566][MARK] [喵喵:深渊统计][abyssTeam][操作系统必拿下🖐️(牛马)] #深渊配队
[16:53:12.591][MARK] [喵喵:深渊统计][abyssTeam] #深渊配队 处理完成 11ms
[16:53:23.015][MARK] [用户绑定][bingUid][操作系统必拿下🖐️(牛马)] #绑定107192135
[16:53:23.392][MARK] [用户绑定][bingUid] #绑定107192135 处理完成 376ms
[16:53:27.772][MARK] [喵喵:角色面板][profileDetail][操作系统必拿下🖐️(牛马)] #更新面板
[16:53:27.777][MARK] [喵喵:角色面板][profileRefresh][操作系统必拿下🖐️(牛马)] #更新面板
[16:53:27.784][MARK] [米游社查询][uid：107192135][32m[使用已绑定ck：179571376][39m
[16:53:29.263][MARK] [喵喵:角色面板][profileRefresh] #更新面板 处理完成 1480ms
[16:53:48.074][MARK] [喵喵:角色面板][profileDetail][操作系统必拿下🖐️(牛马)] #面板
[16:53:48.076][MARK] [喵喵:角色面板][profileList][操作系统必拿下🖐️(牛马)] #面板
[16:53:49.382][MARK] [图片生成][miao-plugin/character/profile-list][2次] 419.85kb [32m1187ms[39m
[16:53:51.216][MARK] [喵喵:角色面板][profileList] #面板 处理完成 3137ms
[17:25:05.228][MARK] [体力查询][note][操作系统必拿下🖐️(牛马)] 体力
[17:25:05.232][MARK] [米游社查询][uid：107192135][32m[使用已绑定ck：179571376][39m
[17:25:05.596][MARK] [米游社接口][dailyNote][107192135] 361ms
[17:25:05.698][MARK] [图片生成][dailyNote][8次] 41.04kb [32m96ms[39m
[17:25:07.245][MARK] [体力查询][note] 体力 处理完成 2016ms
[17:30:06.303][MARK] [喵喵:喵喵帮助][help][操作系统必拿下🖐️(牛马)] #帮助
[17:30:06.304][MARK] [云崽帮助][help][操作系统必拿下🖐️(牛马)] #帮助
[17:30:07.314][MARK] [云崽帮助][help] #帮助 处理完成 1009ms
[17:31:14.494][MARK] [发送表情][操作系统必拿下🖐️(牛马)] {bface:欢呼}
[17:33:11.752][MARK] [发送表情][操作系统必拿下🖐️(牛马)] 数据结构
[17:33:18.051][MARK] [发送表情][操作系统必拿下🖐️(牛马)] 1！5！
[17:33:35.019][MARK] [发送表情][操作系统必拿下🖐️(牛马)] LTC!
[17:33:44.399][MARK] [发送表情][操作系统必拿下🖐️(牛马)] {bface:开心}
[17:33:49.998][MARK] [发送表情][操作系统必拿下🖐️(牛马)] {bface:开心}
[17:34:04.694][MARK] [添加表情][add][操作系统必拿下🖐️(牛马)] #添加？
[17:34:05.071][MARK] [添加表情][add] #添加？ 处理完成 377ms
[17:34:16.250][MARK] [发送表情][操作系统必拿下🖐️(牛马)] ？
[17:35:12.515][MARK] [神秘指令][woc][操作系统必拿下🖐️(牛马)] woc
[17:35:18.118][MARK] [神秘指令][woc] woc 处理完成 5601ms
[17:35:50.847][MARK] [发送表情][操作系统必拿下🖐️(钟新立不欠我12块钱)] ？
[17:36:14.341][MARK] [发送表情][操作系统必拿下🖐️(牛马)] ？
[19:18:15.169][MARK] [体力查询][note][操作系统必拿下🖐️(牛马)] 体力
[19:18:15.177][MARK] [米游社查询][uid：107192135][32m[使用已绑定ck：179571376][39m
[19:18:15.569][MARK] [米游社接口][dailyNote][107192135] 390ms
[19:18:15.708][MARK] [图片生成][dailyNote][9次] 41.12kb [32m133ms[39m
[19:18:16.833][MARK] [体力查询][note] 体力 处理完成 1659ms
[20:51:59.611][MARK] [发送表情][操作系统必拿下🖐️(呼~)] ？
[20:52:28.009][MARK] [发送表情][操作系统必拿下🖐️(钟新立不欠我12块钱)] {bface:欢呼}
[20:52:35.920][MARK] [发送表情][操作系统必拿下🖐️(钟新立不欠我12块钱)] {bface:欢呼}
[20:52:44.479][MARK] [发送表情][操作系统必拿下🖐️(钟新立不欠我12块钱)] {bface:开心}
[21:04:57.989][MARK] [发送表情][操作系统必拿下🖐️(钟新立不欠我12块钱)] ？
